=== email enrichment from websites start ===
Contacts missing email: 82
  ~  Coastal Property Management Group             | info@coastalproperty.com  (best-guess — needs review)
  ~  HOA Advocates Management                      | info@hoaadvocatesfl.com  (best-guess — needs review)
  ✓  Elite General Contracting                     | info@elitecontractorsfl.com  (scraped)
  ~  Atlantic Water & Mold Solutions               | info@atlanticwaterfl.com  (best-guess — needs review)
  ✓  KLR Roofing Corp.                             | michael@klrroofing.com  (scraped)
  ~  Prestige Realty Management                    | info@prestigerealty.com  (best-guess — needs review)
  ~  Quantum Roofing Solutions                     | info@quantumroofing.com  (best-guess — needs review)
  ~  All Phase Construction USA                    | info@allphaseusa.com  (best-guess — needs review)
  ~  Storm Shield Roofing                          | info@stormshieldfl.com  (best-guess — needs review)
  ~  HOA Advocates Management                      | info@hoaadvocatesfl.com  (best-guess — needs review)
  ✓  KLR Roofing Corp.                             | michael@klrroofing.com  (scraped)
  ~  Quantum Roofing Solutions                     | info@quantumroofing.com  (best-guess — needs review)
  ~  All Phase Construction USA                    | info@allphaseusa.com  (best-guess — needs review)
  ~  Prestige Realty Management                    | info@prestigerealty.com  (best-guess — needs review)
  ✓  Elite General Contracting                     | info@elitecontractorsfl.com  (scraped)
  ~  Coastal Property Management Group             | info@coastalproperty.com  (best-guess — needs review)
  ~  Atlantic Water & Mold Solutions               | info@atlanticwaterfl.com  (best-guess — needs review)
  ~  Storm Shield Roofing                          | info@stormshieldfl.com  (best-guess — needs review)
  ~  EDS Air Conditioning & Plumbing               | info@www.edsairconditioning.com  (best-guess — needs review)
  ✓  Plumbtastic Plumbing                          | info@plumbtasticplumbing.com  (scraped)
  —  Palm Beach Plumbing & Rooter                  | no website on file
  —  Next Era Plumbing                             | no website on file
  ~  North County Plumbing, Inc.                   | info@northcountyplumbing.org  (best-guess — needs review)
  ~  Top Notch Property Watch                      | info@topnotchpropertywatch.com  (best-guess — needs review)
  ~  GRS Community Management                      | info@www.grsmgt.com  (best-guess — needs review)
  ✓  Palm Beach Estate Management                  | info@pbestatemgmt.com  (scraped)
  ~  Craft Realty                                  | info@craftrealtyhomes.com  (best-guess — needs review)
  ✓  Island Construction & Design                  | admin@islandconstruction1.com  (scraped)
  ~  House Call Construction - Remodeling Custom Kitchens and Baths | info@www.housecallllc.com  (best-guess — needs review)
  ~  TXB Roofing                                   | info@txbroof.com  (best-guess — needs review)
=== email enrichment from websites start ===
Contacts missing email: 64
  ~  Castle Group                                  | info@www.castlegroup.com  (best-guess — needs review)
  ~  HOA Advocates Management                      | info@hoaadvocatesfl.com  (best-guess — needs review)
  ✓  KLR Roofing Corp.                             | michael@klrroofing.com  (scraped)
  ~  Quantum Roofing Solutions                     | info@quantumroofing.com  (best-guess — needs review)
  ~  All Phase Construction USA                    | info@allphaseusa.com  (best-guess — needs review)
  ~  Prestige Realty Management                    | info@prestigerealty.com  (best-guess — needs review)
  ✓  Elite General Contracting                     | info@elitecontractorsfl.com  (scraped)
  ~  All Insurance Restoration                     | info@airs911.com  (best-guess — needs review)
  ✓  Coastal Roofing of South Florida              | office@coastalroofingofsouthflorida.com  (scraped)
  ✓  Neal Roofing & Waterproofing                  | info@nealrfg.com  (scraped)
  ~  Coastal Property Management Group             | info@coastalproperty.com  (best-guess — needs review)
  ~  Altec Roofing                                 | info@www.altecroofing.com  (best-guess — needs review)
  ~  Atlantic Water & Mold Solutions               | info@atlanticwaterfl.com  (best-guess — needs review)
  ~  Storm Shield Roofing                          | info@stormshieldfl.com  (best-guess — needs review)
  —  Palm Beach Plumbing & Rooter                  | no website on file
  ~  Complete Roofing Solutions Inc.               | info@www.my-roofer.com  (best-guess — needs review)
  —  Next Era Plumbing                             | no website on file
  ✓  Elite Roofing Inc                             | info@eliteroofs.com  (scraped)
  ✓  Ace Pro Roofing                               | info@aceproroof.com  (scraped)
  ~  TXB Roofing                                   | info@txbroof.com  (best-guess — needs review)
  ~  Castle Group                                  | info@www.castlegroup.com  (best-guess — needs review)
  ~  Evans Roofing of the Palm Beaches             | info@www.evansroof.com  (best-guess — needs review)
  ~  Rainbow Roofing LLC                           | info@www.rainbowroofingexperts.com  (best-guess — needs review)
  —  Roofer West Palm Beach                        | no website on file
  ~  South Florida Roofing                         | info@www.southfloridaroofingfl.com  (best-guess — needs review)
  ~  CLS Roofing                                   | info@clsroofingllc.com  (best-guess — needs review)
  ✓  Superior Roofing of Florida, Inc.             | info@superiorrooffl.com  (scraped)
  ✓  Nik's Roofing LLC                             | besnik@niksroofing.com  (scraped)
  ~  All Insurance Restoration                     | info@airs911.com  (best-guess — needs review)
  ✓  Coastal Roofing of South Florida              | office@coastalroofingofsouthflorida.com  (scraped)
  ~  Premier Roofer West Palm Beach                | info@premierrooferwestpalmbeach.com  (best-guess — needs review)
  ✓  Neal Roofing & Waterproofing                  | info@nealrfg.com  (scraped)
  ✓  Florida Coast Contracting & Roofing           | info@floridacoastcontracting.com  (scraped)
  ~  Top Roofer West Palm Beach                    | info@toprooferwestpalmbeach.com  (best-guess — needs review)
  ~  Altec Roofing                                 | info@www.altecroofing.com  (best-guess — needs review)
  ~  Complete Roofing Solutions Inc.               | info@www.my-roofer.com  (best-guess — needs review)
  ~  Leon Roofing Contractor                       | info@leonroofingpro.com  (best-guess — needs review)
  ✓  Elite Roofing Inc                             | info@eliteroofs.com  (scraped)
  ✓  Ace Pro Roofing                               | info@aceproroof.com  (scraped)
  ✓  A1 Pro Roofing, LLC                           | info@a1proroofing.com  (scraped)
  ✓  Roofing Systems Of Florida, INC               | office@myroofsystem.com  (scraped)
  ✓  SuperClean Restoration Of The Palm Beaches LLC | info@supercleanrestorationpb.com  (scraped)
  ~  Evans Roofing of the Palm Beaches             | info@www.evansroof.com  (best-guess — needs review)
  ~  Thunder Restoration                           | info@www.thunder-restoration.com  (best-guess — needs review)
  ~  Rainbow Roofing LLC                           | info@www.rainbowroofingexperts.com  (best-guess — needs review)
  —  Roofer West Palm Beach                        | no website on file
  ~  Paul Davis Restoration of Palm Beach County   | info@palm-beach-county-north.pauldavis.com  (best-guess — needs review)
  ~  South Florida Roofing                         | info@www.southfloridaroofingfl.com  (best-guess — needs review)
  ✓  Titan Restoration Construction                | titanhelps@titanrebuild.com  (scraped)
  ~  CLS Roofing                                   | info@clsroofingllc.com  (best-guess — needs review)
  ✓  Superior Roofing of Florida, Inc.             | info@superiorrooffl.com  (scraped)
  ~  Coastal Restoration Specialists               | info@homerestorationflorida.com  (best-guess — needs review)
  ~  Rescue Clean 911 Water Damage, Mold Remediation, Air Duct Cleaning in West Palm Beach | info@rescueclean911.com  (best-guess — needs review)
  ✓  Nik's Roofing LLC                             | besnik@niksroofing.com  (scraped)
  ~  Premier Roofer West Palm Beach                | info@premierrooferwestpalmbeach.com  (best-guess — needs review)
  ~  Ewing & Ewing Air Conditioning                | info@www.ewingair.com  (best-guess — needs review)
  ✓  Florida Coast Contracting & Roofing           | info@floridacoastcontracting.com  (scraped)
  ~  Top Roofer West Palm Beach                    | info@toprooferwestpalmbeach.com  (best-guess — needs review)
  ~  Hopkins Air Conditioning                      | info@hopkinsair.com  (best-guess — needs review)
  ~  Leon Roofing Contractor                       | info@leonroofingpro.com  (best-guess — needs review)
  ✓  A1 Pro Roofing, LLC                           | info@a1proroofing.com  (scraped)
  ~  First Degree Air Conditioning, Inc.           | info@firstdegreeairconditioning.com  (best-guess — needs review)
  ✓  Roofing Systems Of Florida, INC               | office@myroofsystem.com  (scraped)
  ~  Sansone Air Conditioning, Plumbing, & Electrical | info@sansone-ac.com  (best-guess — needs review)
  ✓  SuperClean Restoration Of The Palm Beaches LLC | info@supercleanrestorationpb.com  (scraped)
  ~  Thunder Restoration                           | info@www.thunder-restoration.com  (best-guess — needs review)
  ~  Shoreline Air Conditioning                    | info@shorelineac.com  (best-guess — needs review)
  ~  Paul Davis Restoration of Palm Beach County   | info@palm-beach-county-north.pauldavis.com  (best-guess — needs review)
  ✓  Hilling Air Conditioning Inc                  | info@hillingairconditioning.com  (scraped)
  ✓  Swift Air Conditioning                        | info@swiftacfl.com  (scraped)
  ✓  Titan Restoration Construction                | titanhelps@titanrebuild.com  (scraped)
  ~  A.R. Williams Air Conditioning                | info@arwilliamsac.com  (best-guess — needs review)
  ~  Coastal Restoration Specialists               | info@homerestorationflorida.com  (best-guess — needs review)
  ✓  Gulfstream Cooling                            | followup@gulfstreamcooling.com  (scraped)
  ~  Rescue Clean 911 Water Damage, Mold Remediation, Air Duct Cleaning in West Palm Beach | info@rescueclean911.com  (best-guess — needs review)
  ~  Ewing & Ewing Air Conditioning                | info@www.ewingair.com  (best-guess — needs review)
  ~  Hopkins Air Conditioning                      | info@hopkinsair.com  (best-guess — needs review)
  ~  Kyzar Air Conditioning                        | info@kyzarairconditioning.com  (best-guess — needs review)
  ✓  Pro-Tech Corp                                 | edweiner@protechair.com  (scraped)
=== email enrichment from websites start ===
Contacts missing email: 28
  ~  First Degree Air Conditioning, Inc.           | info@firstdegreeairconditioning.com  (best-guess — needs review)
  ~  HOA Advocates Management                      | info@hoaadvocatesfl.com  (best-guess — needs review)
  ✓  KLR Roofing Corp.                             | michael@klrroofing.com  (scraped)
  ~  Sansone Air Conditioning, Plumbing, & Electrical | info@sansone-ac.com  (best-guess — needs review)
  ~  Airworx Air Conditioning & Refrigeration, Inc. | info@www.airworxacr.com  (best-guess — needs review)
  ~  Quantum Roofing Solutions                     | info@quantumroofing.com  (best-guess — needs review)
  ~  Preferred Air Conditioning & Mechanical, LLC  | info@getcold.com  (best-guess — needs review)
  ~  Shoreline Air Conditioning                    | info@shorelineac.com  (best-guess — needs review)
  ✓  CountrySide Loxahatchee HVAC Repair           | info@loxahatcheecountrysidehvac.com  (scraped)
  ~  All Phase Construction USA                    | info@allphaseusa.com  (best-guess — needs review)
  ✓  Hilling Air Conditioning Inc                  | info@hillingairconditioning.com  (scraped)
  ✓  Swift Air Conditioning                        | info@swiftacfl.com  (scraped)
  ~  Prestige Realty Management                    | info@prestigerealty.com  (best-guess — needs review)
  ~  A.R. Williams Air Conditioning                | info@arwilliamsac.com  (best-guess — needs review)
  ✓  Elite General Contracting                     | info@elitecontractorsfl.com  (scraped)
  ✓  Gulfstream Cooling                            | followup@gulfstreamcooling.com  (scraped)
  ~  HVAC and Plumbing West Palm Beach | Premier Comfort Services, Inc. | info@www.premiercomfortac.com  (best-guess — needs review)
  ~  Kyzar Air Conditioning                        | info@kyzarairconditioning.com  (best-guess — needs review)
  ~  A & H Services, Inc.                          | info@coolairspecialists.com  (best-guess — needs review)
  ✓  Pro-Tech Corp                                 | edweiner@protechair.com  (scraped)
  ~  Lindstrom Air Conditioning & Plumbing         | info@www.lindstromair.com  (best-guess — needs review)
  ~  Airworx Air Conditioning & Refrigeration, Inc. | info@www.airworxacr.com  (best-guess — needs review)
  ~  Preferred Air Conditioning & Mechanical, LLC  | info@getcold.com  (best-guess — needs review)
  ~  Cee Dee Air Conditioning, Inc                 | info@www.ceedeeac.com  (best-guess — needs review)
  ✓  CountrySide Loxahatchee HVAC Repair           | info@loxahatcheecountrysidehvac.com  (scraped)
  ~  Copperhead Plumbing LLC                       | info@copperhead-plumbing.com  (best-guess — needs review)
  ~  Coastal Property Management Group             | info@coastalproperty.com  (best-guess — needs review)
  ~  Atlantic Water & Mold Solutions               | info@atlanticwaterfl.com  (best-guess — needs review)
  ~  HVAC and Plumbing West Palm Beach | Premier Comfort Services, Inc. | info@www.premiercomfortac.com  (best-guess — needs review)
  ~  Fernandez Plumbing LLC                        | info@www.fernandezplumbingfl.com  (best-guess — needs review)
  ✓  Flamingo Plumbing & Backflow                  | info@flamingoplumbing.com  (scraped)
  ~  Storm Shield Roofing                          | info@stormshieldfl.com  (best-guess — needs review)
  —  Palm Beach Plumbing & Rooter                  | no website on file
  —  Next Era Plumbing                             | no website on file
  —  Roofer West Palm Beach                        | no website on file
  ~  A & H Services, Inc.                          | info@coolairspecialists.com  (best-guess — needs review)
  ~  Lindstrom Air Conditioning & Plumbing         | info@www.lindstromair.com  (best-guess — needs review)
  ~  Cee Dee Air Conditioning, Inc                 | info@www.ceedeeac.com  (best-guess — needs review)
  ~  Kyzar Air Conditioning                        | info@kyzarairconditioning.com  (best-guess — needs review)
  ✓  Pro-Tech Corp                                 | edweiner@protechair.com  (scraped)
  ~  Copperhead Plumbing LLC                       | info@copperhead-plumbing.com  (best-guess — needs review)
  ~  Fernandez Plumbing LLC                        | info@www.fernandezplumbingfl.com  (best-guess — needs review)
  ✓  Flamingo Plumbing & Backflow                  | info@flamingoplumbing.com  (scraped)
  ~  Airworx Air Conditioning & Refrigeration, Inc. | info@www.airworxacr.com  (best-guess — needs review)
  ~  Preferred Air Conditioning & Mechanical, LLC  | info@getcold.com  (best-guess — needs review)
  ✓  CountrySide Loxahatchee HVAC Repair           | info@loxahatcheecountrysidehvac.com  (scraped)
  ~  HVAC and Plumbing West Palm Beach | Premier Comfort Services, Inc. | info@www.premiercomfortac.com  (best-guess — needs review)
  ~  A & H Services, Inc.                          | info@coolairspecialists.com  (best-guess — needs review)
  ~  Mike The Plumber Inc                          | info@miketheplumberinc.com  (best-guess — needs review)
  ~  Lindstrom Air Conditioning & Plumbing         | info@www.lindstromair.com  (best-guess — needs review)
  ~  All Star Plumbing & Air                       | info@www.247allstar.com  (best-guess — needs review)
  ~  Cee Dee Air Conditioning, Inc                 | info@www.ceedeeac.com  (best-guess — needs review)
  ~  Copperhead Plumbing LLC                       | info@copperhead-plumbing.com  (best-guess — needs review)
  ~  Buckeye Plumbing Inc                          | info@www.buckeyeplmg.com  (best-guess — needs review)
  ~  Fernandez Plumbing LLC                        | info@www.fernandezplumbingfl.com  (best-guess — needs review)
  ~  Leading Plumbing Services LLC                 | info@www.leadingplumbingservices.com  (best-guess — needs review)

=== Done ===
  Scraped real email : 24
  Best-guess (review): 55  — these have hs_lead_status=OPEN in HubSpot
  No website / error : 3
  ✓  Flamingo Plumbing & Backflow                  | info@flamingoplumbing.com  (scraped)
  ~  Mike The Plumber Inc                          | info@miketheplumberinc.com  (best-guess — needs review)
  ~  All Star Plumbing & Air                       | info@www.247allstar.com  (best-guess — needs review)
  ~  Buckeye Plumbing Inc                          | info@www.buckeyeplmg.com  (best-guess — needs review)
  ~  Leading Plumbing Services LLC                 | info@www.leadingplumbingservices.com  (best-guess — needs review)

=== Done ===
  Scraped real email : 19
  Best-guess (review): 42  — these have hs_lead_status=OPEN in HubSpot
  No website / error : 3
  ~  Mike The Plumber Inc                          | info@miketheplumberinc.com  (best-guess — needs review)
  ~  All Star Plumbing & Air                       | info@www.247allstar.com  (best-guess — needs review)
  ~  Buckeye Plumbing Inc                          | info@www.buckeyeplmg.com  (best-guess — needs review)
  ~  Leading Plumbing Services LLC                 | info@www.leadingplumbingservices.com  (best-guess — needs review)

=== Done ===
  Scraped real email : 5
  Best-guess (review): 20  — these have hs_lead_status=OPEN in HubSpot
  No website / error : 3
=== email enrichment from websites start ===
Contacts missing email: 12
  ~  HOA Advocates Management                      | info@hoaadvocatesfl.com  (best-guess — needs review)
  ✓  KLR Roofing Corp.                             | michael@klrroofing.com  (scraped)
  ~  Quantum Roofing Solutions                     | info@quantumroofing.com  (best-guess — needs review)
  ~  All Phase Construction USA                    | info@allphaseusa.com  (best-guess — needs review)
  ~  Prestige Realty Management                    | info@prestigerealty.com  (best-guess — needs review)
  ✓  Elite General Contracting                     | info@elitecontractorsfl.com  (scraped)
  ~  Coastal Property Management Group             | info@coastalproperty.com  (best-guess — needs review)
  ~  Atlantic Water & Mold Solutions               | info@atlanticwaterfl.com  (best-guess — needs review)
  ~  Storm Shield Roofing                          | info@stormshieldfl.com  (best-guess — needs review)
  —  Palm Beach Plumbing & Rooter                  | no website on file
  —  Next Era Plumbing                             | no website on file
  —  Roofer West Palm Beach                        | no website on file

=== Done ===
  Scraped real email : 2
  Best-guess (review): 7  — these have hs_lead_status=OPEN in HubSpot
  No website / error : 3
=== email enrichment from websites start ===
Contacts missing email: 12
  ~  HOA Advocates Management                      | info@hoaadvocatesfl.com  (best-guess — needs review)
  ~  KLR Roofing Corp.                             | info@klrroofing.com  (best-guess — needs review)
  ~  Quantum Roofing Solutions                     | info@quantumroofing.com  (best-guess — needs review)
  ~  All Phase Construction USA                    | info@allphaseusa.com  (best-guess — needs review)
  ~  Prestige Realty Management                    | info@prestigerealty.com  (best-guess — needs review)
  ✓  Elite General Contracting                     | info@elitecontractorsfl.com  (scraped)
  ~  Coastal Property Management Group             | info@coastalproperty.com  (best-guess — needs review)
  ~  Atlantic Water & Mold Solutions               | info@atlanticwaterfl.com  (best-guess — needs review)
  ~  Storm Shield Roofing                          | info@stormshieldfl.com  (best-guess — needs review)
  —  Palm Beach Plumbing & Rooter                  | no website on file
  —  Next Era Plumbing                             | no website on file
  —  Roofer West Palm Beach                        | no website on file

=== Done ===
  Scraped real email : 1
  Best-guess (review): 8  — these have hs_lead_status=OPEN in HubSpot
  No website / error : 3
[2026-05-11 19:00] === enrich_before_upload start ===
[2026-05-11 19:01]   ✓ OPEN → HubSpot: Mayfair Property Management of Palm Beach County | info@mayfairpropertymanagement.com 
[2026-05-11 19:01]   ✓ OPEN → HubSpot: My Area Realty West Palm Beach Property Management | info@www.floridaspropertymanagement.com 
[2026-05-11 19:01]   ✓ OPEN → HubSpot: Keyrenter Property Management South Florida | info@www.keyrentersouthflorida.com 
[2026-05-11 19:01]   ✓ OPEN → HubSpot: HG Property Management | info@hgpropertymanagement.net 
[2026-05-11 19:01]   ✓ OPEN → HubSpot: Home Property Management | info@www.homepropertymanagement.com 
[2026-05-11 19:01]   ✓ OPEN → HubSpot: Mangrove Property Management & Sales | info@www.mangrovepm.com 
[2026-05-11 19:02]   ✓ OPEN → HubSpot: Real Property Management Sunstate | info@www.rpmsunstate.com 
[2026-05-11 19:02]   ✓ OPEN → HubSpot: Davenport Professional Property Management | info@www.davenportpro.net 
[2026-05-11 19:02]   ✓ OPEN → HubSpot: Atlis Property Management | info@www.atlispm.com 
[2026-05-11 19:02]   ✓ OPEN → HubSpot: MH Management Solutions Corp | info@www.mhmanage.com 
[2026-05-11 19:03]   ✓ OPEN → HubSpot: TPG Property Management | info@tpgpropertymanagement.com 
[2026-05-11 19:03]   ✓ OPEN → HubSpot: Campbell Property Management - Lake Worth | info@www.campbellpropertymanagement.com 
[2026-05-11 19:03]   ✓ OPEN → HubSpot: Associated Property Management of the Palm Beaches Inc. | info@www.apm247.net 
[2026-05-11 19:03]   ✓ OPEN → HubSpot: Palm Beach County Property Management | info@palmbeachcountypropertymanagement.com 
[2026-05-11 19:03]   ✓ NEW  → HubSpot: Palm Beach Property Management | service@pbpmflorida.com 
[2026-05-11 19:03]   SKIP (already in HubSpot): Kanga Property Management
[2026-05-11 19:03]   ✓ OPEN → HubSpot: Orchid Property Management | info@www.orchidpm.com 
[2026-05-11 19:03]   ✓ OPEN → HubSpot: Home Sales and Property Management | info@www.homepropertymanagement.com 
[2026-05-11 19:04]   ✓ OPEN → HubSpot: Florida Property Management Services LLC | info@www.properties.rent 
[2026-05-11 19:04]   ✓ OPEN → HubSpot: All County Elite Property Management | info@www.allcountyelite.com 
[2026-05-11 19:04]   ✓ OPEN → HubSpot: Donohue Real Estate | info@www.donohuerealestate.com 
[2026-05-11 19:04]   ✓ OPEN → HubSpot: Palm Beach International Realty | info@www.pbirealty.com 
[2026-05-11 19:04]   ✓ OPEN → HubSpot: Cheerful Agents Real Estate LLC. | info@cheerfulagents.com 
[2026-05-11 19:04]   ✓ OPEN → HubSpot: Wilder Real Estate Group | info@wilderrealestategroup.com 
[2026-05-11 19:04]   ✓ OPEN → HubSpot: Chaimae Yaagoubi, PA | Real Estate Agency | Palm Beach Florida | info@chaimaerealty.com 
[2026-05-11 19:04]   ✓ OPEN → HubSpot: NCCS CONSTRUCTION LLC | info@nccsconstruction.com 
[2026-05-11 19:05]   ✓ OPEN → HubSpot: Kimsto Construction LLC | info@www.kimstoconstruction.com 
[2026-05-11 19:05]   ✓ OPEN → HubSpot: Matos Contracting Inc | info@matoscontractinginc.com 
[2026-05-11 19:05]   SKIP (already in HubSpot): Island Construction & Design
[2026-05-11 19:05]   ✓ OPEN → HubSpot: Palm Beach Residential Remodeling | info@www.pbremodel.com 
[2026-05-11 19:05]   ✓ OPEN → HubSpot: Oak Construction LLC | info@www.oakremodelings.com 
[2026-05-11 19:05]   ✓ NEW  → HubSpot: SERAC Construction INC | info@seracconstruction.com 
[2026-05-11 19:05]   SKIP (already in HubSpot): House Call Construction - Remodeling Custom Kitchens and Baths
[2026-05-11 19:05]   ✓ OPEN → HubSpot: ELITE CONTRACTORS PRO-General Construction & Remodeling Company-Home Improvement Company | info@www.elitecontractorspro.com 
[2026-05-11 19:05]   ✓ NEW  → HubSpot: Circle Homes ⭕️ | info@circlehomespb.com 
[2026-05-11 19:06]   ✓ OPEN → HubSpot: Atlantic View Builders & Remodeling | info@atlanticviewbuilders.com 
[2026-05-11 19:06]   ✓ NEW  → HubSpot: Steve Cury Construction | steve@stevecuryconstruction.com 
[2026-05-11 19:06]   ✓ OPEN → HubSpot: RENOVA - Renovation & Remodeling General Contractors | info@www.letrenova.com 
[2026-05-11 19:06]   ✓ OPEN → HubSpot: West Palm Contracting | info@www.westpalmcontracting.com 
[2026-05-11 19:06]   ✓ OPEN → HubSpot: Belmonte Building Company | info@belmontebuildingcompany.com 
[2026-05-11 19:06]   ✓ OPEN → HubSpot: West Palm Beach Water Damage | info@restoflex.co 
[2026-05-11 19:06]   ✓ NEW  → HubSpot: The Phoenix Restoration Water Damage, Mold Remediation, Emergency Water Repair In Lake Worth | info@thephoenixrestoration.com 
[2026-05-11 19:07]   ✓ OPEN → HubSpot: Rescue Clean 911 Water Damage, Mold Remediation, Air Duct Cleaning in Wellington | info@www.rescueclean911.com 
[2026-05-11 19:07]   RECYCLE (attempt 1): Rapid Water Damage Restoration Wellington FL — no email found
[2026-05-11 19:07]   ✓ OPEN → HubSpot: Water Cleanup of Florida | info@www.wcufl.com 
[2026-05-11 19:07]   ✓ OPEN → HubSpot: ADU Water Fire Mold Storm | info@www.alldryus.com 
[2026-05-11 19:07]   ✓ OPEN → HubSpot: Orchid City Restoration | info@orchidcityrestoration.com 
[2026-05-11 19:07]   RECYCLE (attempt 1): Shield Water Damage Restoration West Palm Beach FL — no email found
[2026-05-11 19:07]   ✓ OPEN → HubSpot: Damage Services- Mold Remediation & Smoke Cleanup | info@www.damageservices.com 
[2026-05-11 19:07]   ✓ OPEN → HubSpot: Mold and Water Florida | info@www.moldandwaterflorida.com 
[2026-05-11 19:07]   RECYCLE (attempt 1): Roofing Company Boca Raton — no email found
[2026-05-11 19:07]   ✓ NEW  → HubSpot: Whale Roofing & Construction | info@whaleroofing.com 
[2026-05-11 19:07]   ✓ OPEN → HubSpot: Blues Brothers Roofing | info@www.bluesbrothersroofing.com 
[2026-05-11 19:08]   ✓ OPEN → HubSpot: Aastro Roofing Company | info@aastroroofing.com 
[2026-05-11 19:08]   ✓ OPEN → HubSpot: Build Masters | Roof Masters | info@www.roofmasters.us 
[2026-05-11 19:08]   ✓ OPEN → HubSpot: Forte Roofing | info@www.forteroofingfl.com 
[2026-05-11 19:08]   ✓ OPEN → HubSpot: Greene’s Professional Roofing Services Boca Raton | info@greenesprs.com 
[2026-05-11 19:08]   ✓ OPEN → HubSpot: Statewide Roofing Partners LLC | info@choosestatewide.com 
[2026-05-11 19:08]   ✓ OPEN → HubSpot: CLS Roofing Contractor of Boca Raton | info@clsroofingllc.com 
[2026-05-11 19:09]   ✓ OPEN → HubSpot: Caldwell Roofing | info@caldwellroofing.com 
[2026-05-11 19:09]   ✓ OPEN → HubSpot: DBS Roofing | info@www.dbsroofingcontractors.com 
[2026-05-11 19:09]   ✓ NEW  → HubSpot: Proper Roofing Boca Raton | appointment@properoofing.com 
[2026-05-11 19:09]   ✓ OPEN → HubSpot: Matthews Roofing LLC | info@www.matthewsroofs.com 
[2026-05-11 19:09]   RECYCLE (attempt 1): ROOFING RECOVERY OF FLORIDA INC — no email found
[2026-05-11 19:09]   ✓ NEW  → HubSpot: Security Roofing Systems, Inc. | sales@securityroofing.com 
[2026-05-11 19:09]   ✓ OPEN → HubSpot: Metal Roofing Contractors | info@www.metalroofingcontractorsfl.com 
[2026-05-11 19:09]   ✓ OPEN → HubSpot: SK Quality Roofing | info@www.skqualityroofing.com 
[2026-05-11 19:09]   ✓ OPEN → HubSpot: Builders of America | info@www.buildersofamerica.org 
[2026-05-11 19:10]   ✓ OPEN → HubSpot: Elite Seal Roofing Inc | info@elitesealroofing.com 
[2026-05-11 19:10]   ✓ NEW  → HubSpot: Maze Roofing Boca Raton | info@maze-roofing.com 
[2026-05-11 19:10]   ✓ OPEN → HubSpot: All Roofers Wellington | info@allroofingllcfl.com 
[2026-05-11 19:10]   ✓ OPEN → HubSpot: Roof Repairs Wellington by ApexRoof | info@wellington.apexroof.pro 
[2026-05-11 19:11]   ✓ OPEN → HubSpot: Native Roofing | info@www.nativeroofing.com 
[2026-05-11 19:11]   ✓ OPEN → HubSpot: Rogan Roofing | info@www.roganroofing.com 
[2026-05-11 19:11]   ✓ OPEN → HubSpot: Mendieta Roofing West Palm | info@mendietaroofingcorp.com 
[2026-05-11 19:11] === Done ===
[2026-05-11 19:11]   Uploaded to HubSpot : 68
[2026-05-11 19:11]   Recycled (retry tmrw): 4
[2026-05-11 19:11]   Skipped (duplicates) : 3
[2026-05-11 19:11]   Flagged manual lookup: 0
