[2026-05-06 17:52] === Draft upload start (DRY RUN) ===
[2026-05-06 17:52] Found 11 drafts to upload
[2026-05-06 17:52]   Processing: Michael Thompson @ Atlantic Water & Mold Solutions
[2026-05-06 17:52]     [DRY RUN] Would upload: Collaboration Opportunity — Michael Thompson at Atlantic Water & Mold Solutions
[2026-05-06 17:52]   Processing: Michael Fitzpatrick @ KLR Roofing Corp.
[2026-05-06 17:52]     [DRY RUN] Would upload: Early-Season Roof Claims — What We're Seeing in Palm Beach
[2026-05-06 17:52]   Processing: Robert Martinez @ Storm Shield Roofing
[2026-05-06 17:52]     [DRY RUN] Would upload: Collaboration Opportunity — Robert Martinez at Storm Shield Roofing
[2026-05-06 17:52]   Processing: Jennifer Walsh @ SafeHaven Property Consulting
[2026-05-06 17:52]     [DRY RUN] Would upload: Insurance Claim Support for SafeHaven Property Consulting and Your Clients
[2026-05-06 17:52]   Processing: James Rivera @ Follow-Up Outreach: All Phase Construction USA
[2026-05-06 17:52]     [DRY RUN] Would upload: Rate Relief Creating Roofing Quote Surge — Partnership Opportunity
[2026-05-06 17:52]   Processing: Lisa Feldman @ Follow-Up Outreach: Coastal Property Management Group
[2026-05-06 17:52]     [DRY RUN] Would upload: Early Claim Awareness = Referral Advantage for Your Properties
[2026-05-06 17:52]   Processing: Carlos Espinoza @ Follow-Up Outreach: Elite General Contracting
[2026-05-06 17:52]     [DRY RUN] Would upload: Claims-Driven Repair Pipeline — Multi-Trade Advantage
[2026-05-06 17:52]   Processing: Anthony Rodriguez @ Follow-Up Outreach: Florida Insurance Partners LLC
[2026-05-06 17:52]     [DRY RUN] Would upload: Underpaid Claims Coordination — Co-Counseling Opportunity
[2026-05-06 17:52]   Processing: David Gutierrez @ Follow-Up Outreach: Prestige Realty Management
[2026-05-06 17:52]     [DRY RUN] Would upload: Wealth Migration + Premium Property Positioning = Claim Opportunity
[2026-05-06 17:52]   Processing: Sarah Chen @ Follow-Up Outreach: Quantum Roofing Solutions
[2026-05-06 17:52]     [DRY RUN] Would upload: New FBC Rules + Rate Relief = Premium Roofing Opportunity Window
[2026-05-06 17:52]   Processing: Patricia Alvarez @ Follow-Up Outreach: HOA Advocates Management
[2026-05-06 17:52]     [DRY RUN] Would upload: Early Claim Awareness Through Resident Hotline — Partnership Value
[2026-05-06 17:52] === Done — 11/11 uploaded ===
[2026-05-06 17:52] === Draft upload start (DRY RUN) ===
[2026-05-06 17:52] Found 11 drafts to upload
[2026-05-06 17:52]   Processing: Michael Thompson @ Atlantic Water & Mold Solutions
[2026-05-06 17:52]     [DRY RUN] Would upload: Collaboration Opportunity — Michael Thompson at Atlantic Water & Mold Solutions
[2026-05-06 17:52]   Processing: Michael Fitzpatrick @ KLR Roofing Corp.
[2026-05-06 17:52]     [DRY RUN] Would upload: Early-Season Roof Claims — What We're Seeing in Palm Beach
[2026-05-06 17:52]   Processing: Robert Martinez @ Storm Shield Roofing
[2026-05-06 17:52]     [DRY RUN] Would upload: Collaboration Opportunity — Robert Martinez at Storm Shield Roofing
[2026-05-06 17:52]   Processing: Jennifer Walsh @ SafeHaven Property Consulting
[2026-05-06 17:52]     [DRY RUN] Would upload: Insurance Claim Support for SafeHaven Property Consulting and Your Clients
[2026-05-06 17:52]   Processing: James Rivera @ All Phase Construction USA
[2026-05-06 17:52]     [DRY RUN] Would upload: Rate Relief Creating Roofing Quote Surge — Partnership Opportunity
[2026-05-06 17:52]   Processing: Lisa Feldman @ Coastal Property Management Group
[2026-05-06 17:52]     [DRY RUN] Would upload: Early Claim Awareness = Referral Advantage for Your Properties
[2026-05-06 17:52]   Processing: Carlos Espinoza @ Elite General Contracting
[2026-05-06 17:52]     [DRY RUN] Would upload: Claims-Driven Repair Pipeline — Multi-Trade Advantage
[2026-05-06 17:52]   Processing: Anthony Rodriguez @ Florida Insurance Partners LLC
[2026-05-06 17:52]     [DRY RUN] Would upload: Underpaid Claims Coordination — Co-Counseling Opportunity
[2026-05-06 17:52]   Processing: David Gutierrez @ Prestige Realty Management
[2026-05-06 17:52]     [DRY RUN] Would upload: Wealth Migration + Premium Property Positioning = Claim Opportunity
[2026-05-06 17:52]   Processing: Sarah Chen @ Quantum Roofing Solutions
[2026-05-06 17:52]     [DRY RUN] Would upload: New FBC Rules + Rate Relief = Premium Roofing Opportunity Window
[2026-05-06 17:52]   Processing: Patricia Alvarez @ HOA Advocates Management
[2026-05-06 17:52]     [DRY RUN] Would upload: Early Claim Awareness Through Resident Hotline — Partnership Value
[2026-05-06 17:52] === Done — 11/11 uploaded ===
[2026-05-06 17:54] === Draft upload start (LIVE) ===
[2026-05-06 17:54] Found 11 drafts to upload
[2026-05-06 17:54]   Processing: Michael Thompson @ Atlantic Water & Mold Solutions
[2026-05-06 17:54]     Found contact: 479601273566
[2026-05-06 17:54]     Found company: 321237699302
[2026-05-06 17:54]     ✓ Note created
[2026-05-06 17:54]     ✓ Task created: Review & Send
[2026-05-06 17:54]   Processing: Michael Fitzpatrick @ KLR Roofing Corp.
[2026-05-06 17:54]     Found contact: 479587897070
[2026-05-06 17:54]     Found company: 321132722903
[2026-05-06 17:54]     ✓ Note created
[2026-05-06 17:54]     ✓ Task created: Review & Send
[2026-05-06 17:54]   Processing: Robert Martinez @ Storm Shield Roofing
[2026-05-06 17:54]     Found contact: 479624308459
[2026-05-06 17:54]     Found company: 321160047319
[2026-05-06 17:54]     ✓ Note created
[2026-05-06 17:54]     ✓ Task created: Review & Send
[2026-05-06 17:54]   Processing: Jennifer Walsh @ SafeHaven Property Consulting
[2026-05-06 17:54]     Found contact: 479603793644
[2026-05-06 17:54]     Found company: 321241282296
[2026-05-06 17:54]     ✓ Note created
[2026-05-06 17:54]     ✓ Task created: Review & Send
[2026-05-06 17:54]   Processing: James Rivera @ All Phase Construction USA
[2026-05-06 17:54]     Found contact: 479602591469
[2026-05-06 17:54]     Found company: 321237699305
[2026-05-06 17:54]     ✓ Note created
[2026-05-06 17:54]     ✓ Task created: Review & Send
[2026-05-06 17:54]   Processing: Lisa Feldman @ Coastal Property Management Group
[2026-05-06 17:54]     Found contact: 479553937118
[2026-05-06 17:54]     Found company: 321138130650
[2026-05-06 17:54]     ✓ Note created
[2026-05-06 17:54]     ✓ Task created: Review & Send
[2026-05-06 17:54]   Processing: Carlos Espinoza @ Elite General Contracting
[2026-05-06 17:54]     Found contact: 479600884420
[2026-05-06 17:54]     Found company: 321195074234
[2026-05-06 17:54]     ✓ Note created
[2026-05-06 17:54]     ✓ Task created: Review & Send
[2026-05-06 17:54]   Processing: Anthony Rodriguez @ Florida Insurance Partners LLC
[2026-05-06 17:54]     Found contact: 479587657457
[2026-05-06 17:54]     Found company: 321132722904
[2026-05-06 17:54]     ✓ Note created
[2026-05-06 17:54]     ✓ Task created: Review & Send
[2026-05-06 17:54]   Processing: David Gutierrez @ Prestige Realty Management
[2026-05-06 17:54]     Found contact: 479601995471
[2026-05-06 17:54]     Found company: 321186361051
[2026-05-06 17:54]     ✓ Note created
[2026-05-06 17:54]     ✓ Task created: Review & Send
[2026-05-06 17:54]   Processing: Sarah Chen @ Quantum Roofing Solutions
[2026-05-06 17:54]     Found contact: 479602591468
[2026-05-06 17:54]     Found company: 321163657916
[2026-05-06 17:54]     ✓ Note created
[2026-05-06 17:54]     ✓ Task created: Review & Send
[2026-05-06 17:54]   Processing: Patricia Alvarez @ HOA Advocates Management
[2026-05-06 17:54]     Found contact: 479600738030
[2026-05-06 17:54]     Found company: 321179438796
[2026-05-06 17:54]     ✓ Note created
[2026-05-06 17:54]     ✓ Task created: Review & Send
[2026-05-06 17:54] === Done — 11/11 uploaded ===
[2026-05-06 18:14] === Draft upload start (DRY RUN) ===
[2026-05-06 18:14] Found 12 drafts to upload
[2026-05-06 18:14]   Processing: Michael Fitzpatrick @ KLR Roofing Corp.
[2026-05-06 18:14]     [DRY RUN] Would upload: Collaboration Opportunity — Michael at KLR Roofing
[2026-05-06 18:14]   Processing: Michael Thompson @ Atlantic Water & Mold Solutions
[2026-05-06 18:14]     [DRY RUN] Would upload: Collaboration Opportunity — Michael Thompson at Atlantic Water & Mold Solutions
[2026-05-06 18:14]   Processing: Michael Fitzpatrick @ KLR Roofing Corp.
[2026-05-06 18:14]     [DRY RUN] Would upload: Early-Season Roof Claims — What We're Seeing in Palm Beach
[2026-05-06 18:14]   Processing: Robert Martinez @ Storm Shield Roofing
[2026-05-06 18:14]     [DRY RUN] Would upload: Collaboration Opportunity — Robert Martinez at Storm Shield Roofing
[2026-05-06 18:14]   Processing: Jennifer Walsh @ SafeHaven Property Consulting
[2026-05-06 18:14]     [DRY RUN] Would upload: Insurance Claim Support for SafeHaven Property Consulting and Your Clients
[2026-05-06 18:14]   Processing: James Rivera @ All Phase Construction USA
[2026-05-06 18:14]     [DRY RUN] Would upload: Rate Relief Creating Roofing Quote Surge — Partnership Opportunity
[2026-05-06 18:14]   Processing: Lisa Feldman @ Coastal Property Management Group
[2026-05-06 18:14]     [DRY RUN] Would upload: Early Claim Awareness = Referral Advantage for Your Properties
[2026-05-06 18:14]   Processing: Carlos Espinoza @ Elite General Contracting
[2026-05-06 18:14]     [DRY RUN] Would upload: Claims-Driven Repair Pipeline — Multi-Trade Advantage
[2026-05-06 18:14]   Processing: Anthony Rodriguez @ Florida Insurance Partners LLC
[2026-05-06 18:14]     [DRY RUN] Would upload: Underpaid Claims Coordination — Co-Counseling Opportunity
[2026-05-06 18:14]   Processing: David Gutierrez @ Prestige Realty Management
[2026-05-06 18:14]     [DRY RUN] Would upload: Wealth Migration + Premium Property Positioning = Claim Opportunity
[2026-05-06 18:14]   Processing: Sarah Chen @ Quantum Roofing Solutions
[2026-05-06 18:14]     [DRY RUN] Would upload: New FBC Rules + Rate Relief = Premium Roofing Opportunity Window
[2026-05-06 18:14]   Processing: Patricia Alvarez @ HOA Advocates Management
[2026-05-06 18:14]     [DRY RUN] Would upload: Early Claim Awareness Through Resident Hotline — Partnership Value
[2026-05-06 18:14] === Done — 12/12 uploaded ===
[2026-05-06 18:15] === Draft upload start (DRY RUN) ===
[2026-05-06 18:15] Found 87 drafts to upload
[2026-05-06 18:15]   Processing:  @ A Plus Mold Remediation
[2026-05-06 18:15]     [DRY RUN] Would upload: Collaboration Opportunity — A Plus Mold Remediation Team
[2026-05-06 18:15]   Processing:  @ Buckeye Plumbing
[2026-05-06 18:15]     [DRY RUN] Would upload: Collaboration Opportunity — Buckeye Plumbing Team
[2026-05-06 18:15]   Processing:  @ Highland Contractors Inc.
[2026-05-06 18:15]     [DRY RUN] Would upload: Collaboration Opportunity — Highland Contractors Inc. Team
[2026-05-06 18:15]   Processing:  @ Home Property Management II Inc.
[2026-05-06 18:15]     [DRY RUN] Would upload: Insurance Claim Support for Home Property Management II Clients
[2026-05-06 18:15]   Processing:  @ Hopkins Air
[2026-05-06 18:15]     [DRY RUN] Would upload: Collaboration Opportunity — Hopkins Air Team
[2026-05-06 18:15]   Processing:  @ Jilsa Management
[2026-05-06 18:15]     [DRY RUN] Would upload: Insurance Claim Support for Jilsa Management Communities and Member Homeowners
[2026-05-06 18:15]   Processing: Michael Fitzpatrick @ KLR Roofing Corp.
[2026-05-06 18:15]     [DRY RUN] Would upload: Collaboration Opportunity — Michael Fitzpatrick at KLR Roofing Corp.
[2026-05-06 18:15]   Processing:  @ Parker Public Adjusters
[2026-05-06 18:15]     [DRY RUN] Would upload: B2B Connection — Parker Public Adjusters
[2026-05-06 18:15]   Processing:  @ Remediation 911
[2026-05-06 18:15]     [DRY RUN] Would upload: Collaboration Opportunity — Remediation 911 Team
[2026-05-06 18:15]   Processing:  @ Abraham AC
[2026-05-06 18:15]     [DRY RUN] Would upload: Partnership Opportunity —  at Abraham AC
[2026-05-06 18:15]   Processing:  @ Air Rightaway Inc.
[2026-05-06 18:15]     [DRY RUN] Would upload: Partnership Opportunity —  at Air Rightaway Inc.
[2026-05-06 18:15]   Processing:  @ Compass Roofing
[2026-05-06 18:15]     [DRY RUN] Would upload: Partnership Opportunity —  at Compass Roofing
[2026-05-06 18:15]   Processing:  @ broward-coral-condos-coral-condos
[2026-05-06 18:15]     [DRY RUN] Would upload: Insurance Claim Support for Coral Condos and Member Homeowners
[2026-05-06 18:15]   Processing:  @ broward-damelecia-damelecia-inc.
[2026-05-06 18:15]     [DRY RUN] Would upload: Insurance Claim Support for Damelecia Inc. and Your Clients
[2026-05-06 18:15]   Processing:  @ Discreet Restoration
[2026-05-06 18:15]     [DRY RUN] Would upload: Partnership Opportunity —  at Discreet Restoration
[2026-05-06 18:15]   Processing:  @ broward-grant-pm-grant-property-management
[2026-05-06 18:15]     [DRY RUN] Would upload: Insurance Claim Support for Grant Property Management and Member Homeowners
[2026-05-06 18:15]   Processing:  @ Integrity Roofing & Gutters
[2026-05-06 18:15]     [DRY RUN] Would upload: Partnership Opportunity —  at Integrity Roofing & Gutters
[2026-05-06 18:15]   Processing:  @ broward-jma-management-jma-community-management
[2026-05-06 18:15]     [DRY RUN] Would upload: Insurance Claim Support for JMA Community Management and Member Homeowners
[2026-05-06 18:15]   Processing:  @ broward-kanga-pm-kanga-property-management
[2026-05-06 18:15]     [DRY RUN] Would upload: Insurance Claim Support for Kanga Property Management and Your Clients
[2026-05-06 18:15]   Processing:  @ Magical Plumbing
[2026-05-06 18:15]     [DRY RUN] Would upload: Partnership Opportunity —  at Magical Plumbing
[2026-05-06 18:15]   Processing:  @ broward-mayfair-pm-mayfair-property-management
[2026-05-06 18:15]     [DRY RUN] Would upload: Insurance Claim Support for Mayfair Property Management and Your Clients
[2026-05-06 18:15]   Processing:  @ Paul Davis Restoration
[2026-05-06 18:15]     [DRY RUN] Would upload: Partnership Opportunity —  at Paul Davis Restoration
[2026-05-06 18:15]   Processing:  @ Pro Bowl Plumbing
[2026-05-06 18:15]     [DRY RUN] Would upload: Partnership Opportunity —  at Pro Bowl Plumbing
[2026-05-06 18:15]   Processing:  @ PSI Roofing
[2026-05-06 18:15]     [DRY RUN] Would upload: Partnership Opportunity —  at PSI Roofing
[2026-05-06 18:15]   Processing:  @ Pyke Mechanical
[2026-05-06 18:15]     [DRY RUN] Would upload: Partnership Opportunity —  at Pyke Mechanical
[2026-05-06 18:15]   Processing:  @ Titan Restoration Inc.
[2026-05-06 18:15]     [DRY RUN] Would upload: Partnership Opportunity —  at Titan Restoration Inc.
[2026-05-06 18:15]   Processing:  @ broward-trident-mgmt-trident-management
[2026-05-06 18:15]     [DRY RUN] Would upload: Insurance Claim Support for Trident Management and Member Homeowners
[2026-05-06 18:15]   Processing:  @ Code Red Roofers
[2026-05-06 18:15]     [DRY RUN] Would upload: Partnership Opportunity —  at Code Red Roofers
[2026-05-06 18:15]   Processing:  @ Diversified Roofing Solutions
[2026-05-06 18:15]     [DRY RUN] Would upload: Partnership Opportunity —  at Diversified Roofing Solutions
[2026-05-06 18:15]   Processing:  @ Martin County Roofing LLC
[2026-05-06 18:15]     [DRY RUN] Would upload: Partnership Opportunity —  at Martin County Roofing LLC
[2026-05-06 18:15]   Processing:  @ Three Guys Roofing Inc.
[2026-05-06 18:15]     [DRY RUN] Would upload: Partnership Opportunity —  at Three Guys Roofing Inc.
[2026-05-06 18:15]   Processing:  @ Walsh Roofing
[2026-05-06 18:15]     [DRY RUN] Would upload: Partnership Opportunity —  at Walsh Roofing
[2026-05-06 18:15]   Processing:  @ All Florida Plumbing Corporation
[2026-05-06 18:15]     [DRY RUN] Would upload: Partnership Opportunity —  at All Florida Plumbing Corporation
[2026-05-06 18:15]   Processing:  @ A. Palmer Roofing Inc.
[2026-05-06 18:15]     [DRY RUN] Would upload: Partnership Opportunity —  at A. Palmer Roofing Inc.
[2026-05-06 18:15]   Processing:  @ Bay Plumbing Company
[2026-05-06 18:15]     [DRY RUN] Would upload: Partnership Opportunity —  at Bay Plumbing Company
[2026-05-06 18:15]   Processing:  @ Dade Super Cool Air Conditioning
[2026-05-06 18:15]     [DRY RUN] Would upload: Partnership Opportunity —  at Dade Super Cool Air Conditioning
[2026-05-06 18:15]   Processing:  @ Douglas Orr Plumbing
[2026-05-06 18:15]     [DRY RUN] Would upload: Partnership Opportunity —  at Douglas Orr Plumbing
[2026-05-06 18:15]   Processing:  @ FDP Mold Remediation
[2026-05-06 18:15]     [DRY RUN] Would upload: Partnership Opportunity —  at FDP Mold Remediation
[2026-05-06 18:15]   Processing:  @ Flow-Tech Air Conditioning
[2026-05-06 18:15]     [DRY RUN] Would upload: Partnership Opportunity —  at Flow-Tech Air Conditioning
[2026-05-06 18:15]   Processing:  @ Freezing Mechanical
[2026-05-06 18:15]     [DRY RUN] Would upload: Partnership Opportunity —  at Freezing Mechanical
[2026-05-06 18:15]   Processing:  @ Miami Mold Specialist
[2026-05-06 18:15]     [DRY RUN] Would upload: Partnership Opportunity —  at Miami Mold Specialist
[2026-05-06 18:15]   Processing:  @ MIW Roofing
[2026-05-06 18:15]     [DRY RUN] Would upload: Partnership Opportunity —  at MIW Roofing
[2026-05-06 18:15]   Processing:  @ RHI Roofing
[2026-05-06 18:15]     [DRY RUN] Would upload: Partnership Opportunity —  at RHI Roofing
[2026-05-06 18:15]   Processing:  @ Titan Restoration Inc.
[2026-05-06 18:15]     [DRY RUN] Would upload: Partnership Opportunity —  at Titan Restoration Inc.
[2026-05-06 18:15]   Processing:  @ T&S Roofing Systems
[2026-05-06 18:15]     [DRY RUN] Would upload: Partnership Opportunity —  at T&S Roofing Systems
[2026-05-06 18:15]   Processing:  @ A Plus Mold Remediation
[2026-05-06 18:15]     [DRY RUN] Would upload: Partnership Opportunity —  at A Plus Mold Remediation
[2026-05-06 18:15]   Processing:  @ palmbeach-apm-associated-property-management
[2026-05-06 18:15]     [DRY RUN] Would upload: Insurance Claim Support for Associated Property Management and Member Homeowners
[2026-05-06 18:15]   Processing:  @ Benjamin Franklin Plumbing
[2026-05-06 18:15]     [DRY RUN] Would upload: Partnership Opportunity —  at Benjamin Franklin Plumbing
[2026-05-06 18:15]   Processing:  @ Bradley Heating & Air Conditioning Inc.
[2026-05-06 18:15]     [DRY RUN] Would upload: Partnership Opportunity —  at Bradley Heating & Air Conditioning Inc.
[2026-05-06 18:15]   Processing:  @ Buckeye Plumbing
[2026-05-06 18:15]     [DRY RUN] Would upload: Partnership Opportunity —  at Buckeye Plumbing
[2026-05-06 18:15]   Processing:  @ Thomasevich Construction Inc. (Build With TCI)
[2026-05-06 18:15]     [DRY RUN] Would upload: Partnership Opportunity —  at Thomasevich Construction Inc. (Build With TCI)
[2026-05-06 18:15]   Processing:  @ Copperhead Plumbing
[2026-05-06 18:15]     [DRY RUN] Would upload: Partnership Opportunity —  at Copperhead Plumbing
[2026-05-06 18:15]   Processing:  @ palmbeach-grant-pm-grant-property-management
[2026-05-06 18:15]     [DRY RUN] Would upload: Insurance Claim Support for Grant Property Management and Member Homeowners
[2026-05-06 18:15]   Processing:  @ Highland Contractors Inc.
[2026-05-06 18:15]     [DRY RUN] Would upload: Partnership Opportunity —  at Highland Contractors Inc.
[2026-05-06 18:15]   Processing:  @ palmbeach-home-pm2-home-property-management-ii-inc.
[2026-05-06 18:15]     [DRY RUN] Would upload: Insurance Claim Support for Home Property Management II Inc. and Your Clients
[2026-05-06 18:15]   Processing:  @ Hopkins Air
[2026-05-06 18:15]     [DRY RUN] Would upload: Partnership Opportunity —  at Hopkins Air
[2026-05-06 18:15]   Processing:  @ JD Roofing
[2026-05-06 18:15]     [DRY RUN] Would upload: Partnership Opportunity —  at JD Roofing
[2026-05-06 18:15]   Processing:  @ palmbeach-jilsa-management-jilsa-management
[2026-05-06 18:15]     [DRY RUN] Would upload: Insurance Claim Support for Jilsa Management and Member Homeowners
[2026-05-06 18:15]   Processing:  @ palmbeach-kanga-pm-kanga-property-management
[2026-05-06 18:15]     [DRY RUN] Would upload: Insurance Claim Support for Kanga Property Management and Your Clients
[2026-05-06 18:15]   Processing:  @ KLR Roofing Corp.
[2026-05-06 18:15]     [DRY RUN] Would upload: Partnership Opportunity — Michael Fitzpatrick at KLR Roofing Corp.
[2026-05-06 18:15]   Processing:  @ palmbeach-kw-pmc-kw-property-management
[2026-05-06 18:15]     [DRY RUN] Would upload: Insurance Claim Support for KW Property Management and Member Homeowners
[2026-05-06 18:15]   Processing:  @ Lowen Air Conditioning
[2026-05-06 18:15]     [DRY RUN] Would upload: Partnership Opportunity —  at Lowen Air Conditioning
[2026-05-06 18:15]   Processing:  @ Ocean Point Claims
[2026-05-06 18:15]     [DRY RUN] Would upload: B2B Connection —  at Ocean Point Claims
[2026-05-06 18:15]   Processing:  @ Parker Public Adjusters
[2026-05-06 18:15]     [DRY RUN] Would upload: B2B Connection —  at Parker Public Adjusters
[2026-05-06 18:15]   Processing:  @ Pure Maintenance Mold Remediation
[2026-05-06 18:15]     [DRY RUN] Would upload: Partnership Opportunity —  at Pure Maintenance Mold Remediation
[2026-05-06 18:15]   Processing:  @ Ranger Roofing
[2026-05-06 18:15]     [DRY RUN] Would upload: Partnership Opportunity —  at Ranger Roofing
[2026-05-06 18:15]   Processing:  @ Reliant Adjusters Group
[2026-05-06 18:15]     [DRY RUN] Would upload: B2B Connection —  at Reliant Adjusters Group
[2026-05-06 18:15]   Processing:  @ Remediation 911
[2026-05-06 18:15]     [DRY RUN] Would upload: Partnership Opportunity —  at Remediation 911
[2026-05-06 18:15]   Processing:  @ SeaBreeze Roofing
[2026-05-06 18:15]     [DRY RUN] Would upload: Partnership Opportunity —  at SeaBreeze Roofing
[2026-05-06 18:15]   Processing:  @ SERVPRO of West Palm Beach
[2026-05-06 18:15]     [DRY RUN] Would upload: Partnership Opportunity —  at SERVPRO of West Palm Beach
[2026-05-06 18:15]   Processing:  @ Stanley Restoration Services
[2026-05-06 18:15]     [DRY RUN] Would upload: Partnership Opportunity —  at Stanley Restoration Services
[2026-05-06 18:15]   Processing:  @ FIXD Roofing
[2026-05-06 18:15]     [DRY RUN] Would upload: Partnership Opportunity —  at FIXD Roofing
[2026-05-06 18:15]   Processing:  @ PSL Roofers
[2026-05-06 18:15]     [DRY RUN] Would upload: Partnership Opportunity —  at PSL Roofers
[2026-05-06 18:15]   Processing:  @ St Lucie Roofing
[2026-05-06 18:15]     [DRY RUN] Would upload: Partnership Opportunity —  at St Lucie Roofing
[2026-05-06 18:15]   Processing:  @ Tropical Roofing Systems Inc.
[2026-05-06 18:15]     [DRY RUN] Would upload: Partnership Opportunity —  at Tropical Roofing Systems Inc.
[2026-05-06 18:15]   Processing: Michael Fitzpatrick @ KLR Roofing Corp.
[2026-05-06 18:15]     [DRY RUN] Would upload: Collaboration Opportunity — Michael at KLR Roofing
[2026-05-06 18:15]   Processing: Michael Thompson @ Atlantic Water & Mold Solutions
[2026-05-06 18:15]     [DRY RUN] Would upload: Collaboration Opportunity — Michael Thompson at Atlantic Water & Mold Solutions
[2026-05-06 18:15]   Processing: Michael Fitzpatrick @ KLR Roofing Corp.
[2026-05-06 18:15]     [DRY RUN] Would upload: Early-Season Roof Claims — What We're Seeing in Palm Beach
[2026-05-06 18:15]   Processing: Robert Martinez @ Storm Shield Roofing
[2026-05-06 18:15]     [DRY RUN] Would upload: Collaboration Opportunity — Robert Martinez at Storm Shield Roofing
[2026-05-06 18:15]   Processing: Jennifer Walsh @ SafeHaven Property Consulting
[2026-05-06 18:15]     [DRY RUN] Would upload: Insurance Claim Support for SafeHaven Property Consulting and Your Clients
[2026-05-06 18:15]   Processing: James Rivera @ All Phase Construction USA
[2026-05-06 18:15]     [DRY RUN] Would upload: Rate Relief Creating Roofing Quote Surge — Partnership Opportunity
[2026-05-06 18:15]   Processing: Lisa Feldman @ Coastal Property Management Group
[2026-05-06 18:15]     [DRY RUN] Would upload: Early Claim Awareness = Referral Advantage for Your Properties
[2026-05-06 18:15]   Processing: Carlos Espinoza @ Elite General Contracting
[2026-05-06 18:15]     [DRY RUN] Would upload: Claims-Driven Repair Pipeline — Multi-Trade Advantage
[2026-05-06 18:15]   Processing: Anthony Rodriguez @ Florida Insurance Partners LLC
[2026-05-06 18:15]     [DRY RUN] Would upload: Underpaid Claims Coordination — Co-Counseling Opportunity
[2026-05-06 18:15]   Processing: David Gutierrez @ Prestige Realty Management
[2026-05-06 18:15]     [DRY RUN] Would upload: Wealth Migration + Premium Property Positioning = Claim Opportunity
[2026-05-06 18:15]   Processing: Sarah Chen @ Quantum Roofing Solutions
[2026-05-06 18:15]     [DRY RUN] Would upload: New FBC Rules + Rate Relief = Premium Roofing Opportunity Window
[2026-05-06 18:15]   Processing: Patricia Alvarez @ HOA Advocates Management
[2026-05-06 18:15]     [DRY RUN] Would upload: Early Claim Awareness Through Resident Hotline — Partnership Value
[2026-05-06 18:15] === Done — 87/87 uploaded ===
[2026-05-06 18:16] === Draft upload start (DRY RUN) ===
[2026-05-06 18:16] Found 87 drafts to upload
[2026-05-06 18:16]   Processing:  @ A Plus Mold Remediation
[2026-05-06 18:16]     [DRY RUN] Would upload: Collaboration Opportunity — A Plus Mold Remediation Team
[2026-05-06 18:16]   Processing:  @ Buckeye Plumbing
[2026-05-06 18:16]     [DRY RUN] Would upload: Collaboration Opportunity — Buckeye Plumbing Team
[2026-05-06 18:16]   Processing:  @ Highland Contractors Inc.
[2026-05-06 18:16]     [DRY RUN] Would upload: Collaboration Opportunity — Highland Contractors Inc. Team
[2026-05-06 18:16]   Processing:  @ Home Property Management II Inc.
[2026-05-06 18:16]     [DRY RUN] Would upload: Insurance Claim Support for Home Property Management II Clients
[2026-05-06 18:16]   Processing:  @ Hopkins Air
[2026-05-06 18:16]     [DRY RUN] Would upload: Collaboration Opportunity — Hopkins Air Team
[2026-05-06 18:16]   Processing:  @ Jilsa Management
[2026-05-06 18:16]     [DRY RUN] Would upload: Insurance Claim Support for Jilsa Management Communities and Member Homeowners
[2026-05-06 18:16]   Processing: Michael Fitzpatrick @ KLR Roofing Corp.
[2026-05-06 18:16]     [DRY RUN] Would upload: Collaboration Opportunity — Michael Fitzpatrick at KLR Roofing Corp.
[2026-05-06 18:16]   Processing:  @ Parker Public Adjusters
[2026-05-06 18:16]     [DRY RUN] Would upload: B2B Connection — Parker Public Adjusters
[2026-05-06 18:16]   Processing:  @ Remediation 911
[2026-05-06 18:16]     [DRY RUN] Would upload: Collaboration Opportunity — Remediation 911 Team
[2026-05-06 18:16]   Processing:  @ Abraham AC
[2026-05-06 18:16]     [DRY RUN] Would upload: Partnership Opportunity —  at Abraham AC
[2026-05-06 18:16]   Processing:  @ Air Rightaway Inc.
[2026-05-06 18:16]     [DRY RUN] Would upload: Partnership Opportunity —  at Air Rightaway Inc.
[2026-05-06 18:16]   Processing:  @ Compass Roofing
[2026-05-06 18:16]     [DRY RUN] Would upload: Partnership Opportunity —  at Compass Roofing
[2026-05-06 18:16]   Processing:  @ Coral Condos
[2026-05-06 18:16]     [DRY RUN] Would upload: Insurance Claim Support for Coral Condos and Member Homeowners
[2026-05-06 18:16]   Processing:  @ Damelecia Inc.
[2026-05-06 18:16]     [DRY RUN] Would upload: Insurance Claim Support for Damelecia Inc. and Your Clients
[2026-05-06 18:16]   Processing:  @ Discreet Restoration
[2026-05-06 18:16]     [DRY RUN] Would upload: Partnership Opportunity —  at Discreet Restoration
[2026-05-06 18:16]   Processing:  @ Grant Property Management
[2026-05-06 18:16]     [DRY RUN] Would upload: Insurance Claim Support for Grant Property Management and Member Homeowners
[2026-05-06 18:16]   Processing:  @ Integrity Roofing & Gutters
[2026-05-06 18:16]     [DRY RUN] Would upload: Partnership Opportunity —  at Integrity Roofing & Gutters
[2026-05-06 18:16]   Processing:  @ JMA Community Management
[2026-05-06 18:16]     [DRY RUN] Would upload: Insurance Claim Support for JMA Community Management and Member Homeowners
[2026-05-06 18:16]   Processing:  @ Kanga Property Management
[2026-05-06 18:16]     [DRY RUN] Would upload: Insurance Claim Support for Kanga Property Management and Your Clients
[2026-05-06 18:16]   Processing:  @ Magical Plumbing
[2026-05-06 18:16]     [DRY RUN] Would upload: Partnership Opportunity —  at Magical Plumbing
[2026-05-06 18:16]   Processing:  @ Mayfair Property Management
[2026-05-06 18:16]     [DRY RUN] Would upload: Insurance Claim Support for Mayfair Property Management and Your Clients
[2026-05-06 18:16]   Processing:  @ Paul Davis Restoration
[2026-05-06 18:16]     [DRY RUN] Would upload: Partnership Opportunity —  at Paul Davis Restoration
[2026-05-06 18:16]   Processing:  @ Pro Bowl Plumbing
[2026-05-06 18:16]     [DRY RUN] Would upload: Partnership Opportunity —  at Pro Bowl Plumbing
[2026-05-06 18:16]   Processing:  @ PSI Roofing
[2026-05-06 18:16]     [DRY RUN] Would upload: Partnership Opportunity —  at PSI Roofing
[2026-05-06 18:16]   Processing:  @ Pyke Mechanical
[2026-05-06 18:16]     [DRY RUN] Would upload: Partnership Opportunity —  at Pyke Mechanical
[2026-05-06 18:16]   Processing:  @ Titan Restoration Inc.
[2026-05-06 18:16]     [DRY RUN] Would upload: Partnership Opportunity —  at Titan Restoration Inc.
[2026-05-06 18:16]   Processing:  @ Trident Management
[2026-05-06 18:16]     [DRY RUN] Would upload: Insurance Claim Support for Trident Management and Member Homeowners
[2026-05-06 18:16]   Processing:  @ Code Red Roofers
[2026-05-06 18:16]     [DRY RUN] Would upload: Partnership Opportunity —  at Code Red Roofers
[2026-05-06 18:16]   Processing:  @ Diversified Roofing Solutions
[2026-05-06 18:16]     [DRY RUN] Would upload: Partnership Opportunity —  at Diversified Roofing Solutions
[2026-05-06 18:16]   Processing:  @ Martin County Roofing LLC
[2026-05-06 18:16]     [DRY RUN] Would upload: Partnership Opportunity —  at Martin County Roofing LLC
[2026-05-06 18:16]   Processing:  @ Three Guys Roofing Inc.
[2026-05-06 18:16]     [DRY RUN] Would upload: Partnership Opportunity —  at Three Guys Roofing Inc.
[2026-05-06 18:16]   Processing:  @ Walsh Roofing
[2026-05-06 18:16]     [DRY RUN] Would upload: Partnership Opportunity —  at Walsh Roofing
[2026-05-06 18:16]   Processing:  @ All Florida Plumbing Corporation
[2026-05-06 18:16]     [DRY RUN] Would upload: Partnership Opportunity —  at All Florida Plumbing Corporation
[2026-05-06 18:16]   Processing:  @ A. Palmer Roofing Inc.
[2026-05-06 18:16]     [DRY RUN] Would upload: Partnership Opportunity —  at A. Palmer Roofing Inc.
[2026-05-06 18:16]   Processing:  @ Bay Plumbing Company
[2026-05-06 18:16]     [DRY RUN] Would upload: Partnership Opportunity —  at Bay Plumbing Company
[2026-05-06 18:16]   Processing:  @ Dade Super Cool Air Conditioning
[2026-05-06 18:16]     [DRY RUN] Would upload: Partnership Opportunity —  at Dade Super Cool Air Conditioning
[2026-05-06 18:16]   Processing:  @ Douglas Orr Plumbing
[2026-05-06 18:16]     [DRY RUN] Would upload: Partnership Opportunity —  at Douglas Orr Plumbing
[2026-05-06 18:16]   Processing:  @ FDP Mold Remediation
[2026-05-06 18:16]     [DRY RUN] Would upload: Partnership Opportunity —  at FDP Mold Remediation
[2026-05-06 18:16]   Processing:  @ Flow-Tech Air Conditioning
[2026-05-06 18:16]     [DRY RUN] Would upload: Partnership Opportunity —  at Flow-Tech Air Conditioning
[2026-05-06 18:16]   Processing:  @ Freezing Mechanical
[2026-05-06 18:16]     [DRY RUN] Would upload: Partnership Opportunity —  at Freezing Mechanical
[2026-05-06 18:16]   Processing:  @ Miami Mold Specialist
[2026-05-06 18:16]     [DRY RUN] Would upload: Partnership Opportunity —  at Miami Mold Specialist
[2026-05-06 18:16]   Processing:  @ MIW Roofing
[2026-05-06 18:16]     [DRY RUN] Would upload: Partnership Opportunity —  at MIW Roofing
[2026-05-06 18:16]   Processing:  @ RHI Roofing
[2026-05-06 18:16]     [DRY RUN] Would upload: Partnership Opportunity —  at RHI Roofing
[2026-05-06 18:16]   Processing:  @ Titan Restoration Inc.
[2026-05-06 18:16]     [DRY RUN] Would upload: Partnership Opportunity —  at Titan Restoration Inc.
[2026-05-06 18:16]   Processing:  @ T&S Roofing Systems
[2026-05-06 18:16]     [DRY RUN] Would upload: Partnership Opportunity —  at T&S Roofing Systems
[2026-05-06 18:16]   Processing:  @ A Plus Mold Remediation
[2026-05-06 18:16]     [DRY RUN] Would upload: Partnership Opportunity —  at A Plus Mold Remediation
[2026-05-06 18:16]   Processing:  @ Associated Property Management
[2026-05-06 18:16]     [DRY RUN] Would upload: Insurance Claim Support for Associated Property Management and Member Homeowners
[2026-05-06 18:16]   Processing:  @ Benjamin Franklin Plumbing
[2026-05-06 18:16]     [DRY RUN] Would upload: Partnership Opportunity —  at Benjamin Franklin Plumbing
[2026-05-06 18:16]   Processing:  @ Bradley Heating & Air Conditioning Inc.
[2026-05-06 18:16]     [DRY RUN] Would upload: Partnership Opportunity —  at Bradley Heating & Air Conditioning Inc.
[2026-05-06 18:16]   Processing:  @ Buckeye Plumbing
[2026-05-06 18:16]     [DRY RUN] Would upload: Partnership Opportunity —  at Buckeye Plumbing
[2026-05-06 18:16]   Processing:  @ Thomasevich Construction Inc. (Build With TCI)
[2026-05-06 18:16]     [DRY RUN] Would upload: Partnership Opportunity —  at Thomasevich Construction Inc. (Build With TCI)
[2026-05-06 18:16]   Processing:  @ Copperhead Plumbing
[2026-05-06 18:16]     [DRY RUN] Would upload: Partnership Opportunity —  at Copperhead Plumbing
[2026-05-06 18:16]   Processing:  @ Grant Property Management
[2026-05-06 18:16]     [DRY RUN] Would upload: Insurance Claim Support for Grant Property Management and Member Homeowners
[2026-05-06 18:16]   Processing:  @ Highland Contractors Inc.
[2026-05-06 18:16]     [DRY RUN] Would upload: Partnership Opportunity —  at Highland Contractors Inc.
[2026-05-06 18:16]   Processing:  @ Home Property Management II Inc.
[2026-05-06 18:16]     [DRY RUN] Would upload: Insurance Claim Support for Home Property Management II Inc. and Your Clients
[2026-05-06 18:16]   Processing:  @ Hopkins Air
[2026-05-06 18:16]     [DRY RUN] Would upload: Partnership Opportunity —  at Hopkins Air
[2026-05-06 18:16]   Processing:  @ JD Roofing
[2026-05-06 18:16]     [DRY RUN] Would upload: Partnership Opportunity —  at JD Roofing
[2026-05-06 18:16]   Processing:  @ Jilsa Management
[2026-05-06 18:16]     [DRY RUN] Would upload: Insurance Claim Support for Jilsa Management and Member Homeowners
[2026-05-06 18:16]   Processing:  @ Kanga Property Management
[2026-05-06 18:16]     [DRY RUN] Would upload: Insurance Claim Support for Kanga Property Management and Your Clients
[2026-05-06 18:16]   Processing:  @ KLR Roofing Corp.
[2026-05-06 18:16]     [DRY RUN] Would upload: Partnership Opportunity — Michael Fitzpatrick at KLR Roofing Corp.
[2026-05-06 18:16]   Processing:  @ KW Property Management
[2026-05-06 18:16]     [DRY RUN] Would upload: Insurance Claim Support for KW Property Management and Member Homeowners
[2026-05-06 18:16]   Processing:  @ Lowen Air Conditioning
[2026-05-06 18:16]     [DRY RUN] Would upload: Partnership Opportunity —  at Lowen Air Conditioning
[2026-05-06 18:16]   Processing:  @ Ocean Point Claims
[2026-05-06 18:16]     [DRY RUN] Would upload: B2B Connection —  at Ocean Point Claims
[2026-05-06 18:16]   Processing:  @ Parker Public Adjusters
[2026-05-06 18:16]     [DRY RUN] Would upload: B2B Connection —  at Parker Public Adjusters
[2026-05-06 18:16]   Processing:  @ Pure Maintenance Mold Remediation
[2026-05-06 18:16]     [DRY RUN] Would upload: Partnership Opportunity —  at Pure Maintenance Mold Remediation
[2026-05-06 18:16]   Processing:  @ Ranger Roofing
[2026-05-06 18:16]     [DRY RUN] Would upload: Partnership Opportunity —  at Ranger Roofing
[2026-05-06 18:16]   Processing:  @ Reliant Adjusters Group
[2026-05-06 18:16]     [DRY RUN] Would upload: B2B Connection —  at Reliant Adjusters Group
[2026-05-06 18:16]   Processing:  @ Remediation 911
[2026-05-06 18:16]     [DRY RUN] Would upload: Partnership Opportunity —  at Remediation 911
[2026-05-06 18:16]   Processing:  @ SeaBreeze Roofing
[2026-05-06 18:16]     [DRY RUN] Would upload: Partnership Opportunity —  at SeaBreeze Roofing
[2026-05-06 18:16]   Processing:  @ SERVPRO of West Palm Beach
[2026-05-06 18:16]     [DRY RUN] Would upload: Partnership Opportunity —  at SERVPRO of West Palm Beach
[2026-05-06 18:16]   Processing:  @ Stanley Restoration Services
[2026-05-06 18:16]     [DRY RUN] Would upload: Partnership Opportunity —  at Stanley Restoration Services
[2026-05-06 18:16]   Processing:  @ FIXD Roofing
[2026-05-06 18:16]     [DRY RUN] Would upload: Partnership Opportunity —  at FIXD Roofing
[2026-05-06 18:16]   Processing:  @ PSL Roofers
[2026-05-06 18:16]     [DRY RUN] Would upload: Partnership Opportunity —  at PSL Roofers
[2026-05-06 18:16]   Processing:  @ St Lucie Roofing
[2026-05-06 18:16]     [DRY RUN] Would upload: Partnership Opportunity —  at St Lucie Roofing
[2026-05-06 18:16]   Processing:  @ Tropical Roofing Systems Inc.
[2026-05-06 18:16]     [DRY RUN] Would upload: Partnership Opportunity —  at Tropical Roofing Systems Inc.
[2026-05-06 18:16]   Processing: Michael Fitzpatrick @ KLR Roofing Corp.
[2026-05-06 18:16]     [DRY RUN] Would upload: Collaboration Opportunity — Michael at KLR Roofing
[2026-05-06 18:16]   Processing: Michael Thompson @ Atlantic Water & Mold Solutions
[2026-05-06 18:16]     [DRY RUN] Would upload: Collaboration Opportunity — Michael Thompson at Atlantic Water & Mold Solutions
[2026-05-06 18:16]   Processing: Michael Fitzpatrick @ KLR Roofing Corp.
[2026-05-06 18:16]     [DRY RUN] Would upload: Early-Season Roof Claims — What We're Seeing in Palm Beach
[2026-05-06 18:16]   Processing: Robert Martinez @ Storm Shield Roofing
[2026-05-06 18:16]     [DRY RUN] Would upload: Collaboration Opportunity — Robert Martinez at Storm Shield Roofing
[2026-05-06 18:16]   Processing: Jennifer Walsh @ SafeHaven Property Consulting
[2026-05-06 18:16]     [DRY RUN] Would upload: Insurance Claim Support for SafeHaven Property Consulting and Your Clients
[2026-05-06 18:16]   Processing: James Rivera @ All Phase Construction USA
[2026-05-06 18:16]     [DRY RUN] Would upload: Rate Relief Creating Roofing Quote Surge — Partnership Opportunity
[2026-05-06 18:16]   Processing: Lisa Feldman @ Coastal Property Management Group
[2026-05-06 18:16]     [DRY RUN] Would upload: Early Claim Awareness = Referral Advantage for Your Properties
[2026-05-06 18:16]   Processing: Carlos Espinoza @ Elite General Contracting
[2026-05-06 18:16]     [DRY RUN] Would upload: Claims-Driven Repair Pipeline — Multi-Trade Advantage
[2026-05-06 18:16]   Processing: Anthony Rodriguez @ Florida Insurance Partners LLC
[2026-05-06 18:16]     [DRY RUN] Would upload: Underpaid Claims Coordination — Co-Counseling Opportunity
[2026-05-06 18:16]   Processing: David Gutierrez @ Prestige Realty Management
[2026-05-06 18:16]     [DRY RUN] Would upload: Wealth Migration + Premium Property Positioning = Claim Opportunity
[2026-05-06 18:16]   Processing: Sarah Chen @ Quantum Roofing Solutions
[2026-05-06 18:16]     [DRY RUN] Would upload: New FBC Rules + Rate Relief = Premium Roofing Opportunity Window
[2026-05-06 18:16]   Processing: Patricia Alvarez @ HOA Advocates Management
[2026-05-06 18:16]     [DRY RUN] Would upload: Early Claim Awareness Through Resident Hotline — Partnership Value
[2026-05-06 18:16] === Done — 87/87 uploaded ===
[2026-05-06 18:16] === Draft upload start (LIVE) ===
[2026-05-06 18:16] Found 87 drafts to upload
[2026-05-06 18:16]   Processing:  @ A Plus Mold Remediation
[2026-05-06 18:16] === Draft upload start (LIVE) ===
[2026-05-06 18:16] Found 87 drafts to upload
[2026-05-06 18:16]   Processing:  @ A Plus Mold Remediation
[2026-05-06 18:16] === Draft upload start (LIVE) ===
[2026-05-06 18:16] Found 87 drafts to upload
[2026-05-06 18:16]   Processing:  @ A Plus Mold Remediation
[2026-05-06 18:16] === Draft upload start (LIVE) ===
[2026-05-06 18:16] Found 87 drafts to upload
[2026-05-06 18:16]   Processing:  @ A Plus Mold Remediation
[2026-05-06 18:16]     Found company: 321237699301
[2026-05-06 18:16]     ✓ Note created
[2026-05-06 18:16]     ✓ Task created: Review & Send
[2026-05-06 18:16]   Processing:  @ Buckeye Plumbing
[2026-05-06 18:16]     Found company: 321136138988
[2026-05-06 18:16]     ✓ Note created
[2026-05-06 18:16]     ✓ Task created: Review & Send
[2026-05-06 18:16]   Processing:  @ Highland Contractors Inc.
[2026-05-06 18:16]     Found company: 321141721804
[2026-05-06 18:16]     ✓ Note created
[2026-05-06 18:16]     ✓ Task created: Review & Send
[2026-05-06 18:16]   Processing:  @ Home Property Management II Inc.
[2026-05-06 18:16]     Created company: 321759326957
[2026-05-06 18:16]     ✓ Note created
[2026-05-06 18:16]     ✓ Task created: Review & Send
[2026-05-06 18:16]   Processing:  @ Hopkins Air
[2026-05-06 18:16]     Found company: 321150502636
[2026-05-06 18:16]     ✓ Note created
[2026-05-06 18:16]     ✓ Task created: Review & Send
[2026-05-06 18:16]   Processing:  @ Jilsa Management
[2026-05-06 18:16]     Created company: 321762636525
[2026-05-06 18:16]     ✓ Note created
[2026-05-06 18:16]     ✓ Task created: Review & Send
[2026-05-06 18:16]   Processing: Michael Fitzpatrick @ KLR Roofing Corp.
[2026-05-06 18:16]     Found contact: 479587897070
[2026-05-06 18:16]     Found company: 321132722903
[2026-05-06 18:16]     ✓ Note created
[2026-05-06 18:16]     ✓ Task created: Review & Send
[2026-05-06 18:16]   Processing:  @ Parker Public Adjusters
[2026-05-06 18:16]     Created company: 321759116022
[2026-05-06 18:16]     ✓ Note created
[2026-05-06 18:16]     ✓ Task created: Review & Send
[2026-05-06 18:16]   Processing:  @ Remediation 911
[2026-05-06 18:16]     Found company: 321237699303
[2026-05-06 18:16]     ✓ Note created
[2026-05-06 18:16]     ✓ Task created: Review & Send
[2026-05-06 18:16]   Processing:  @ Abraham AC
[2026-05-06 18:16]     Found company: 321138130649
[2026-05-06 18:16]     ✓ Note created
[2026-05-06 18:16]     ✓ Task created: Review & Send
[2026-05-06 18:16]   Processing:  @ Air Rightaway Inc.
[2026-05-06 18:16]     Found company: 321138130647
[2026-05-06 18:16]     ✓ Note created
[2026-05-06 18:16]     ✓ Task created: Review & Send
[2026-05-06 18:16]   Processing:  @ Compass Roofing
[2026-05-06 18:16]     Found company: 321161521890
[2026-05-06 18:16]     ✓ Note created
[2026-05-06 18:16]     ✓ Task created: Review & Send
[2026-05-06 18:16]   Processing:  @ Coral Condos
[2026-05-06 18:16]     Created company: 321615649521
[2026-05-06 18:16]     ✓ Note created
[2026-05-06 18:16]     ✓ Task created: Review & Send
[2026-05-06 18:16]   Processing:  @ Damelecia Inc.
[2026-05-06 18:16]     Created company: 321759232713
[2026-05-06 18:16]     ✓ Note created
[2026-05-06 18:16]     ✓ Task created: Review & Send
[2026-05-06 18:16]   Processing:  @ Discreet Restoration
[2026-05-06 18:16]     Found company: 321150502635
[2026-05-06 18:16]     ✓ Note created
[2026-05-06 18:16]     ✓ Task created: Review & Send
[2026-05-06 18:16]   Processing:  @ Grant Property Management
[2026-05-06 18:16]     Created company: 321768177368
[2026-05-06 18:17]     ✓ Note created
[2026-05-06 18:17]     ✓ Task created: Review & Send
[2026-05-06 18:17]   Processing:  @ Integrity Roofing & Gutters
[2026-05-06 18:17]     Found company: 321184754422
[2026-05-06 18:17]     ✓ Note created
[2026-05-06 18:17]     ✓ Task created: Review & Send
[2026-05-06 18:17]   Processing:  @ JMA Community Management
[2026-05-06 18:17]     Created company: 321723542219
[2026-05-06 18:17]     ✓ Note created
[2026-05-06 18:17]     ✓ Task created: Review & Send
[2026-05-06 18:17]   Processing:  @ Kanga Property Management
[2026-05-06 18:17]     Created company: 321768150749
[2026-05-06 18:17]     ✓ Note created
[2026-05-06 18:17]     ✓ Task created: Review & Send
[2026-05-06 18:17]   Processing:  @ Magical Plumbing
[2026-05-06 18:17]     Found company: 321183056614
[2026-05-06 18:17]     ✓ Note created
[2026-05-06 18:17]     ✓ Task created: Review & Send
[2026-05-06 18:17]   Processing:  @ Mayfair Property Management
[2026-05-06 18:17]     Created company: 321767463632
[2026-05-06 18:17]     ✓ Note created
[2026-05-06 18:17]     ✓ Task created: Review & Send
[2026-05-06 18:17]   Processing:  @ Paul Davis Restoration
[2026-05-06 18:17]     Found company: 321239802554
[2026-05-06 18:17]     ✓ Note created
[2026-05-06 18:17]     ✓ Task created: Review & Send
[2026-05-06 18:17]   Processing:  @ Pro Bowl Plumbing
[2026-05-06 18:17]     Found company: 321138130651
[2026-05-06 18:17]     ✓ Note created
[2026-05-06 18:17]     ✓ Task created: Review & Send
[2026-05-06 18:17]   Processing:  @ PSI Roofing
[2026-05-06 18:17]     Found company: 321132722902
[2026-05-06 18:17]     ✓ Note created
[2026-05-06 18:17]     ✓ Task created: Review & Send
[2026-05-06 18:17]   Processing:  @ Pyke Mechanical
[2026-05-06 18:17]     Found company: 321195074235
[2026-05-06 18:17]     ✓ Note created
[2026-05-06 18:17]     ✓ Task created: Review & Send
[2026-05-06 18:17]   Processing:  @ Titan Restoration Inc.
[2026-05-06 18:17]     Found company: 321237699304
[2026-05-06 18:17]     ✓ Note created
[2026-05-06 18:17]     ✓ Task created: Review & Send
[2026-05-06 18:17]   Processing:  @ Trident Management
[2026-05-06 18:17]     Created company: 321759164139
[2026-05-06 18:17]     ✓ Note created
[2026-05-06 18:17]     ✓ Task created: Review & Send
[2026-05-06 18:17]   Processing:  @ Code Red Roofers
[2026-05-06 18:17]     Found company: 321195073273
[2026-05-06 18:17]     ✓ Note created
[2026-05-06 18:17]     ✓ Task created: Review & Send
[2026-05-06 18:17]   Processing:  @ Diversified Roofing Solutions
[2026-05-06 18:17]     Found company: 321186361049
[2026-05-06 18:17]     ✓ Note created
[2026-05-06 18:17]     ✓ Task created: Review & Send
[2026-05-06 18:17]   Processing:  @ Martin County Roofing LLC
[2026-05-06 18:17]     Found company: 321134356187
[2026-05-06 18:17]     ✓ Note created
[2026-05-06 18:17]     ✓ Task created: Review & Send
[2026-05-06 18:17]   Processing:  @ Three Guys Roofing Inc.
[2026-05-06 18:17]     Found company: 321239802555
[2026-05-06 18:17]     ✓ Note created
[2026-05-06 18:17]     ✓ Task created: Review & Send
[2026-05-06 18:17]   Processing:  @ Walsh Roofing
[2026-05-06 18:17]     Found company: 321241283258
[2026-05-06 18:17]     ✓ Note created
[2026-05-06 18:17]     ✓ Task created: Review & Send
[2026-05-06 18:17]   Processing:  @ All Florida Plumbing Corporation
[2026-05-06 18:17]     Found company: 321138130648
[2026-05-06 18:17]     ✓ Note created
[2026-05-06 18:17]     ✓ Task created: Review & Send
[2026-05-06 18:17]   Processing:  @ A. Palmer Roofing Inc.
[2026-05-06 18:17]     Found company: 321176108786
[2026-05-06 18:17]     ✓ Note created
[2026-05-06 18:17]     ✓ Task created: Review & Send
[2026-05-06 18:17]   Processing:  @ Bay Plumbing Company
[2026-05-06 18:17]     Found company: 321176108788
[2026-05-06 18:17]     ✓ Note created
[2026-05-06 18:17]     ✓ Task created: Review & Send
[2026-05-06 18:17]   Processing:  @ Dade Super Cool Air Conditioning
[2026-05-06 18:17]     Found company: 321241282297
[2026-05-06 18:17]     ✓ Note created
[2026-05-06 18:17]     ✓ Task created: Review & Send
[2026-05-06 18:17]   Processing:  @ Douglas Orr Plumbing
[2026-05-06 18:17]     Found company: 321186361050
[2026-05-06 18:17]     ✓ Note created
[2026-05-06 18:17]     ✓ Task created: Review & Send
[2026-05-06 18:17]   Processing:  @ FDP Mold Remediation
[2026-05-06 18:17]     Found company: 321184754424
[2026-05-06 18:17]     ✓ Note created
[2026-05-06 18:17]     ✓ Task created: Review & Send
[2026-05-06 18:17]   Processing:  @ Flow-Tech Air Conditioning
[2026-05-06 18:17]     Found company: 321184754421
[2026-05-06 18:17]     ✓ Note created
[2026-05-06 18:17]     ✓ Task created: Review & Send
[2026-05-06 18:17]   Processing:  @ Freezing Mechanical
[2026-05-06 18:17]     Found company: 321184754423
[2026-05-06 18:17]     ✓ Note created
[2026-05-06 18:17]     ✓ Task created: Review & Send
[2026-05-06 18:17]   Processing:  @ Miami Mold Specialist
[2026-05-06 18:17]     Found company: 321140290254
[2026-05-06 18:17]     ✓ Note created
[2026-05-06 18:17]     ✓ Task created: Review & Send
[2026-05-06 18:17]   Processing:  @ MIW Roofing
[2026-05-06 18:17]     Found company: 321164917452
[2026-05-06 18:17]     ✓ Note created
[2026-05-06 18:17]     ✓ Task created: Review & Send
[2026-05-06 18:17]   Processing:  @ RHI Roofing
[2026-05-06 18:17]     Found company: 321176108787
[2026-05-06 18:17]     ✓ Note created
[2026-05-06 18:17]     ✓ Task created: Review & Send
[2026-05-06 18:17]   Processing:  @ Titan Restoration Inc.
[2026-05-06 18:17]     Found company: 321237699304
[2026-05-06 18:17]     ✓ Note created
[2026-05-06 18:17]     ✓ Task created: Review & Send
[2026-05-06 18:17]   Processing:  @ T&S Roofing Systems
[2026-05-06 18:17]     Found company: 321163657914
[2026-05-06 18:17]     ✓ Note created
[2026-05-06 18:17]     ✓ Task created: Review & Send
[2026-05-06 18:18]   Processing:  @ A Plus Mold Remediation
[2026-05-06 18:18]     Found company: 321237699301
[2026-05-06 18:18]     ✓ Note created
[2026-05-06 18:18]     ✓ Task created: Review & Send
[2026-05-06 18:18]   Processing:  @ Associated Property Management
[2026-05-06 18:18]     Created company: 321567814364
[2026-05-06 18:18]     ✓ Note created
[2026-05-06 18:18]     ✓ Task created: Review & Send
[2026-05-06 18:18]   Processing:  @ Benjamin Franklin Plumbing
[2026-05-06 18:18]     Found company: 321136138991
[2026-05-06 18:18]     ✓ Note created
[2026-05-06 18:18]     ✓ Task created: Review & Send
[2026-05-06 18:18]   Processing:  @ Bradley Heating & Air Conditioning Inc.
[2026-05-06 18:18]     Found company: 321136138989
[2026-05-06 18:18]     ✓ Note created
[2026-05-06 18:18]     ✓ Task created: Review & Send
[2026-05-06 18:18]   Processing:  @ Buckeye Plumbing
[2026-05-06 18:18]     Found company: 321136138988
[2026-05-06 18:18]     ✓ Note created
[2026-05-06 18:18] === Draft upload start (LIVE) ===
[2026-05-06 18:18] Found 87 drafts to upload
[2026-05-06 18:18]   Processing:  @ A Plus Mold Remediation
[2026-05-06 18:18]     Found company: 321237699301
[2026-05-06 18:18]     ✓ Task created: Review & Send
[2026-05-06 18:18]   Processing:  @ Thomasevich Construction Inc. (Build With TCI)
[2026-05-06 18:18]     ✓ Note created
[2026-05-06 18:18]     Found company: 321177386742
[2026-05-06 18:18]     ✓ Task created: Review & Send
[2026-05-06 18:18]     ✓ Note created
[2026-05-06 18:18]   Processing:  @ Buckeye Plumbing
[2026-05-06 18:18]     Found company: 321136138988
[2026-05-06 18:18]     ✓ Task created: Review & Send
[2026-05-06 18:18]   Processing:  @ Copperhead Plumbing
[2026-05-06 18:18]     ✓ Note created
[2026-05-06 18:18]     Found company: 321183056613
[2026-05-06 18:18]     ✓ Task created: Review & Send
[2026-05-06 18:18]     ✓ Note created
[2026-05-06 18:18]   Processing:  @ Highland Contractors Inc.
[2026-05-06 18:18]     Found company: 321141721804
[2026-05-06 18:18]     ✓ Task created: Review & Send
[2026-05-06 18:18]   Processing:  @ Grant Property Management
[2026-05-06 18:18]     ✓ Note created
[2026-05-06 18:18]     Found company: 321768177368
[2026-05-06 18:18]     ✓ Task created: Review & Send
[2026-05-06 18:18]     ✓ Note created
[2026-05-06 18:18]   Processing:  @ Home Property Management II Inc.
[2026-05-06 18:18]     Found company: 321759326957
[2026-05-06 18:18]     ✓ Task created: Review & Send
[2026-05-06 18:18]   Processing:  @ Highland Contractors Inc.
[2026-05-06 18:18]     ✓ Note created
[2026-05-06 18:18]     Found company: 321141721804
[2026-05-06 18:18]     ✓ Task created: Review & Send
[2026-05-06 18:18]   Processing:  @ Hopkins Air
[2026-05-06 18:18]     ✓ Note created
[2026-05-06 18:18]     Found company: 321150502636
[2026-05-06 18:18]     ✓ Task created: Review & Send
[2026-05-06 18:18]   Processing:  @ Home Property Management II Inc.
[2026-05-06 18:18]     ✓ Note created
[2026-05-06 18:18]     Found company: 321759326957
[2026-05-06 18:18]     ✓ Task created: Review & Send
[2026-05-06 18:18]     ✓ Note created
[2026-05-06 18:18]   Processing:  @ Jilsa Management
[2026-05-06 18:18]     Found company: 321762636525
[2026-05-06 18:18]     ✓ Task created: Review & Send
[2026-05-06 18:18]   Processing:  @ Hopkins Air
[2026-05-06 18:18]     ✓ Note created
[2026-05-06 18:18]     Found company: 321150502636
[2026-05-06 18:18]     ✓ Task created: Review & Send
[2026-05-06 18:18]     ✓ Note created
[2026-05-06 18:18]   Processing: Michael Fitzpatrick @ KLR Roofing Corp.
[2026-05-06 18:18]     Found contact: 479587897070
[2026-05-06 18:18]     ✓ Task created: Review & Send
[2026-05-06 18:18]     Found company: 321132722903
[2026-05-06 18:18]   Processing:  @ JD Roofing
[2026-05-06 18:18]     Found company: 321163657915
[2026-05-06 18:18]     ✓ Note created
[2026-05-06 18:18]     ✓ Note created
[2026-05-06 18:18]     ✓ Task created: Review & Send
[2026-05-06 18:18]     ✓ Task created: Review & Send
[2026-05-06 18:18]   Processing:  @ Parker Public Adjusters
[2026-05-06 18:18]   Processing:  @ Jilsa Management
[2026-05-06 18:18]     Found company: 321762636525
[2026-05-06 18:18]     Found company: 321759116022
[2026-05-06 18:18]     ✓ Note created
[2026-05-06 18:18]     ✓ Note created
[2026-05-06 18:18]     ✓ Task created: Review & Send
[2026-05-06 18:18]     ✓ Task created: Review & Send
[2026-05-06 18:18]   Processing:  @ Kanga Property Management
[2026-05-06 18:18]   Processing:  @ Remediation 911
[2026-05-06 18:18]     Found company: 321768150749
[2026-05-06 18:18]     Found company: 321237699303
[2026-05-06 18:18]     ✓ Note created
[2026-05-06 18:18]     ✓ Note created
[2026-05-06 18:18]     ✓ Task created: Review & Send
[2026-05-06 18:18]     ✓ Task created: Review & Send
[2026-05-06 18:18]   Processing:  @ Abraham AC
[2026-05-06 18:18]   Processing:  @ KLR Roofing Corp.
[2026-05-06 18:18]     Found company: 321138130649
[2026-05-06 18:18]     Found company: 321132722903
[2026-05-06 18:18]     ✓ Note created
[2026-05-06 18:18]     ✓ Note created
[2026-05-06 18:18]     ✓ Task created: Review & Send
[2026-05-06 18:18]     ✓ Task created: Review & Send
[2026-05-06 18:18]   Processing:  @ Air Rightaway Inc.
[2026-05-06 18:18]   Processing:  @ KW Property Management
[2026-05-06 18:18]     Found company: 321138130647
[2026-05-06 18:18]     ✓ Note created
[2026-05-06 18:18]     Created company: 321753606904
[2026-05-06 18:18]     ✓ Task created: Review & Send
[2026-05-06 18:18]     ✓ Note created
[2026-05-06 18:18]   Processing:  @ Compass Roofing
[2026-05-06 18:18]     ✓ Task created: Review & Send
[2026-05-06 18:18]     Found company: 321161521890
[2026-05-06 18:18]   Processing:  @ Lowen Air Conditioning
[2026-05-06 18:18]     ✓ Note created
[2026-05-06 18:18]     Found company: 321173804774
[2026-05-06 18:18]     ✓ Task created: Review & Send
[2026-05-06 18:18]     ✓ Note created
[2026-05-06 18:18]   Processing:  @ Coral Condos
[2026-05-06 18:18]     ✓ Task created: Review & Send
[2026-05-06 18:18]     Found company: 321615649521
[2026-05-06 18:18]   Processing:  @ Ocean Point Claims
[2026-05-06 18:18]     ✓ Note created
[2026-05-06 18:18]     Created company: 321615650511
[2026-05-06 18:18]     ✓ Task created: Review & Send
[2026-05-06 18:18]   Processing:  @ Damelecia Inc.
[2026-05-06 18:18]     ✓ Note created
[2026-05-06 18:18]     Found company: 321759232713
[2026-05-06 18:18]     ✓ Task created: Review & Send
[2026-05-06 18:18]     ✓ Note created
[2026-05-06 18:18]   Processing:  @ Parker Public Adjusters
[2026-05-06 18:18]     Found company: 321759116022
[2026-05-06 18:18]     ✓ Task created: Review & Send
[2026-05-06 18:18]   Processing:  @ Discreet Restoration
[2026-05-06 18:18]     ✓ Note created
[2026-05-06 18:18]     ✓ Task created: Review & Send
[2026-05-06 18:18]     Found company: 321150502635
[2026-05-06 18:18]   Processing:  @ Pure Maintenance Mold Remediation
[2026-05-06 18:18]     ✓ Note created
[2026-05-06 18:18]     Found company: 321183056615
[2026-05-06 18:18]     ✓ Task created: Review & Send
[2026-05-06 18:18]     ✓ Note created
[2026-05-06 18:19]   Processing:  @ Grant Property Management
[2026-05-06 18:19]     Found company: 321768177368
[2026-05-06 18:19]     ✓ Task created: Review & Send
[2026-05-06 18:19]   Processing:  @ Ranger Roofing
[2026-05-06 18:19]     ✓ Note created
[2026-05-06 18:19]     Found company: 321195073272
[2026-05-06 18:19]     ✓ Task created: Review & Send
[2026-05-06 18:19]   Processing:  @ Integrity Roofing & Gutters
[2026-05-06 18:19]     ✓ Note created
[2026-05-06 18:19]     Found company: 321184754422
[2026-05-06 18:19]     ✓ Task created: Review & Send
[2026-05-06 18:19]     ✓ Note created
[2026-05-06 18:19]   Processing:  @ Reliant Adjusters Group
[2026-05-06 18:19]     ✓ Task created: Review & Send
[2026-05-06 18:19]   Processing:  @ JMA Community Management
[2026-05-06 18:19]     Created company: 321768329950
[2026-05-06 18:19]     Found company: 321723542219
[2026-05-06 18:19]     ✓ Note created
[2026-05-06 18:19]     ✓ Note created
[2026-05-06 18:19]     ✓ Task created: Review & Send
[2026-05-06 18:19]     ✓ Task created: Review & Send
[2026-05-06 18:19]   Processing:  @ Remediation 911
[2026-05-06 18:19]   Processing:  @ Kanga Property Management
[2026-05-06 18:19]     Found company: 321237699303
[2026-05-06 18:19]     Found company: 321768150749
[2026-05-06 18:19]     ✓ Note created
[2026-05-06 18:19]     ✓ Note created
[2026-05-06 18:19]     ✓ Task created: Review & Send
[2026-05-06 18:19]     ✓ Task created: Review & Send
[2026-05-06 18:19]   Processing:  @ SeaBreeze Roofing
[2026-05-06 18:19]   Processing:  @ Magical Plumbing
[2026-05-06 18:19]     Found company: 321195074236
[2026-05-06 18:19]     Found company: 321183056614
[2026-05-06 18:19]     ✓ Note created
[2026-05-06 18:19]     ✓ Note created
[2026-05-06 18:19]     ✓ Task created: Review & Send
[2026-05-06 18:19]   Processing:  @ SERVPRO of West Palm Beach
[2026-05-06 18:19]     ✓ Task created: Review & Send
[2026-05-06 18:19]     Found company: 321160047318
[2026-05-06 18:19]   Processing:  @ Mayfair Property Management
[2026-05-06 18:19]     Found company: 321767463632
[2026-05-06 18:19]     ✓ Note created
[2026-05-06 18:19]     ✓ Note created
[2026-05-06 18:19]     ✓ Task created: Review & Send
[2026-05-06 18:19]   Processing:  @ Stanley Restoration Services
[2026-05-06 18:19]     ✓ Task created: Review & Send
[2026-05-06 18:19]     Found company: 321239802556
[2026-05-06 18:19]   Processing:  @ Paul Davis Restoration
[2026-05-06 18:19]     Found company: 321239802554
[2026-05-06 18:19]     ✓ Note created
[2026-05-06 18:19]     ✓ Task created: Review & Send
[2026-05-06 18:19]     ✓ Note created
[2026-05-06 18:19]   Processing:  @ FIXD Roofing
[2026-05-06 18:19]     ✓ Task created: Review & Send
[2026-05-06 18:19]   Processing:  @ Pro Bowl Plumbing
[2026-05-06 18:19]     Found company: 321160047320
[2026-05-06 18:19]     Found company: 321138130651
[2026-05-06 18:19]     ✓ Note created
[2026-05-06 18:19]     ✓ Note created
[2026-05-06 18:19]     ✓ Task created: Review & Send
[2026-05-06 18:19]   Processing:  @ PSL Roofers
[2026-05-06 18:19]     ✓ Task created: Review & Send
[2026-05-06 18:19]     Found company: 321173804775
[2026-05-06 18:19]   Processing:  @ PSI Roofing
[2026-05-06 18:19]     Found company: 321132722902
[2026-05-06 18:19]     ✓ Note created
[2026-05-06 18:19]     ✓ Note created
[2026-05-06 18:19]     ✓ Task created: Review & Send
[2026-05-06 18:19]     ✓ Task created: Review & Send
[2026-05-06 18:19]   Processing:  @ St Lucie Roofing
[2026-05-06 18:19]   Processing:  @ Pyke Mechanical
[2026-05-06 18:19]     Found company: 321136138990
[2026-05-06 18:19]     Found company: 321195074235
[2026-05-06 18:19]     ✓ Note created
[2026-05-06 18:19]     ✓ Note created
[2026-05-06 18:19]     ✓ Task created: Review & Send
[2026-05-06 18:19]     ✓ Task created: Review & Send
[2026-05-06 18:19]   Processing:  @ Tropical Roofing Systems Inc.
[2026-05-06 18:19]   Processing:  @ Titan Restoration Inc.
[2026-05-06 18:19]     Found company: 321186361048
[2026-05-06 18:19]     Found company: 321237699304
[2026-05-06 18:19]     ✓ Note created
[2026-05-06 18:19]     ✓ Note created
[2026-05-06 18:19]     ✓ Task created: Review & Send
[2026-05-06 18:19]     ✓ Task created: Review & Send
[2026-05-06 18:19]   Processing: Michael Fitzpatrick @ KLR Roofing Corp.
[2026-05-06 18:19]   Processing:  @ Trident Management
[2026-05-06 18:19]     Found contact: 479587897070
[2026-05-06 18:19]     Found company: 321759164139
[2026-05-06 18:19]     Found company: 321132722903
[2026-05-06 18:19]     ✓ Note created
[2026-05-06 18:19]     ✓ Task created: Review & Send
[2026-05-06 18:19]     ✓ Note created
[2026-05-06 18:19]   Processing:  @ Code Red Roofers
[2026-05-06 18:19]     Found company: 321195073273
[2026-05-06 18:19]     ✓ Task created: Review & Send
[2026-05-06 18:19]   Processing: Michael Thompson @ Atlantic Water & Mold Solutions
[2026-05-06 18:19]     ✓ Note created
[2026-05-06 18:19]     Found contact: 479601273566
[2026-05-06 18:19]     ✓ Task created: Review & Send
[2026-05-06 18:19]     Found company: 321237699302
[2026-05-06 18:19]   Processing:  @ Diversified Roofing Solutions
[2026-05-06 18:19]     Found company: 321186361049
[2026-05-06 18:19]     ✓ Note created
[2026-05-06 18:19]     ✓ Note created
[2026-05-06 18:19]     ✓ Task created: Review & Send
[2026-05-06 18:19]     ✓ Task created: Review & Send
[2026-05-06 18:19]   Processing:  @ Martin County Roofing LLC
[2026-05-06 18:19]   Processing: Michael Fitzpatrick @ KLR Roofing Corp.
[2026-05-06 18:19]     Found company: 321134356187
[2026-05-06 18:19]     Found contact: 479587897070
[2026-05-06 18:19]     Found company: 321132722903
[2026-05-06 18:19]     ✓ Note created
[2026-05-06 18:19]     ✓ Task created: Review & Send
[2026-05-06 18:19]   Processing:  @ Three Guys Roofing Inc.
[2026-05-06 18:19]     ✓ Note created
[2026-05-06 18:19]     Found company: 321239802555
[2026-05-06 18:19]     ✓ Task created: Review & Send
[2026-05-06 18:19]   Processing: Robert Martinez @ Storm Shield Roofing
[2026-05-06 18:19]     ✓ Note created
[2026-05-06 18:19]     Found contact: 479624308459
[2026-05-06 18:19]     ✓ Task created: Review & Send
[2026-05-06 18:19]     Found company: 321160047319
[2026-05-06 18:19]   Processing:  @ Walsh Roofing
[2026-05-06 18:19]     Found company: 321241283258
[2026-05-06 18:19]     ✓ Note created
[2026-05-06 18:19]     ✓ Note created
[2026-05-06 18:19]     ✓ Task created: Review & Send
[2026-05-06 18:19]     ✓ Task created: Review & Send
[2026-05-06 18:19]   Processing: Jennifer Walsh @ SafeHaven Property Consulting
[2026-05-06 18:19]   Processing:  @ All Florida Plumbing Corporation
[2026-05-06 18:19]     Found contact: 479603793644
[2026-05-06 18:19]     Found company: 321138130648
[2026-05-06 18:19]     Found company: 321241282296
[2026-05-06 18:19]     ✓ Note created
[2026-05-06 18:19]     ✓ Task created: Review & Send
[2026-05-06 18:19]     ✓ Note created
[2026-05-06 18:19]   Processing:  @ A. Palmer Roofing Inc.
[2026-05-06 18:19]     ✓ Task created: Review & Send
[2026-05-06 18:19]     Found company: 321176108786
[2026-05-06 18:19]   Processing: James Rivera @ All Phase Construction USA
[2026-05-06 18:19]     ✓ Note created
[2026-05-06 18:19]     Found contact: 479602591469
[2026-05-06 18:19]     ✓ Task created: Review & Send
[2026-05-06 18:19]     Found company: 321237699305
[2026-05-06 18:19]   Processing:  @ Bay Plumbing Company
[2026-05-06 18:19]     Found company: 321176108788
[2026-05-06 18:19]     ✓ Note created
[2026-05-06 18:19]     ✓ Note created
[2026-05-06 18:19]     ✓ Task created: Review & Send
[2026-05-06 18:19]     ✓ Task created: Review & Send
[2026-05-06 18:19]   Processing: Lisa Feldman @ Coastal Property Management Group
[2026-05-06 18:19]   Processing:  @ Dade Super Cool Air Conditioning
[2026-05-06 18:19]     Found contact: 479553937118
[2026-05-06 18:19]     Found company: 321241282297
[2026-05-06 18:19]     Found company: 321138130650
[2026-05-06 18:19]     ✓ Note created
[2026-05-06 18:19]     ✓ Task created: Review & Send
[2026-05-06 18:19]     ✓ Note created
[2026-05-06 18:19]   Processing:  @ Douglas Orr Plumbing
[2026-05-06 18:19]     ✓ Task created: Review & Send
[2026-05-06 18:19]     Found company: 321186361050
[2026-05-06 18:19]   Processing: Carlos Espinoza @ Elite General Contracting
[2026-05-06 18:19]     ✓ Note created
[2026-05-06 18:19]     Found contact: 479600884420
[2026-05-06 18:19]     Found company: 321195074234
[2026-05-06 18:19]     ✓ Task created: Review & Send
[2026-05-06 18:19]   Processing:  @ FDP Mold Remediation
[2026-05-06 18:19]     Found company: 321184754424
[2026-05-06 18:19]     ✓ Note created
[2026-05-06 18:19]     ✓ Note created
[2026-05-06 18:19]     ✓ Task created: Review & Send
[2026-05-06 18:19]     ✓ Task created: Review & Send
[2026-05-06 18:19]   Processing: Anthony Rodriguez @ Florida Insurance Partners LLC
[2026-05-06 18:19]   Processing:  @ Flow-Tech Air Conditioning
[2026-05-06 18:19]     Found contact: 479587657457
[2026-05-06 18:19]     Found company: 321184754421
[2026-05-06 18:19]     Found company: 321132722904
[2026-05-06 18:19]     ✓ Note created
[2026-05-06 18:19]     ✓ Note created
[2026-05-06 18:19]     ✓ Task created: Review & Send
[2026-05-06 18:19]   Processing:  @ Freezing Mechanical
[2026-05-06 18:19]     ✓ Task created: Review & Send
[2026-05-06 18:19]     Found company: 321184754423
[2026-05-06 18:19]   Processing: David Gutierrez @ Prestige Realty Management
[2026-05-06 18:19]     Found contact: 479601995471
[2026-05-06 18:19]     ✓ Note created
[2026-05-06 18:19]     Found company: 321186361051
[2026-05-06 18:19]     ✓ Task created: Review & Send
[2026-05-06 18:19]   Processing:  @ Miami Mold Specialist
[2026-05-06 18:19]     Found company: 321140290254
[2026-05-06 18:19]     ✓ Note created
[2026-05-06 18:19]     ✓ Note created
[2026-05-06 18:19]     ✓ Task created: Review & Send
[2026-05-06 18:19]   Processing: Sarah Chen @ Quantum Roofing Solutions
[2026-05-06 18:19]     ✓ Task created: Review & Send
[2026-05-06 18:19]   Processing:  @ MIW Roofing
[2026-05-06 18:19]     Found contact: 479602591468
[2026-05-06 18:19]     Found company: 321163657916
[2026-05-06 18:19]     Found company: 321164917452
[2026-05-06 18:19]     ✓ Note created
[2026-05-06 18:19]     ✓ Task created: Review & Send
[2026-05-06 18:19]     ✓ Note created
[2026-05-06 18:19]   Processing:  @ RHI Roofing
[2026-05-06 18:19]     ✓ Task created: Review & Send
[2026-05-06 18:19]     Found company: 321176108787
[2026-05-06 18:19]   Processing: Patricia Alvarez @ HOA Advocates Management
[2026-05-06 18:19]     ✓ Note created
[2026-05-06 18:19]     Found contact: 479600738030
[2026-05-06 18:19]     Found company: 321179438796
[2026-05-06 18:19]     ✓ Task created: Review & Send
[2026-05-06 18:19]   Processing:  @ Titan Restoration Inc.
[2026-05-06 18:19]     Found company: 321237699304
[2026-05-06 18:19]     ✓ Note created
[2026-05-06 18:19]     ✓ Note created
[2026-05-06 18:19]     ✓ Task created: Review & Send
[2026-05-06 18:19]     ✓ Task created: Review & Send
[2026-05-06 18:19] === Done — 87/87 uploaded ===
[2026-05-06 18:19]   Processing:  @ T&S Roofing Systems
[2026-05-06 18:19]     Found company: 321163657914
[2026-05-06 18:19]     ✓ Note created
[2026-05-06 18:19]     ✓ Task created: Review & Send
[2026-05-06 18:19]   Processing:  @ A Plus Mold Remediation
[2026-05-06 18:19]     Found company: 321237699301
[2026-05-06 18:19]     ✓ Note created
[2026-05-06 18:19]     ✓ Task created: Review & Send
[2026-05-06 18:19]   Processing:  @ Associated Property Management
[2026-05-06 18:19]     Found company: 321567814364
[2026-05-06 18:19]     ✓ Note created
[2026-05-06 18:19]     ✓ Task created: Review & Send
[2026-05-06 18:19]   Processing:  @ Benjamin Franklin Plumbing
[2026-05-06 18:19]     Found company: 321136138991
[2026-05-06 18:19]     ✓ Note created
[2026-05-06 18:19]     ✓ Task created: Review & Send
[2026-05-06 18:19]   Processing:  @ Bradley Heating & Air Conditioning Inc.
[2026-05-06 18:19]     Found company: 321136138989
[2026-05-06 18:19]     ✓ Note created
[2026-05-06 18:19]     ✓ Task created: Review & Send
[2026-05-06 18:19]   Processing:  @ Buckeye Plumbing
[2026-05-06 18:19]     Found company: 321136138988
[2026-05-06 18:19]     ✓ Note created
[2026-05-06 18:19]     ✓ Task created: Review & Send
[2026-05-06 18:19]   Processing:  @ Thomasevich Construction Inc. (Build With TCI)
[2026-05-06 18:19]     Found company: 321177386742
[2026-05-06 18:19]     ✓ Note created
[2026-05-06 18:19]     ✓ Task created: Review & Send
[2026-05-06 18:19]   Processing:  @ Copperhead Plumbing
[2026-05-06 18:19]     Found company: 321183056613
[2026-05-06 18:19]     ✓ Note created
[2026-05-06 18:19]     ✓ Task created: Review & Send
[2026-05-06 18:19]   Processing:  @ Grant Property Management
[2026-05-06 18:19]     Found company: 321768177368
[2026-05-06 18:20]     ✓ Note created
[2026-05-06 18:20]     ✓ Task created: Review & Send
[2026-05-06 18:20]   Processing:  @ Highland Contractors Inc.
[2026-05-06 18:20]     Found company: 321141721804
[2026-05-06 18:20]     ✓ Note created
[2026-05-06 18:20]     ✓ Task created: Review & Send
[2026-05-06 18:20]   Processing:  @ Home Property Management II Inc.
[2026-05-06 18:20]     Found company: 321759326957
[2026-05-06 18:20]     ✓ Note created
[2026-05-06 18:20]     ✓ Task created: Review & Send
[2026-05-06 18:20]   Processing:  @ Hopkins Air
[2026-05-06 18:20]     Found company: 321150502636
[2026-05-06 18:20]     ✓ Note created
[2026-05-06 18:20]     ✓ Task created: Review & Send
[2026-05-06 18:20]   Processing:  @ JD Roofing
[2026-05-06 18:20]     Found company: 321163657915
[2026-05-06 18:20]     ✓ Note created
[2026-05-06 18:20]     ✓ Task created: Review & Send
[2026-05-06 18:20]   Processing:  @ Jilsa Management
[2026-05-06 18:20]     Found company: 321762636525
[2026-05-06 18:20]     ✓ Note created
[2026-05-06 18:20]     ✓ Task created: Review & Send
[2026-05-06 18:20]   Processing:  @ Kanga Property Management
[2026-05-06 18:20]     Found company: 321768150749
[2026-05-06 18:20]     ✓ Note created
[2026-05-06 18:20]     ✓ Task created: Review & Send
[2026-05-06 18:20]   Processing:  @ KLR Roofing Corp.
[2026-05-06 18:20]     Found company: 321132722903
[2026-05-06 18:20]     ✓ Note created
[2026-05-06 18:20]     ✓ Task created: Review & Send
[2026-05-06 18:20]   Processing:  @ KW Property Management
[2026-05-06 18:20]     Found company: 321753606904
[2026-05-06 18:20]     ✓ Note created
[2026-05-06 18:20]     ✓ Task created: Review & Send
[2026-05-06 18:20]   Processing:  @ Lowen Air Conditioning
[2026-05-06 18:20]     Found company: 321173804774
[2026-05-06 18:20]     ✓ Note created
[2026-05-06 18:20]     ✓ Task created: Review & Send
[2026-05-06 18:20]   Processing:  @ Ocean Point Claims
[2026-05-06 18:20]     Found company: 321615650511
[2026-05-06 18:20]     ✓ Note created
[2026-05-06 18:20]     ✓ Task created: Review & Send
[2026-05-06 18:20]   Processing:  @ Parker Public Adjusters
[2026-05-06 18:20]     Found company: 321759116022
[2026-05-06 18:20]     ✓ Note created
[2026-05-06 18:20]     ✓ Task created: Review & Send
[2026-05-06 18:20]   Processing:  @ Pure Maintenance Mold Remediation
[2026-05-06 18:20]     Found company: 321183056615
[2026-05-06 18:20]     ✓ Note created
[2026-05-06 18:20]     ✓ Task created: Review & Send
[2026-05-06 18:20]   Processing:  @ Ranger Roofing
[2026-05-06 18:20]     Found company: 321195073272
[2026-05-06 18:20]     ✓ Note created
[2026-05-06 18:20]     ✓ Task created: Review & Send
[2026-05-06 18:20]   Processing:  @ Reliant Adjusters Group
[2026-05-06 18:20]     Found company: 321768329950
[2026-05-06 18:20]     ✓ Note created
[2026-05-06 18:20]     ✓ Task created: Review & Send
[2026-05-06 18:20]   Processing:  @ Remediation 911
[2026-05-06 18:20]     Found company: 321237699303
[2026-05-06 18:20]     ✓ Note created
[2026-05-06 18:20]     ✓ Task created: Review & Send
[2026-05-06 18:20]   Processing:  @ SeaBreeze Roofing
[2026-05-06 18:20]     Found company: 321195074236
[2026-05-06 18:20]     ✓ Note created
[2026-05-06 18:20]     ✓ Task created: Review & Send
[2026-05-06 18:20]   Processing:  @ SERVPRO of West Palm Beach
[2026-05-06 18:20]     Found company: 321160047318
[2026-05-06 18:20]     ✓ Note created
[2026-05-06 18:20]     ✓ Task created: Review & Send
[2026-05-06 18:20]   Processing:  @ Stanley Restoration Services
[2026-05-06 18:20]     Found company: 321239802556
[2026-05-06 18:20]     ✓ Note created
[2026-05-06 18:20]     ✓ Task created: Review & Send
[2026-05-06 18:20]   Processing:  @ FIXD Roofing
[2026-05-06 18:20]     Found company: 321160047320
[2026-05-06 18:20]     ✓ Note created
[2026-05-06 18:20]     ✓ Task created: Review & Send
[2026-05-06 18:20]   Processing:  @ PSL Roofers
[2026-05-06 18:20]     Found company: 321173804775
[2026-05-06 18:20]     ✓ Note created
[2026-05-06 18:20]     ✓ Task created: Review & Send
[2026-05-06 18:20]   Processing:  @ St Lucie Roofing
[2026-05-06 18:20]     Found company: 321136138990
[2026-05-06 18:20]     ✓ Note created
[2026-05-06 18:20]     ✓ Task created: Review & Send
[2026-05-06 18:20]   Processing:  @ Tropical Roofing Systems Inc.
[2026-05-06 18:20]     Found company: 321186361048
[2026-05-06 18:20]     ✓ Note created
[2026-05-06 18:20]     ✓ Task created: Review & Send
[2026-05-06 18:20]   Processing: Michael Fitzpatrick @ KLR Roofing Corp.
[2026-05-06 18:20]     Found contact: 479587897070
[2026-05-06 18:20]     Found company: 321132722903
[2026-05-06 18:20]     ✓ Note created
[2026-05-06 18:20]     ✓ Task created: Review & Send
[2026-05-06 18:20]   Processing: Michael Thompson @ Atlantic Water & Mold Solutions
[2026-05-06 18:20]     Found contact: 479601273566
[2026-05-06 18:20]     Found company: 321237699302
[2026-05-06 18:20]     ✓ Note created
[2026-05-06 18:20]     ✓ Task created: Review & Send
[2026-05-06 18:20]   Processing: Michael Fitzpatrick @ KLR Roofing Corp.
[2026-05-06 18:20]     Found contact: 479587897070
[2026-05-06 18:20]     Found company: 321132722903
[2026-05-06 18:20]     ✓ Note created
[2026-05-06 18:20]     ✓ Task created: Review & Send
[2026-05-06 18:20]   Processing: Robert Martinez @ Storm Shield Roofing
[2026-05-06 18:20]     Found contact: 479624308459
[2026-05-06 18:20]     Found company: 321160047319
[2026-05-06 18:20]     ✓ Note created
[2026-05-06 18:20]     ✓ Task created: Review & Send
[2026-05-06 18:20]   Processing: Jennifer Walsh @ SafeHaven Property Consulting
[2026-05-06 18:20]     Found contact: 479603793644
[2026-05-06 18:20]     Found company: 321241282296
[2026-05-06 18:20]     ✓ Note created
[2026-05-06 18:20]     ✓ Task created: Review & Send
[2026-05-06 18:20]   Processing: James Rivera @ All Phase Construction USA
[2026-05-06 18:20]     Found contact: 479602591469
[2026-05-06 18:20]     Found company: 321237699305
[2026-05-06 18:20]     ✓ Note created
[2026-05-06 18:20]     ✓ Task created: Review & Send
[2026-05-06 18:20]   Processing: Lisa Feldman @ Coastal Property Management Group
[2026-05-06 18:20]     Found contact: 479553937118
[2026-05-06 18:20]     Found company: 321138130650
[2026-05-06 18:20]     ✓ Note created
[2026-05-06 18:20]     ✓ Task created: Review & Send
[2026-05-06 18:20]   Processing: Carlos Espinoza @ Elite General Contracting
[2026-05-06 18:20]     Found contact: 479600884420
[2026-05-06 18:20]     Found company: 321195074234
[2026-05-06 18:20]     ✓ Note created
[2026-05-06 18:20]     ✓ Task created: Review & Send
[2026-05-06 18:20]   Processing: Anthony Rodriguez @ Florida Insurance Partners LLC
[2026-05-06 18:21]     Found contact: 479587657457
[2026-05-06 18:21]     Found company: 321132722904
[2026-05-06 18:21]     ✓ Note created
[2026-05-06 18:21]     ✓ Task created: Review & Send
[2026-05-06 18:21]   Processing: David Gutierrez @ Prestige Realty Management
[2026-05-06 18:21]     Found contact: 479601995471
[2026-05-06 18:21]     Found company: 321186361051
[2026-05-06 18:21]     ✓ Note created
[2026-05-06 18:21]     ✓ Task created: Review & Send
[2026-05-06 18:21]   Processing: Sarah Chen @ Quantum Roofing Solutions
[2026-05-06 18:21]     Found contact: 479602591468
[2026-05-06 18:21]     Found company: 321163657916
[2026-05-06 18:21]     ✓ Note created
[2026-05-06 18:21]     ✓ Task created: Review & Send
[2026-05-06 18:21]   Processing: Patricia Alvarez @ HOA Advocates Management
[2026-05-06 18:21]     Found contact: 479600738030
[2026-05-06 18:21]     Found company: 321179438796
[2026-05-06 18:21]     ✓ Note created
[2026-05-06 18:21]     ✓ Task created: Review & Send
[2026-05-06 18:21] === Done — 87/87 uploaded ===
[2026-05-06 18:50] === HubSpot enrichment start (DRY RUN) ===
[2026-05-06 18:50] Fetching all HubSpot contacts...
[2026-05-06 18:50] Found 36 contacts
[2026-05-06 18:50]   [DRY] Lisa Feldman: ['website', 'city', 'state', 'industry']
[2026-05-06 18:50]   [DRY] Anthony Rodriguez: ['website', 'city', 'state', 'industry']
[2026-05-06 18:50]   [DRY] Michael Fitzpatrick: ['website', 'city', 'state', 'industry']
[2026-05-06 18:50]   [DRY] Patricia Alvarez: ['website', 'city', 'state', 'industry']
[2026-05-06 18:50]   [DRY] Carlos Espinoza: ['website', 'city', 'state', 'industry']
[2026-05-06 18:50]   [DRY] Michael Thompson: ['website', 'city', 'state', 'industry']
[2026-05-06 18:50]   [DRY] David Gutierrez: ['website', 'city', 'state', 'industry']
[2026-05-06 18:50]   [DRY] Sarah Chen: ['website', 'city', 'state', 'industry']
[2026-05-06 18:50]   [DRY] James Rivera: ['website', 'city', 'state', 'industry']
[2026-05-06 18:50]   [DRY] Jennifer Walsh: ['website', 'city', 'state', 'industry']
[2026-05-06 18:50]   [DRY] Robert Martinez: ['website', 'city', 'state', 'industry']
[2026-05-06 18:50]   [DRY] None Patricia Alvarez: ['jobtitle', 'city', 'state', 'industry', 'company']
[2026-05-06 18:50]   [DRY] None Michael Fitzpatrick: ['jobtitle', 'city', 'state', 'industry', 'company']
[2026-05-06 18:50]   [DRY] None James Rivera: ['jobtitle', 'city', 'state', 'industry', 'company']
[2026-05-06 18:50]   [DRY] None Robert Martinez: ['jobtitle', 'city', 'state', 'industry', 'company']
[2026-05-06 18:50]   [DRY] None David Gutierrez: ['jobtitle', 'city', 'state', 'industry', 'company']
[2026-05-06 18:50]   [DRY] None Carlos Espinoza: ['jobtitle', 'city', 'state', 'industry', 'company']
[2026-05-06 18:50]   [DRY] None Lisa Feldman: ['jobtitle', 'city', 'state', 'industry', 'company']
[2026-05-06 18:50]   [DRY] None Michael Thompson: ['jobtitle', 'city', 'state', 'industry', 'company']
[2026-05-06 18:50]   [DRY] None Jennifer Walsh: ['jobtitle', 'city', 'state', 'industry', 'company']
[2026-05-06 18:50]   [DRY] None Anthony Rodriguez: ['jobtitle', 'city', 'state', 'industry', 'company']
[2026-05-06 18:50]   [DRY] None Sarah Chen: ['jobtitle', 'city', 'state', 'industry', 'company']
[2026-05-06 18:50] Contacts — updated: 22 | skipped (already full): 14
[2026-05-06 18:50] Fetching all HubSpot companies...
[2026-05-06 18:50] Found 82 companies
[2026-05-06 18:50]   [DRY] KLR Roofing Corp.: ['phone', 'website', 'city', 'state', 'industry']
[2026-05-06 18:50]   [DRY] Florida Insurance Partners LLC: ['phone', 'website', 'city', 'state', 'industry']
[2026-05-06 18:50]   [DRY] Coastal Property Management Group: ['phone', 'website', 'city', 'state', 'industry']
[2026-05-06 18:50]   [DRY] Storm Shield Roofing: ['phone', 'website', 'city', 'state', 'industry']
[2026-05-06 18:50]   [DRY] Quantum Roofing Solutions: ['phone', 'website', 'city', 'state', 'industry']
[2026-05-06 18:50]   [DRY] HOA Advocates Management: ['phone', 'website', 'city', 'state', 'industry']
[2026-05-06 18:50]   [DRY] Prestige Realty Management: ['phone', 'website', 'city', 'state', 'industry']
[2026-05-06 18:50]   [DRY] Elite General Contracting: ['phone', 'website', 'city', 'state', 'industry']
[2026-05-06 18:50]   [DRY] Atlantic Water & Mold Solutions: ['phone', 'website', 'city', 'state', 'industry']
[2026-05-06 18:50]   [DRY] All Phase Construction USA: ['phone', 'website', 'city', 'state', 'industry']
[2026-05-06 18:50]   [DRY] SafeHaven Property Consulting: ['phone', 'website', 'city', 'state', 'industry']
[2026-05-06 18:50] Companies — updated: 11 | skipped (already full): 71
[2026-05-06 18:50] === Enrichment complete ===
[2026-05-06 18:50] === HubSpot enrichment start (DRY RUN) ===
[2026-05-06 18:50] Fetching all HubSpot contacts...
[2026-05-06 18:50] Found 36 contacts
[2026-05-06 18:50]   [DRY] Lisa Feldman: ['website', 'city', 'state', 'industry']
[2026-05-06 18:50]   [DRY] Anthony Rodriguez: ['website', 'city', 'state', 'industry']
[2026-05-06 18:50]   [DRY] Michael Fitzpatrick: ['website', 'city', 'state', 'industry']
[2026-05-06 18:50]   [DRY] Patricia Alvarez: ['website', 'city', 'state', 'industry']
[2026-05-06 18:50]   [DRY] Carlos Espinoza: ['website', 'city', 'state', 'industry']
[2026-05-06 18:50]   [DRY] Michael Thompson: ['website', 'city', 'state', 'industry']
[2026-05-06 18:50]   [DRY] David Gutierrez: ['website', 'city', 'state', 'industry']
[2026-05-06 18:50]   [DRY] Sarah Chen: ['website', 'city', 'state', 'industry']
[2026-05-06 18:50]   [DRY] James Rivera: ['website', 'city', 'state', 'industry']
[2026-05-06 18:50]   [DRY] Jennifer Walsh: ['website', 'city', 'state', 'industry']
[2026-05-06 18:50]   [DRY] Robert Martinez: ['website', 'city', 'state', 'industry']
[2026-05-06 18:50]   [DRY] None Patricia Alvarez: ['jobtitle', 'city', 'state', 'industry', 'company']
[2026-05-06 18:50]   [DRY] None Michael Fitzpatrick: ['jobtitle', 'city', 'state', 'industry', 'company']
[2026-05-06 18:50]   [DRY] None James Rivera: ['jobtitle', 'city', 'state', 'industry', 'company']
[2026-05-06 18:50]   [DRY] None Robert Martinez: ['jobtitle', 'city', 'state', 'industry', 'company']
[2026-05-06 18:50]   [DRY] None David Gutierrez: ['jobtitle', 'city', 'state', 'industry', 'company']
[2026-05-06 18:50]   [DRY] None Carlos Espinoza: ['jobtitle', 'city', 'state', 'industry', 'company']
[2026-05-06 18:50]   [DRY] None Lisa Feldman: ['jobtitle', 'city', 'state', 'industry', 'company']
[2026-05-06 18:50]   [DRY] None Michael Thompson: ['jobtitle', 'city', 'state', 'industry', 'company']
[2026-05-06 18:50]   [DRY] None Jennifer Walsh: ['jobtitle', 'city', 'state', 'industry', 'company']
[2026-05-06 18:50]   [DRY] None Anthony Rodriguez: ['jobtitle', 'city', 'state', 'industry', 'company']
[2026-05-06 18:50]   [DRY] None Sarah Chen: ['jobtitle', 'city', 'state', 'industry', 'company']
[2026-05-06 18:50] Contacts — updated: 22 | skipped (already full): 14
[2026-05-06 18:50] Fetching all HubSpot companies...
[2026-05-06 18:50] Found 82 companies
[2026-05-06 18:50]   [DRY] KLR Roofing Corp.: ['phone', 'website', 'city', 'state', 'industry']
[2026-05-06 18:50]   [DRY] Florida Insurance Partners LLC: ['phone', 'website', 'city', 'state', 'industry']
[2026-05-06 18:50]   [DRY] Coastal Property Management Group: ['phone', 'website', 'city', 'state', 'industry']
[2026-05-06 18:50]   [DRY] Storm Shield Roofing: ['phone', 'website', 'city', 'state', 'industry']
[2026-05-06 18:50]   [DRY] Quantum Roofing Solutions: ['phone', 'website', 'city', 'state', 'industry']
[2026-05-06 18:50]   [DRY] HOA Advocates Management: ['phone', 'website', 'city', 'state', 'industry']
[2026-05-06 18:50]   [DRY] Prestige Realty Management: ['phone', 'website', 'city', 'state', 'industry']
[2026-05-06 18:50]   [DRY] Elite General Contracting: ['phone', 'website', 'city', 'state', 'industry']
[2026-05-06 18:50]   [DRY] Atlantic Water & Mold Solutions: ['phone', 'website', 'city', 'state', 'industry']
[2026-05-06 18:50]   [DRY] All Phase Construction USA: ['phone', 'website', 'city', 'state', 'industry']
[2026-05-06 18:50]   [DRY] SafeHaven Property Consulting: ['phone', 'website', 'city', 'state', 'industry']
[2026-05-06 18:50] Companies — updated: 11 | skipped (already full): 71
[2026-05-06 18:50] === Enrichment complete ===
[2026-05-06 18:50] === HubSpot enrichment start (LIVE) ===
[2026-05-06 18:50] Fetching all HubSpot contacts...
[2026-05-06 18:50] Found 36 contacts
[2026-05-06 18:50]   ✓ Lisa Feldman: ['website', 'city', 'state', 'industry']
[2026-05-06 18:50]   ✓ Anthony Rodriguez: ['website', 'city', 'state', 'industry']
[2026-05-06 18:50]   ✓ Michael Fitzpatrick: ['website', 'city', 'state', 'industry']
[2026-05-06 18:50]   ✓ Patricia Alvarez: ['website', 'city', 'state', 'industry']
[2026-05-06 18:50]   ✓ Carlos Espinoza: ['website', 'city', 'state', 'industry']
[2026-05-06 18:50]   ✓ Michael Thompson: ['website', 'city', 'state', 'industry']
[2026-05-06 18:50]   ✓ David Gutierrez: ['website', 'city', 'state', 'industry']
[2026-05-06 18:50]   ✓ Sarah Chen: ['website', 'city', 'state', 'industry']
[2026-05-06 18:50]   ✓ James Rivera: ['website', 'city', 'state', 'industry']
[2026-05-06 18:50]   ✓ Jennifer Walsh: ['website', 'city', 'state', 'industry']
[2026-05-06 18:50]   ✓ Robert Martinez: ['website', 'city', 'state', 'industry']
[2026-05-06 18:50]   ✓ None Patricia Alvarez: ['jobtitle', 'city', 'state', 'industry', 'company']
[2026-05-06 18:50]   ✓ None Michael Fitzpatrick: ['jobtitle', 'city', 'state', 'industry', 'company']
[2026-05-06 18:50]   ✓ None James Rivera: ['jobtitle', 'city', 'state', 'industry', 'company']
[2026-05-06 18:50]   ✓ None Robert Martinez: ['jobtitle', 'city', 'state', 'industry', 'company']
[2026-05-06 18:50]   ✓ None David Gutierrez: ['jobtitle', 'city', 'state', 'industry', 'company']
[2026-05-06 18:50]   ✓ None Carlos Espinoza: ['jobtitle', 'city', 'state', 'industry', 'company']
[2026-05-06 18:50]   ✓ None Lisa Feldman: ['jobtitle', 'city', 'state', 'industry', 'company']
[2026-05-06 18:50]   ✓ None Michael Thompson: ['jobtitle', 'city', 'state', 'industry', 'company']
[2026-05-06 18:50]   ✓ None Jennifer Walsh: ['jobtitle', 'city', 'state', 'industry', 'company']
[2026-05-06 18:50]   ✓ None Anthony Rodriguez: ['jobtitle', 'city', 'state', 'industry', 'company']
[2026-05-06 18:50]   ✓ None Sarah Chen: ['jobtitle', 'city', 'state', 'industry', 'company']
[2026-05-06 18:50] Contacts — updated: 22 | skipped (already full): 14
[2026-05-06 18:50] Fetching all HubSpot companies...
[2026-05-06 18:50] Found 82 companies
[2026-05-06 18:50]   ✗ KLR Roofing Corp.: patch failed
[2026-05-06 18:50]   ✗ Florida Insurance Partners LLC: patch failed
[2026-05-06 18:50]   ✗ Coastal Property Management Group: patch failed
[2026-05-06 18:50]   ✗ Storm Shield Roofing: patch failed
[2026-05-06 18:50]   ✗ Quantum Roofing Solutions: patch failed
[2026-05-06 18:50]   ✗ HOA Advocates Management: patch failed
[2026-05-06 18:50]   ✗ Prestige Realty Management: patch failed
[2026-05-06 18:50]   ✗ Elite General Contracting: patch failed
[2026-05-06 18:50]   ✗ Atlantic Water & Mold Solutions: patch failed
[2026-05-06 18:50]   ✗ All Phase Construction USA: patch failed
[2026-05-06 18:50]   ✗ SafeHaven Property Consulting: patch failed
[2026-05-06 18:50] Companies — updated: 0 | skipped (already full): 71
[2026-05-06 18:50] === Enrichment complete ===
[2026-05-06 18:51] === HubSpot enrichment start (LIVE) ===
[2026-05-06 18:51] Fetching all HubSpot contacts...
[2026-05-06 18:51] Found 36 contacts
[2026-05-06 18:51] Contacts — updated: 0 | skipped (already full): 36
[2026-05-06 18:51] Fetching all HubSpot companies...
[2026-05-06 18:51] Found 82 companies
[2026-05-06 18:51]   ✓ KLR Roofing Corp.: ['phone', 'website', 'city', 'state', 'industry']
[2026-05-06 18:51]   ✓ Florida Insurance Partners LLC: ['phone', 'website', 'city', 'state', 'industry']
[2026-05-06 18:51]   ✓ Coastal Property Management Group: ['phone', 'website', 'city', 'state', 'industry']
[2026-05-06 18:51]   ✓ Storm Shield Roofing: ['phone', 'website', 'city', 'state', 'industry']
[2026-05-06 18:51]   ✓ Quantum Roofing Solutions: ['phone', 'website', 'city', 'state', 'industry']
[2026-05-06 18:51]   ✓ HOA Advocates Management: ['phone', 'website', 'city', 'state', 'industry']
[2026-05-06 18:51]   ✓ Prestige Realty Management: ['phone', 'website', 'city', 'state', 'industry']
[2026-05-06 18:51]   ✓ Elite General Contracting: ['phone', 'website', 'city', 'state', 'industry']
[2026-05-06 18:51]   ✓ Atlantic Water & Mold Solutions: ['phone', 'website', 'city', 'state', 'industry']
[2026-05-06 18:51]   ✓ All Phase Construction USA: ['phone', 'website', 'city', 'state', 'industry']
[2026-05-06 18:51]   ✓ SafeHaven Property Consulting: ['phone', 'website', 'city', 'state', 'industry']
[2026-05-06 18:51] Companies — updated: 11 | skipped (already full): 71
[2026-05-06 18:51] === Enrichment complete ===
