[2026-05-12T18:07:51] === IMAP bridge run (last_uid=0) ===
[2026-05-12T18:07:51] Fetching HubSpot contacts…
[2026-05-12T18:07:52]   Loaded 152 contacts
[2026-05-12T18:07:52] Connecting to Gmail IMAP…
[2026-05-12T18:07:53]   135 messages to inspect
[2026-05-12T18:08:20]   ✓ REPLY   → dlittlej54@gmail.com (contact 482126397154)  subject: =?big5?B?UmU6IFNvdXRoIEZsb3JpZGEgUHJvcGVydHkgSW50ZWxsaWdlbmN
[2026-05-12T18:08:29]   ✗ BOUNCE  → info@hoaadvocatesfl.com failed (400)
[2026-05-12T18:08:30]   ✗ BOUNCE  → info@atlanticwaterfl.com failed (400)
[2026-05-12T18:08:31]   ✗ BOUNCE  → info@prestigerealty.com failed (400)
[2026-05-12T18:08:32]   ✗ BOUNCE  → info@quantumroofing.com failed (400)
[2026-05-12T18:08:33]   ✗ BOUNCE  → info@stormshieldfl.com failed (400)
[2026-05-12T18:08:33]   ✗ BOUNCE  → info@klrroofing.com failed (400)
[2026-05-12T18:08:34]   ✗ BOUNCE  → info@northcountyplumbing.org failed (400)
[2026-05-12T18:08:36]   ✗ BOUNCE  → info@craftrealtyhomes.com failed (400)
[2026-05-12T18:08:37]   ✗ BOUNCE  → info@toprooferwestpalmbeach.com failed (400)
[2026-05-12T18:08:38]   ✗ BOUNCE  → info@leonroofingpro.com failed (400)
[2026-05-12T18:08:40]   ✓ REPLY   → dlittlej54@gmail.com (contact 482126397154)  subject: =?big5?B?UmU6IFNvdXRoIEZsb3JpZGEgUHJvcGVydHkgSW50ZWxsaWdlbmN
[2026-05-12T18:08:42]   ✓ REPLY   → dlittlej54@gmail.com (contact 482126397154)  subject: =?UTF-8?Q?Accepted=3A_Insurance_Claim_Consultation_=E2=80=94
[2026-05-12T18:08:42]   ✗ BOUNCE  → info@firstdegreeairconditioning.com failed (400)
[2026-05-12T18:08:43] === Done. Bounces logged: 0  Replies logged: 3  Max UID: 135 ===
[2026-05-12T18:08:43] 
[2026-05-12T18:09:05] === IMAP bridge run (last_uid=0) ===
[2026-05-12T18:09:05] Fetching HubSpot contacts…
[2026-05-12T18:09:05]   Loaded 152 contacts
[2026-05-12T18:09:05] Connecting to Gmail IMAP…
[2026-05-12T18:09:06]   135 messages to inspect
[2026-05-12T18:09:16]   ✓ BOUNCE  → info@hoaadvocatesfl.com (contact 479600738030)  reason: Unspecified bounce
[2026-05-12T18:09:17]   ✓ BOUNCE  → info@atlanticwaterfl.com (contact 479601273566)  reason: Unspecified bounce
[2026-05-12T18:09:18]   ✓ BOUNCE  → info@prestigerealty.com (contact 479601995471)  reason: 550 5.1.1 The email account that you tried to reach does not exist. Please try d
[2026-05-12T18:09:20]   ✓ BOUNCE  → info@quantumroofing.com (contact 479602591468)  reason: Unspecified bounce
[2026-05-12T18:09:21]   ✓ BOUNCE  → info@stormshieldfl.com (contact 479624308459)  reason: Unspecified bounce
[2026-05-12T18:09:22]   ✓ BOUNCE  → info@klrroofing.com (contact 480312992475)  reason: 550 5.1.1 The email account that you tried to reach does not exist. Please try d
[2026-05-12T18:09:23]   ✓ BOUNCE  → info@northcountyplumbing.org (contact 482670198459)  reason: 550 No Such User Here"
[2026-05-12T18:09:24]   ✓ BOUNCE  → info@craftrealtyhomes.com (contact 482680182489)  reason: 550 No Such User Here"
[2026-05-12T18:09:26]   ✓ BOUNCE  → info@toprooferwestpalmbeach.com (contact 482671026916)  reason: Unspecified bounce
[2026-05-12T18:09:27]   ✓ BOUNCE  → info@leonroofingpro.com (contact 482670908148)  reason: 554 5.7.1 <info@leonroofingpro.com>: Relay access denied
[2026-05-12T18:09:28]   ✓ BOUNCE  → info@firstdegreeairconditioning.com (contact 482723403513)  reason: 550 5.1.1 <info@firstdegreeairconditioning.com>: Recipient address rejected: Use
[2026-05-12T18:09:28] === Done. Bounces logged: 11  Replies logged: 0  Max UID: 135 ===
[2026-05-12T18:09:28] 
[2026-05-13T09:05:00] === IMAP bridge run (last_uid=135) ===
[2026-05-13T09:05:00] Fetching HubSpot contacts…
[2026-05-13T09:05:01]   Loaded 152 contacts
[2026-05-13T09:05:01] Connecting to Gmail IMAP…
[2026-05-13T09:05:02]   12 messages to inspect
[2026-05-13T09:05:06] === Done. Bounces logged: 0  Replies logged: 0  Max UID: 147 ===
[2026-05-13T09:05:06] 
[2026-05-13T09:05:00] === IMAP bridge run (last_uid=135) ===
[2026-05-13T09:05:00] Fetching HubSpot contacts…
[2026-05-13T09:05:01]   Loaded 152 contacts
[2026-05-13T09:05:01] Connecting to Gmail IMAP…
[2026-05-13T09:05:02]   12 messages to inspect
[2026-05-13T09:05:06] === Done. Bounces logged: 0  Replies logged: 0  Max UID: 147 ===
[2026-05-13T09:05:06] 
[2026-05-13T14:05:00] === IMAP bridge run (last_uid=147) ===
[2026-05-13T14:05:00] Fetching HubSpot contacts…
[2026-05-13T14:05:01]   Loaded 194 contacts
[2026-05-13T14:05:01] Connecting to Gmail IMAP…
[2026-05-13T14:05:02]   7 messages to inspect
[2026-05-13T14:05:04] === Done. Bounces logged: 0  Replies logged: 0  Max UID: 154 ===
[2026-05-13T14:05:04] 
[2026-05-13T14:05:00] === IMAP bridge run (last_uid=147) ===
[2026-05-13T14:05:00] Fetching HubSpot contacts…
[2026-05-13T14:05:01]   Loaded 194 contacts
[2026-05-13T14:05:01] Connecting to Gmail IMAP…
[2026-05-13T14:05:02]   7 messages to inspect
[2026-05-13T14:05:04] === Done. Bounces logged: 0  Replies logged: 0  Max UID: 154 ===
[2026-05-13T14:05:04] 
[2026-05-13T17:05:01] === IMAP bridge run (last_uid=154) ===
[2026-05-13T17:05:01] Fetching HubSpot contacts…
[2026-05-13T17:05:02]   Loaded 194 contacts
[2026-05-13T17:05:02] Connecting to Gmail IMAP…
[2026-05-13T17:05:03]   4 messages to inspect
[2026-05-13T17:05:04] === Done. Bounces logged: 0  Replies logged: 0  Max UID: 158 ===
[2026-05-13T17:05:04] 
[2026-05-13T17:05:01] === IMAP bridge run (last_uid=154) ===
[2026-05-13T17:05:01] Fetching HubSpot contacts…
[2026-05-13T17:05:02]   Loaded 194 contacts
[2026-05-13T17:05:02] Connecting to Gmail IMAP…
[2026-05-13T17:05:03]   4 messages to inspect
[2026-05-13T17:05:04] === Done. Bounces logged: 0  Replies logged: 0  Max UID: 158 ===
[2026-05-13T17:05:04] 
[2026-05-13T18:05:01] === IMAP bridge run (last_uid=158) ===
[2026-05-13T18:05:01] Fetching HubSpot contacts…
[2026-05-13T18:05:02]   Loaded 194 contacts
[2026-05-13T18:05:02] Connecting to Gmail IMAP…
[2026-05-13T18:05:03]   1 messages to inspect
[2026-05-13T18:05:03] === Done. Bounces logged: 0  Replies logged: 0  Max UID: 158 ===
[2026-05-13T18:05:03] 
[2026-05-13T18:05:01] === IMAP bridge run (last_uid=158) ===
[2026-05-13T18:05:01] Fetching HubSpot contacts…
[2026-05-13T18:05:02]   Loaded 194 contacts
[2026-05-13T18:05:02] Connecting to Gmail IMAP…
[2026-05-13T18:05:03]   1 messages to inspect
[2026-05-13T18:05:03] === Done. Bounces logged: 0  Replies logged: 0  Max UID: 158 ===
[2026-05-13T18:05:03] 
[2026-05-13T19:05:00] === IMAP bridge run (last_uid=158) ===
[2026-05-13T19:05:00] Fetching HubSpot contacts…
[2026-05-13T19:05:02]   Loaded 189 contacts
[2026-05-13T19:05:02] Connecting to Gmail IMAP…
[2026-05-13T19:05:02]   1 messages to inspect
[2026-05-13T19:05:02] === Done. Bounces logged: 0  Replies logged: 0  Max UID: 158 ===
[2026-05-13T19:05:02] 
[2026-05-13T19:05:00] === IMAP bridge run (last_uid=158) ===
[2026-05-13T19:05:00] Fetching HubSpot contacts…
[2026-05-13T19:05:02]   Loaded 189 contacts
[2026-05-13T19:05:02] Connecting to Gmail IMAP…
[2026-05-13T19:05:02]   1 messages to inspect
[2026-05-13T19:05:02] === Done. Bounces logged: 0  Replies logged: 0  Max UID: 158 ===
[2026-05-13T19:05:02] 
[2026-05-14T14:14:19] === IMAP bridge run (last_uid=158) ===
[2026-05-14T14:14:19] Fetching HubSpot contacts…
[2026-05-14T14:14:20]   Loaded 185 contacts
[2026-05-14T14:14:20] Connecting to Gmail IMAP…
[2026-05-14T14:14:21]   14 messages to inspect
[2026-05-14T14:14:28]   ✓ REPLY   → duncanlittlejohn727@gmail.com (contact 479251913405)  subject: =?utf-8?q?South_Florida_Property_Intelligence_=E2=80=94_May_
[2026-05-14T14:14:28] === Done. Bounces logged: 0  Replies logged: 1  Max UID: 172 ===
[2026-05-14T14:14:28] 
[2026-05-14T14:14:19] === IMAP bridge run (last_uid=158) ===
[2026-05-14T14:14:19] Fetching HubSpot contacts…
[2026-05-14T14:14:20]   Loaded 185 contacts
[2026-05-14T14:14:20] Connecting to Gmail IMAP…
[2026-05-14T14:14:21]   14 messages to inspect
[2026-05-14T14:14:28]   ✓ REPLY   → duncanlittlejohn727@gmail.com (contact 479251913405)  subject: =?utf-8?q?South_Florida_Property_Intelligence_=E2=80=94_May_
[2026-05-14T14:14:28] === Done. Bounces logged: 0  Replies logged: 1  Max UID: 172 ===
[2026-05-14T14:14:28] 
[2026-05-14T14:56:33] === IMAP bridge run (last_uid=172) ===
[2026-05-14T14:56:33] Fetching HubSpot contacts…
[2026-05-14T14:56:34]   Loaded 188 contacts
[2026-05-14T14:56:34] Connecting to Gmail IMAP…
[2026-05-14T14:56:35]   5 messages to inspect
[2026-05-14T14:56:37]   ✓ BOUNCE  → info@loxahatcheecountrysidehvac.com (contact 482718061252)  reason: 554 5.1.1 <info@loxahatcheecountrysidehvac.com>: Recipient address rejected: und
[2026-05-14T14:56:38] === Done. Bounces logged: 1  Replies logged: 0  Max UID: 177 ===
[2026-05-14T14:56:38] 
[2026-05-14T15:05:01] === IMAP bridge run (last_uid=177) ===
[2026-05-14T15:05:01] Fetching HubSpot contacts…
[2026-05-14T15:05:02]   Loaded 188 contacts
[2026-05-14T15:05:02] Connecting to Gmail IMAP…
[2026-05-14T15:05:02]   1 messages to inspect
[2026-05-14T15:05:04]   ✓ REPLY   → dlittlej54@gmail.com (contact 482126397154)  subject: =?Windows-1252?Q?Re:_South_Florida_Property_Intelligence_=97
[2026-05-14T15:05:04] === Done. Bounces logged: 0  Replies logged: 1  Max UID: 178 ===
[2026-05-14T15:05:04] 
[2026-05-14T15:05:01] === IMAP bridge run (last_uid=177) ===
[2026-05-14T15:05:01] Fetching HubSpot contacts…
[2026-05-14T15:05:02]   Loaded 188 contacts
[2026-05-14T15:05:02] Connecting to Gmail IMAP…
[2026-05-14T15:05:02]   1 messages to inspect
[2026-05-14T15:05:04]   ✓ REPLY   → dlittlej54@gmail.com (contact 482126397154)  subject: =?Windows-1252?Q?Re:_South_Florida_Property_Intelligence_=97
[2026-05-14T15:05:04] === Done. Bounces logged: 0  Replies logged: 1  Max UID: 178 ===
[2026-05-14T15:05:04] 
[2026-05-14T16:36:37] === IMAP bridge run (last_uid=178) ===
[2026-05-14T16:36:37] Fetching HubSpot contacts…
[2026-05-14T16:36:38]   Loaded 188 contacts
[2026-05-14T16:36:38] Connecting to Gmail IMAP…
[2026-05-14T16:36:39]   4 messages to inspect
[2026-05-14T16:36:40]   ✓ REPLY   → info@seracconstruction.com (contact 484612934337)  subject: =?UTF-8?Q?Re=3A_Homeowners_are_asking_me_for_contracting_ref
[2026-05-14T16:36:41] === Done. Bounces logged: 0  Replies logged: 1  Max UID: 182 ===
[2026-05-14T16:36:41] 
[2026-05-14T16:36:37] === IMAP bridge run (last_uid=178) ===
[2026-05-14T16:36:37] Fetching HubSpot contacts…
[2026-05-14T16:36:38]   Loaded 188 contacts
[2026-05-14T16:36:38] Connecting to Gmail IMAP…
[2026-05-14T16:36:39]   4 messages to inspect
[2026-05-14T16:36:40]   ✓ REPLY   → info@seracconstruction.com (contact 484612934337)  subject: =?UTF-8?Q?Re=3A_Homeowners_are_asking_me_for_contracting_ref
[2026-05-14T16:36:41] === Done. Bounces logged: 0  Replies logged: 1  Max UID: 182 ===
[2026-05-14T16:36:41] 
[2026-05-14T16:57:36] === IMAP bridge run (last_uid=182) ===
[2026-05-14T16:57:36] Fetching HubSpot contacts…
[2026-05-14T16:57:37]   Loaded 188 contacts
[2026-05-14T16:57:37] Connecting to Gmail IMAP…
[2026-05-14T16:57:37]   1 messages to inspect
[2026-05-14T16:57:37] === Done. Bounces: 0  Replies: 0  Calendly deals: 0  Max UID: 182 ===
[2026-05-14T16:57:37] 
[2026-05-14T17:05:00] === IMAP bridge run (last_uid=182) ===
[2026-05-14T17:05:00] Fetching HubSpot contacts…
[2026-05-14T17:05:02]   Loaded 188 contacts
[2026-05-14T17:05:02] Connecting to Gmail IMAP…
[2026-05-14T17:05:02]   1 messages to inspect
[2026-05-14T17:05:02] === Done. Bounces: 0  Replies: 0  Calendly deals: 0  Max UID: 182 ===
[2026-05-14T17:05:02] 
[2026-05-14T17:05:00] === IMAP bridge run (last_uid=182) ===
[2026-05-14T17:05:00] Fetching HubSpot contacts…
[2026-05-14T17:05:02]   Loaded 188 contacts
[2026-05-14T17:05:02] Connecting to Gmail IMAP…
[2026-05-14T17:05:02]   1 messages to inspect
[2026-05-14T17:05:02] === Done. Bounces: 0  Replies: 0  Calendly deals: 0  Max UID: 182 ===
[2026-05-14T17:05:02] 
[2026-05-14T17:44:54] === IMAP bridge run (last_uid=182) ===
[2026-05-14T17:44:54] Fetching HubSpot contacts…
[2026-05-14T17:44:55]   Loaded 188 contacts
[2026-05-14T17:44:55] Connecting to Gmail IMAP…
[2026-05-14T17:44:56]   1 messages to inspect
[2026-05-14T17:44:56] === Done. Bounces: 0  Replies: 0  Calendly deals: 0  Max UID: 182 ===
[2026-05-14T17:44:56] 
[2026-05-14T18:05:00] === IMAP bridge run (last_uid=182) ===
[2026-05-14T18:05:00] Fetching HubSpot contacts…
[2026-05-14T18:05:01]   Loaded 188 contacts
[2026-05-14T18:05:01] Connecting to Gmail IMAP…
[2026-05-14T18:05:02]   1 messages to inspect
[2026-05-14T18:05:02] === Done. Bounces: 0  Replies: 0  Calendly deals: 0  Max UID: 182 ===
[2026-05-14T18:05:02] 
[2026-05-14T18:05:00] === IMAP bridge run (last_uid=182) ===
[2026-05-14T18:05:00] Fetching HubSpot contacts…
[2026-05-14T18:05:01]   Loaded 188 contacts
[2026-05-14T18:05:01] Connecting to Gmail IMAP…
[2026-05-14T18:05:02]   1 messages to inspect
[2026-05-14T18:05:02] === Done. Bounces: 0  Replies: 0  Calendly deals: 0  Max UID: 182 ===
[2026-05-14T18:05:02] 
[2026-05-14T18:08:17] === IMAP bridge run (last_uid=182) ===
[2026-05-14T18:08:17] Fetching HubSpot contacts…
[2026-05-14T18:08:18]   Loaded 188 contacts
[2026-05-14T18:08:18] Connecting to Gmail IMAP…
[2026-05-14T18:08:19]   1 messages to inspect
[2026-05-14T18:08:19] === Done. Hard bounces: 0  Soft bounces: 0  Replies: 0  Calendly deals: 0  Max UID: 182 ===
[2026-05-14T18:08:19] 
[2026-05-14T19:42:45] === IMAP bridge run (last_uid=182) ===
[2026-05-14T19:42:45] Fetching HubSpot contacts…
[2026-05-14T19:42:46]   Loaded 188 contacts
[2026-05-14T19:42:46] Connecting to Gmail IMAP…
[2026-05-14T19:42:47]   1 messages to inspect
[2026-05-14T19:42:47] === Done. Hard bounces: 0  Soft bounces: 0  Replies: 0  Calendly deals: 0  Max UID: 183 ===
[2026-05-14T19:42:47] 
[2026-05-14T19:42:45] === IMAP bridge run (last_uid=182) ===
[2026-05-14T19:42:45] Fetching HubSpot contacts…
[2026-05-14T19:42:46]   Loaded 188 contacts
[2026-05-14T19:42:46] Connecting to Gmail IMAP…
[2026-05-14T19:42:47]   1 messages to inspect
[2026-05-14T19:42:47] === Done. Hard bounces: 0  Soft bounces: 0  Replies: 0  Calendly deals: 0  Max UID: 183 ===
[2026-05-14T19:42:47] 
[2026-05-15T05:05:01] === IMAP bridge run (last_uid=183) ===
[2026-05-15T05:05:01] Fetching HubSpot contacts…
[2026-05-15T05:05:02]   Loaded 188 contacts
[2026-05-15T05:05:02] Connecting to Gmail IMAP…
[2026-05-15T05:05:02]   11 messages to inspect
[2026-05-15T05:05:04]   ✓ BOUNCE  → info@coastalproperty.com (contact 479553937118)  reason: Unspecified bounce
[2026-05-15T05:05:05] === Done. Hard bounces: 1  Soft bounces: 0  Replies: 0  Calendly deals: 0  Max UID: 194 ===
[2026-05-15T05:05:05] 
[2026-05-15T05:05:01] === IMAP bridge run (last_uid=183) ===
[2026-05-15T05:05:01] Fetching HubSpot contacts…
[2026-05-15T05:05:02]   Loaded 188 contacts
[2026-05-15T05:05:02] Connecting to Gmail IMAP…
[2026-05-15T05:05:02]   11 messages to inspect
[2026-05-15T05:05:04]   ✓ BOUNCE  → info@coastalproperty.com (contact 479553937118)  reason: Unspecified bounce
[2026-05-15T05:05:05] === Done. Hard bounces: 1  Soft bounces: 0  Replies: 0  Calendly deals: 0  Max UID: 194 ===
[2026-05-15T05:05:05] 
[2026-05-15T10:50:11] === IMAP bridge run (last_uid=194) ===
[2026-05-15T10:50:11] Fetching HubSpot contacts…
[2026-05-15T10:50:12]   Loaded 201 contacts
[2026-05-15T10:50:12] Connecting to Gmail IMAP…
[2026-05-15T10:50:12]   4 messages to inspect
[2026-05-15T10:50:14]   ✓ REPLY   → dlittlej54@gmail.com (contact 482126397154)  subject: =?utf-8?B?UmU6IFNvdXRoIEZsb3JpZGEgUHJvcGVydHkgSW50ZWxsaWdlbm
[2026-05-15T10:50:15]   ✓ BOUNCE  → info@pavonrealtygroup.com (contact 486173350630)  reason: 550 5.4.1 Recipient address rejected: Access denied. For more information see ht
[2026-05-15T10:50:15] === Done. Hard bounces: 1  Soft bounces: 0  Replies: 1  Calendly deals: 0  Max UID: 198 ===
[2026-05-15T10:50:15] 
[2026-05-15T10:50:11] === IMAP bridge run (last_uid=194) ===
[2026-05-15T10:50:11] Fetching HubSpot contacts…
[2026-05-15T10:50:12]   Loaded 201 contacts
[2026-05-15T10:50:12] Connecting to Gmail IMAP…
[2026-05-15T10:50:12]   4 messages to inspect
[2026-05-15T10:50:14]   ✓ REPLY   → dlittlej54@gmail.com (contact 482126397154)  subject: =?utf-8?B?UmU6IFNvdXRoIEZsb3JpZGEgUHJvcGVydHkgSW50ZWxsaWdlbm
[2026-05-15T10:50:15]   ✓ BOUNCE  → info@pavonrealtygroup.com (contact 486173350630)  reason: 550 5.4.1 Recipient address rejected: Access denied. For more information see ht
[2026-05-15T10:50:15] === Done. Hard bounces: 1  Soft bounces: 0  Replies: 1  Calendly deals: 0  Max UID: 198 ===
[2026-05-15T10:50:15] 
[2026-05-15T11:05:00] === IMAP bridge run (last_uid=198) ===
[2026-05-15T11:05:00] Fetching HubSpot contacts…
[2026-05-15T11:05:02]   Loaded 201 contacts
[2026-05-15T11:05:02] Connecting to Gmail IMAP…
[2026-05-15T11:05:03]   1 messages to inspect
[2026-05-15T11:05:03] === Done. Hard bounces: 0  Soft bounces: 0  Replies: 0  Calendly deals: 0  Max UID: 198 ===
[2026-05-15T11:05:03] 
[2026-05-15T11:05:00] === IMAP bridge run (last_uid=198) ===
[2026-05-15T11:05:00] Fetching HubSpot contacts…
[2026-05-15T11:05:02]   Loaded 201 contacts
[2026-05-15T11:05:02] Connecting to Gmail IMAP…
[2026-05-15T11:05:03]   1 messages to inspect
[2026-05-15T11:05:03] === Done. Hard bounces: 0  Soft bounces: 0  Replies: 0  Calendly deals: 0  Max UID: 198 ===
[2026-05-15T11:05:03] 
[2026-05-15T12:05:00] === IMAP bridge run (last_uid=198) ===
[2026-05-15T12:05:00] Fetching HubSpot contacts…
[2026-05-15T12:05:01]   Loaded 201 contacts
[2026-05-15T12:05:01] Connecting to Gmail IMAP…
[2026-05-15T12:05:02]   1 messages to inspect
[2026-05-15T12:05:02] === Done. Hard bounces: 0  Soft bounces: 0  Replies: 0  Calendly deals: 0  Max UID: 199 ===
[2026-05-15T12:05:02] 
[2026-05-15T12:05:00] === IMAP bridge run (last_uid=198) ===
[2026-05-15T12:05:00] Fetching HubSpot contacts…
[2026-05-15T12:05:01]   Loaded 201 contacts
[2026-05-15T12:05:01] Connecting to Gmail IMAP…
[2026-05-15T12:05:02]   1 messages to inspect
[2026-05-15T12:05:02] === Done. Hard bounces: 0  Soft bounces: 0  Replies: 0  Calendly deals: 0  Max UID: 199 ===
[2026-05-15T12:05:02] 
[2026-05-15T15:57:43] === IMAP bridge run (last_uid=199) ===
[2026-05-15T15:57:43] Fetching HubSpot contacts…
[2026-05-15T15:57:44]   Loaded 201 contacts
[2026-05-15T15:57:44] Connecting to Gmail IMAP…
[2026-05-15T15:57:45]   7 messages to inspect
[2026-05-15T15:57:47]   ✓ REPLY   → dlittlej54@gmail.com (contact 482126397154)  subject: =?utf-8?Q?Re:_South_Florida_Property_Intelligence_=E2=80=94_
[2026-05-15T15:57:48]   ✓ BOUNCE  → info@homerestorationflorida.com (contact 482674742985)  reason: The recipient server did not accept our requests to connect. For more informatio
[2026-05-15T15:57:48]   ⚠ SOFT BOUNCE → info@accoolair.com (contact 485550222070)  reason: There was a temporary problem delivering your message to info@accoolair.com. Gma
[2026-05-15T15:57:50]   ✓ BOUNCE  → info@palm-beach-county-north.pauldavis.com (contact 482670911191)  reason: The recipient server did not accept our requests to connect. For more informatio
[2026-05-15T15:57:50] === Done. Hard bounces: 2  Soft bounces: 1  Replies: 1  Calendly deals: 0  Max UID: 206 ===
[2026-05-15T15:57:50] 
[2026-05-15T15:57:43] === IMAP bridge run (last_uid=199) ===
[2026-05-15T15:57:43] Fetching HubSpot contacts…
[2026-05-15T15:57:44]   Loaded 201 contacts
[2026-05-15T15:57:44] Connecting to Gmail IMAP…
[2026-05-15T15:57:45]   7 messages to inspect
[2026-05-15T15:57:47]   ✓ REPLY   → dlittlej54@gmail.com (contact 482126397154)  subject: =?utf-8?Q?Re:_South_Florida_Property_Intelligence_=E2=80=94_
[2026-05-15T15:57:48]   ✓ BOUNCE  → info@homerestorationflorida.com (contact 482674742985)  reason: The recipient server did not accept our requests to connect. For more informatio
[2026-05-15T15:57:48]   ⚠ SOFT BOUNCE → info@accoolair.com (contact 485550222070)  reason: There was a temporary problem delivering your message to info@accoolair.com. Gma
[2026-05-15T15:57:50]   ✓ BOUNCE  → info@palm-beach-county-north.pauldavis.com (contact 482670911191)  reason: The recipient server did not accept our requests to connect. For more informatio
[2026-05-15T15:57:50] === Done. Hard bounces: 2  Soft bounces: 1  Replies: 1  Calendly deals: 0  Max UID: 206 ===
[2026-05-15T15:57:50] 
[2026-05-15T16:05:01] === IMAP bridge run (last_uid=206) ===
[2026-05-15T16:05:01] Fetching HubSpot contacts…
[2026-05-15T16:05:02]   Loaded 201 contacts
[2026-05-15T16:05:02] Connecting to Gmail IMAP…
[2026-05-15T16:05:03]   1 messages to inspect
[2026-05-15T16:05:03] === Done. Hard bounces: 0  Soft bounces: 0  Replies: 0  Calendly deals: 0  Max UID: 206 ===
[2026-05-15T16:05:03] 
[2026-05-15T16:05:01] === IMAP bridge run (last_uid=206) ===
[2026-05-15T16:05:01] Fetching HubSpot contacts…
[2026-05-15T16:05:02]   Loaded 201 contacts
[2026-05-15T16:05:02] Connecting to Gmail IMAP…
[2026-05-15T16:05:03]   1 messages to inspect
[2026-05-15T16:05:03] === Done. Hard bounces: 0  Soft bounces: 0  Replies: 0  Calendly deals: 0  Max UID: 206 ===
[2026-05-15T16:05:03] 
[2026-05-16T04:51:10] === IMAP bridge run (last_uid=206) ===
[2026-05-16T04:51:10] Fetching HubSpot contacts…
[2026-05-16T04:51:10] === IMAP bridge run (last_uid=206) ===
[2026-05-16T04:51:10] Fetching HubSpot contacts…
Traceback (most recent call last):
  File "/Users/victoria/.openclaw/workspace/scripts/imap_bridge.py", line 591, in <module>
    main()
  File "/Users/victoria/.openclaw/workspace/scripts/imap_bridge.py", line 502, in main
    contacts_by_email = fetch_hubspot_contacts_by_email()
  File "/Users/victoria/.openclaw/workspace/scripts/imap_bridge.py", line 136, in fetch_hubspot_contacts_by_email
    status, data = hs_request("GET", path)
  File "/Users/victoria/.openclaw/workspace/scripts/imap_bridge.py", line 122, in hs_request
    with urllib.request.urlopen(req) as resp:
  File "/Library/Developer/CommandLineTools/Library/Frameworks/Python3.framework/Versions/3.9/lib/python3.9/urllib/request.py", line 214, in urlopen
    return opener.open(url, data, timeout)
  File "/Library/Developer/CommandLineTools/Library/Frameworks/Python3.framework/Versions/3.9/lib/python3.9/urllib/request.py", line 517, in open
    response = self._open(req, data)
  File "/Library/Developer/CommandLineTools/Library/Frameworks/Python3.framework/Versions/3.9/lib/python3.9/urllib/request.py", line 534, in _open
    result = self._call_chain(self.handle_open, protocol, protocol +
  File "/Library/Developer/CommandLineTools/Library/Frameworks/Python3.framework/Versions/3.9/lib/python3.9/urllib/request.py", line 494, in _call_chain
    result = func(*args)
  File "/Library/Developer/CommandLineTools/Library/Frameworks/Python3.framework/Versions/3.9/lib/python3.9/urllib/request.py", line 1389, in https_open
    return self.do_open(http.client.HTTPSConnection, req,
  File "/Library/Developer/CommandLineTools/Library/Frameworks/Python3.framework/Versions/3.9/lib/python3.9/urllib/request.py", line 1350, in do_open
    r = h.getresponse()
  File "/Library/Developer/CommandLineTools/Library/Frameworks/Python3.framework/Versions/3.9/lib/python3.9/http/client.py", line 1349, in getresponse
    response.begin()
  File "/Library/Developer/CommandLineTools/Library/Frameworks/Python3.framework/Versions/3.9/lib/python3.9/http/client.py", line 316, in begin
    version, status, reason = self._read_status()
  File "/Library/Developer/CommandLineTools/Library/Frameworks/Python3.framework/Versions/3.9/lib/python3.9/http/client.py", line 277, in _read_status
    line = str(self.fp.readline(_MAXLINE + 1), "iso-8859-1")
  File "/Library/Developer/CommandLineTools/Library/Frameworks/Python3.framework/Versions/3.9/lib/python3.9/socket.py", line 704, in readinto
    return self._sock.recv_into(b)
  File "/Library/Developer/CommandLineTools/Library/Frameworks/Python3.framework/Versions/3.9/lib/python3.9/ssl.py", line 1241, in recv_into
    return self.read(nbytes, buffer)
  File "/Library/Developer/CommandLineTools/Library/Frameworks/Python3.framework/Versions/3.9/lib/python3.9/ssl.py", line 1099, in read
    return self._sslobj.read(len, buffer)
ConnectionResetError: [Errno 54] Connection reset by peer
[2026-05-16T12:53:19] === IMAP bridge run (last_uid=206) ===
[2026-05-16T12:53:19] Fetching HubSpot contacts…
[2026-05-16T12:53:20]   Loaded 201 contacts
[2026-05-16T12:53:20] Connecting to Gmail IMAP…
[2026-05-16T12:53:20]   3 messages to inspect
[2026-05-16T12:53:21] === Done. Hard bounces: 0  Soft bounces: 0  Replies: 0  Calendly deals: 0  Max UID: 209 ===
[2026-05-16T12:53:21] 
[2026-05-16T12:53:19] === IMAP bridge run (last_uid=206) ===
[2026-05-16T12:53:19] Fetching HubSpot contacts…
[2026-05-16T12:53:20]   Loaded 201 contacts
[2026-05-16T12:53:20] Connecting to Gmail IMAP…
[2026-05-16T12:53:20]   3 messages to inspect
[2026-05-16T12:53:21] === Done. Hard bounces: 0  Soft bounces: 0  Replies: 0  Calendly deals: 0  Max UID: 209 ===
[2026-05-16T12:53:21] 
[2026-05-16T13:05:14] === IMAP bridge run (last_uid=209) ===
[2026-05-16T13:05:14] Fetching HubSpot contacts…
[2026-05-16T13:05:15]   Loaded 201 contacts
[2026-05-16T13:05:15] Connecting to Gmail IMAP…
[2026-05-16T13:05:16]   1 messages to inspect
[2026-05-16T13:05:16] === Done. Hard bounces: 0  Soft bounces: 0  Replies: 0  Calendly deals: 0  Max UID: 209 ===
[2026-05-16T13:05:16] 
[2026-05-16T13:05:14] === IMAP bridge run (last_uid=209) ===
[2026-05-16T13:05:14] Fetching HubSpot contacts…
[2026-05-16T13:05:15]   Loaded 201 contacts
[2026-05-16T13:05:15] Connecting to Gmail IMAP…
[2026-05-16T13:05:16]   1 messages to inspect
[2026-05-16T13:05:16] === Done. Hard bounces: 0  Soft bounces: 0  Replies: 0  Calendly deals: 0  Max UID: 209 ===
[2026-05-16T13:05:16] 
[2026-05-16T15:24:03] === IMAP bridge run (last_uid=209) ===
[2026-05-16T15:24:03] Fetching HubSpot contacts…
[2026-05-16T15:24:04]   Loaded 201 contacts
[2026-05-16T15:24:04] Connecting to Gmail IMAP…
[2026-05-16T15:24:04]   2 messages to inspect
[2026-05-16T15:24:05] === Done. Hard bounces: 0  Soft bounces: 0  Replies: 0  Calendly deals: 0  Max UID: 211 ===
[2026-05-16T15:24:05] 
[2026-05-16T15:24:03] === IMAP bridge run (last_uid=209) ===
[2026-05-16T15:24:03] Fetching HubSpot contacts…
[2026-05-16T15:24:04]   Loaded 201 contacts
[2026-05-16T15:24:04] Connecting to Gmail IMAP…
[2026-05-16T15:24:04]   2 messages to inspect
[2026-05-16T15:24:05] === Done. Hard bounces: 0  Soft bounces: 0  Replies: 0  Calendly deals: 0  Max UID: 211 ===
[2026-05-16T15:24:05] 
[2026-05-16T16:05:00] === IMAP bridge run (last_uid=211) ===
[2026-05-16T16:05:00] Fetching HubSpot contacts…
[2026-05-16T16:05:01]   Loaded 201 contacts
[2026-05-16T16:05:01] Connecting to Gmail IMAP…
[2026-05-16T16:05:02]   1 messages to inspect
[2026-05-16T16:05:02] === Done. Hard bounces: 0  Soft bounces: 0  Replies: 0  Calendly deals: 0  Max UID: 211 ===
[2026-05-16T16:05:02] 
[2026-05-16T16:05:00] === IMAP bridge run (last_uid=211) ===
[2026-05-16T16:05:00] Fetching HubSpot contacts…
[2026-05-16T16:05:01]   Loaded 201 contacts
[2026-05-16T16:05:01] Connecting to Gmail IMAP…
[2026-05-16T16:05:02]   1 messages to inspect
[2026-05-16T16:05:02] === Done. Hard bounces: 0  Soft bounces: 0  Replies: 0  Calendly deals: 0  Max UID: 211 ===
[2026-05-16T16:05:02] 
[2026-05-16T17:05:00] === IMAP bridge run (last_uid=211) ===
[2026-05-16T17:05:00] Fetching HubSpot contacts…
[2026-05-16T17:05:01]   Loaded 201 contacts
[2026-05-16T17:05:01] Connecting to Gmail IMAP…
[2026-05-16T17:05:02]   1 messages to inspect
[2026-05-16T17:05:02] === Done. Hard bounces: 0  Soft bounces: 0  Replies: 0  Calendly deals: 0  Max UID: 211 ===
[2026-05-16T17:05:02] 
[2026-05-16T17:05:00] === IMAP bridge run (last_uid=211) ===
[2026-05-16T17:05:00] Fetching HubSpot contacts…
[2026-05-16T17:05:01]   Loaded 201 contacts
[2026-05-16T17:05:01] Connecting to Gmail IMAP…
[2026-05-16T17:05:02]   1 messages to inspect
[2026-05-16T17:05:02] === Done. Hard bounces: 0  Soft bounces: 0  Replies: 0  Calendly deals: 0  Max UID: 211 ===
[2026-05-16T17:05:02] 
[2026-05-17T01:40:27] === IMAP bridge run (last_uid=211) ===
[2026-05-17T01:40:27] Fetching HubSpot contacts…
[2026-05-17T01:40:28]   Loaded 201 contacts
[2026-05-17T01:40:28] Connecting to Gmail IMAP…
[2026-05-17T01:40:28]   2 messages to inspect
[2026-05-17T01:40:29]   ⚠ SOFT BOUNCE → info@accoolair.com (contact 485550222070)  reason: There was a temporary problem delivering your message to info@accoolair.com. Gma
[2026-05-17T01:40:29] === Done. Hard bounces: 0  Soft bounces: 1  Replies: 0  Calendly deals: 0  Max UID: 213 ===
[2026-05-17T01:40:29] 
[2026-05-17T01:40:27] === IMAP bridge run (last_uid=211) ===
[2026-05-17T01:40:27] Fetching HubSpot contacts…
[2026-05-17T01:40:28]   Loaded 201 contacts
[2026-05-17T01:40:28] Connecting to Gmail IMAP…
[2026-05-17T01:40:28]   2 messages to inspect
[2026-05-17T01:40:29]   ⚠ SOFT BOUNCE → info@accoolair.com (contact 485550222070)  reason: There was a temporary problem delivering your message to info@accoolair.com. Gma
[2026-05-17T01:40:29] === Done. Hard bounces: 0  Soft bounces: 1  Replies: 0  Calendly deals: 0  Max UID: 213 ===
[2026-05-17T01:40:29] 
[2026-05-17T05:47:52] === IMAP bridge run (last_uid=213) ===
[2026-05-17T05:47:52] Fetching HubSpot contacts…
[2026-05-17T05:47:54]   Loaded 201 contacts
[2026-05-17T05:47:54] Connecting to Gmail IMAP…
[2026-05-17T05:47:54]   1 messages to inspect
[2026-05-17T05:47:54] === Done. Hard bounces: 0  Soft bounces: 0  Replies: 0  Calendly deals: 0  Max UID: 213 ===
[2026-05-17T05:47:54] 
[2026-05-17T05:47:52] === IMAP bridge run (last_uid=213) ===
[2026-05-17T05:47:52] Fetching HubSpot contacts…
[2026-05-17T05:47:54]   Loaded 201 contacts
[2026-05-17T05:47:54] Connecting to Gmail IMAP…
[2026-05-17T05:47:54]   1 messages to inspect
[2026-05-17T05:47:54] === Done. Hard bounces: 0  Soft bounces: 0  Replies: 0  Calendly deals: 0  Max UID: 213 ===
[2026-05-17T05:47:54] 
[2026-05-17T06:05:00] === IMAP bridge run (last_uid=213) ===
[2026-05-17T06:05:00] Fetching HubSpot contacts…
[2026-05-17T06:05:02]   Loaded 201 contacts
[2026-05-17T06:05:02] Connecting to Gmail IMAP…
[2026-05-17T06:05:02]   1 messages to inspect
[2026-05-17T06:05:02] === Done. Hard bounces: 0  Soft bounces: 0  Replies: 0  Calendly deals: 0  Max UID: 213 ===
[2026-05-17T06:05:02] 
[2026-05-17T06:05:00] === IMAP bridge run (last_uid=213) ===
[2026-05-17T06:05:00] Fetching HubSpot contacts…
[2026-05-17T06:05:02]   Loaded 201 contacts
[2026-05-17T06:05:02] Connecting to Gmail IMAP…
[2026-05-17T06:05:02]   1 messages to inspect
[2026-05-17T06:05:02] === Done. Hard bounces: 0  Soft bounces: 0  Replies: 0  Calendly deals: 0  Max UID: 213 ===
[2026-05-17T06:05:02] 
[2026-05-17T07:05:01] === IMAP bridge run (last_uid=213) ===
[2026-05-17T07:05:01] Fetching HubSpot contacts…
[2026-05-17T07:05:02]   Loaded 201 contacts
[2026-05-17T07:05:02] Connecting to Gmail IMAP…
[2026-05-17T07:05:02]   1 messages to inspect
[2026-05-17T07:05:02] === Done. Hard bounces: 0  Soft bounces: 0  Replies: 0  Calendly deals: 0  Max UID: 213 ===
[2026-05-17T07:05:02] 
[2026-05-17T07:05:01] === IMAP bridge run (last_uid=213) ===
[2026-05-17T07:05:01] Fetching HubSpot contacts…
[2026-05-17T07:05:02]   Loaded 201 contacts
[2026-05-17T07:05:02] Connecting to Gmail IMAP…
[2026-05-17T07:05:02]   1 messages to inspect
[2026-05-17T07:05:02] === Done. Hard bounces: 0  Soft bounces: 0  Replies: 0  Calendly deals: 0  Max UID: 213 ===
[2026-05-17T07:05:02] 
[2026-05-17T08:05:00] === IMAP bridge run (last_uid=213) ===
[2026-05-17T08:05:00] Fetching HubSpot contacts…
[2026-05-17T08:05:01]   Loaded 201 contacts
[2026-05-17T08:05:01] Connecting to Gmail IMAP…
[2026-05-17T08:05:02]   1 messages to inspect
[2026-05-17T08:05:02] === Done. Hard bounces: 0  Soft bounces: 0  Replies: 0  Calendly deals: 0  Max UID: 213 ===
[2026-05-17T08:05:02] 
[2026-05-17T08:05:00] === IMAP bridge run (last_uid=213) ===
[2026-05-17T08:05:00] Fetching HubSpot contacts…
[2026-05-17T08:05:01]   Loaded 201 contacts
[2026-05-17T08:05:01] Connecting to Gmail IMAP…
[2026-05-17T08:05:02]   1 messages to inspect
[2026-05-17T08:05:02] === Done. Hard bounces: 0  Soft bounces: 0  Replies: 0  Calendly deals: 0  Max UID: 213 ===
[2026-05-17T08:05:02] 
[2026-05-17T09:44:00] === IMAP bridge run (last_uid=213) ===
[2026-05-17T09:44:00] Fetching HubSpot contacts…
[2026-05-17T09:44:02]   Loaded 201 contacts
[2026-05-17T09:44:02] Connecting to Gmail IMAP…
[2026-05-17T09:44:02]   1 messages to inspect
[2026-05-17T09:44:02] === Done. Hard bounces: 0  Soft bounces: 0  Replies: 0  Calendly deals: 0  Max UID: 213 ===
[2026-05-17T09:44:02] 
[2026-05-17T09:44:00] === IMAP bridge run (last_uid=213) ===
[2026-05-17T09:44:00] Fetching HubSpot contacts…
[2026-05-17T09:44:02]   Loaded 201 contacts
[2026-05-17T09:44:02] Connecting to Gmail IMAP…
[2026-05-17T09:44:02]   1 messages to inspect
[2026-05-17T09:44:02] === Done. Hard bounces: 0  Soft bounces: 0  Replies: 0  Calendly deals: 0  Max UID: 213 ===
[2026-05-17T09:44:02] 
[2026-05-17T10:05:01] === IMAP bridge run (last_uid=213) ===
[2026-05-17T10:05:01] Fetching HubSpot contacts…
[2026-05-17T10:05:02]   Loaded 201 contacts
[2026-05-17T10:05:02] Connecting to Gmail IMAP…
[2026-05-17T10:05:02]   1 messages to inspect
[2026-05-17T10:05:02] === Done. Hard bounces: 0  Soft bounces: 0  Replies: 0  Calendly deals: 0  Max UID: 213 ===
[2026-05-17T10:05:02] 
[2026-05-17T10:05:01] === IMAP bridge run (last_uid=213) ===
[2026-05-17T10:05:01] Fetching HubSpot contacts…
[2026-05-17T10:05:02]   Loaded 201 contacts
[2026-05-17T10:05:02] Connecting to Gmail IMAP…
[2026-05-17T10:05:02]   1 messages to inspect
[2026-05-17T10:05:02] === Done. Hard bounces: 0  Soft bounces: 0  Replies: 0  Calendly deals: 0  Max UID: 213 ===
[2026-05-17T10:05:02] 
[2026-05-17T11:05:00] === IMAP bridge run (last_uid=213) ===
[2026-05-17T11:05:00] Fetching HubSpot contacts…
[2026-05-17T11:05:01]   Loaded 201 contacts
[2026-05-17T11:05:01] Connecting to Gmail IMAP…
[2026-05-17T11:05:02]   1 messages to inspect
[2026-05-17T11:05:02] === Done. Hard bounces: 0  Soft bounces: 0  Replies: 0  Calendly deals: 0  Max UID: 213 ===
[2026-05-17T11:05:02] 
[2026-05-17T11:05:00] === IMAP bridge run (last_uid=213) ===
[2026-05-17T11:05:00] Fetching HubSpot contacts…
[2026-05-17T11:05:01]   Loaded 201 contacts
[2026-05-17T11:05:01] Connecting to Gmail IMAP…
[2026-05-17T11:05:02]   1 messages to inspect
[2026-05-17T11:05:02] === Done. Hard bounces: 0  Soft bounces: 0  Replies: 0  Calendly deals: 0  Max UID: 213 ===
[2026-05-17T11:05:02] 
[2026-05-17T12:39:45] === IMAP bridge run (last_uid=213) ===
[2026-05-17T12:39:45] Fetching HubSpot contacts…
[2026-05-17T12:39:46]   Loaded 201 contacts
[2026-05-17T12:39:46] Connecting to Gmail IMAP…
[2026-05-17T12:39:46]   1 messages to inspect
[2026-05-17T12:39:47] === Done. Hard bounces: 0  Soft bounces: 0  Replies: 0  Calendly deals: 0  Max UID: 214 ===
[2026-05-17T12:39:47] 
[2026-05-17T12:39:45] === IMAP bridge run (last_uid=213) ===
[2026-05-17T12:39:45] Fetching HubSpot contacts…
[2026-05-17T12:39:46]   Loaded 201 contacts
[2026-05-17T12:39:46] Connecting to Gmail IMAP…
[2026-05-17T12:39:46]   1 messages to inspect
[2026-05-17T12:39:47] === Done. Hard bounces: 0  Soft bounces: 0  Replies: 0  Calendly deals: 0  Max UID: 214 ===
[2026-05-17T12:39:47] 
[2026-05-17T13:05:01] === IMAP bridge run (last_uid=214) ===
[2026-05-17T13:05:01] Fetching HubSpot contacts…
[2026-05-17T13:05:02]   Loaded 201 contacts
[2026-05-17T13:05:02] Connecting to Gmail IMAP…
[2026-05-17T13:05:02]   1 messages to inspect
[2026-05-17T13:05:02] === Done. Hard bounces: 0  Soft bounces: 0  Replies: 0  Calendly deals: 0  Max UID: 214 ===
[2026-05-17T13:05:02] 
[2026-05-17T13:05:01] === IMAP bridge run (last_uid=214) ===
[2026-05-17T13:05:01] Fetching HubSpot contacts…
[2026-05-17T13:05:02]   Loaded 201 contacts
[2026-05-17T13:05:02] Connecting to Gmail IMAP…
[2026-05-17T13:05:02]   1 messages to inspect
[2026-05-17T13:05:02] === Done. Hard bounces: 0  Soft bounces: 0  Replies: 0  Calendly deals: 0  Max UID: 214 ===
[2026-05-17T13:05:02] 
[2026-05-17T14:05:00] === IMAP bridge run (last_uid=214) ===
[2026-05-17T14:05:00] Fetching HubSpot contacts…
[2026-05-17T14:05:01]   Loaded 201 contacts
[2026-05-17T14:05:01] Connecting to Gmail IMAP…
[2026-05-17T14:05:02]   1 messages to inspect
[2026-05-17T14:05:02] === Done. Hard bounces: 0  Soft bounces: 0  Replies: 0  Calendly deals: 0  Max UID: 214 ===
[2026-05-17T14:05:02] 
[2026-05-17T14:05:00] === IMAP bridge run (last_uid=214) ===
[2026-05-17T14:05:00] Fetching HubSpot contacts…
[2026-05-17T14:05:01]   Loaded 201 contacts
[2026-05-17T14:05:01] Connecting to Gmail IMAP…
[2026-05-17T14:05:02]   1 messages to inspect
[2026-05-17T14:05:02] === Done. Hard bounces: 0  Soft bounces: 0  Replies: 0  Calendly deals: 0  Max UID: 214 ===
[2026-05-17T14:05:02] 
[2026-05-17T15:05:00] === IMAP bridge run (last_uid=214) ===
[2026-05-17T15:05:00] Fetching HubSpot contacts…
[2026-05-17T15:05:01]   Loaded 201 contacts
[2026-05-17T15:05:01] Connecting to Gmail IMAP…
[2026-05-17T15:05:02]   1 messages to inspect
[2026-05-17T15:05:02] === Done. Hard bounces: 0  Soft bounces: 0  Replies: 0  Calendly deals: 0  Max UID: 214 ===
[2026-05-17T15:05:02] 
[2026-05-17T15:05:00] === IMAP bridge run (last_uid=214) ===
[2026-05-17T15:05:00] Fetching HubSpot contacts…
[2026-05-17T15:05:01]   Loaded 201 contacts
[2026-05-17T15:05:01] Connecting to Gmail IMAP…
[2026-05-17T15:05:02]   1 messages to inspect
[2026-05-17T15:05:02] === Done. Hard bounces: 0  Soft bounces: 0  Replies: 0  Calendly deals: 0  Max UID: 214 ===
[2026-05-17T15:05:02] 
