[2026-05-04 17:38] === Daily brief send start: 2026-05-04 ===
[2026-05-04 17:38] ERROR: No HubSpot list IDs found in config. Run setup-hubspot-lists.py first.
[2026-05-04 17:38] === Daily brief send start: 2026-05-04 ===
[2026-05-04 17:38] Loaded 3 subscriber lists: HUBSPOT_LIST_HOMEOWNERS, HUBSPOT_LIST_SERVICE_PROVIDERS, HUBSPOT_LIST_RE_PROFESSIONALS
[2026-05-04 17:38] Loaded brief HTML for 2026-05-04
[2026-05-04 17:38] Creating HubSpot marketing email...
[2026-05-04 17:38] Email created: ID 341088492220
[2026-05-04 17:38] Sending email to subscriber lists...
[2026-05-04 17:38] ERROR: Failed to send email: 404 {"raw": "<html>\n<head>\n<meta http-equiv=\"Content-Type\" content=\"text/html;charset=utf-8\"/>\n<title>Error 404 Not Found</title>\n</head>\n<body><h2>HTTP ERROR 404</h2>\n<p>Resource not found</p>\n</body>\n</html>\n"}
[2026-05-04 17:39] === Daily brief send start: 2026-05-04 ===
[2026-05-04 17:39] Loaded 3 subscriber lists: HUBSPOT_LIST_HOMEOWNERS, HUBSPOT_LIST_SERVICE_PROVIDERS, HUBSPOT_LIST_RE_PROFESSIONALS
[2026-05-04 17:39] Loaded brief HTML for 2026-05-04
[2026-05-04 17:39] Creating HubSpot marketing email...
[2026-05-04 17:39] ERROR: Failed to create email: 400 {"correlationId": "019df4ee-d04f-7ea6-830e-e0d2e9338783", "message": "Invalid input JSON on line 1, column 12070: Cannot deserialize value of type `java.lang.String` from Object value (token `JsonToken.START_OBJECT`)", "status": "error"}
[2026-05-04 17:39] === Daily brief send start: 2026-05-04 ===
[2026-05-04 17:39] Loaded 3 subscriber lists: HUBSPOT_LIST_HOMEOWNERS, HUBSPOT_LIST_SERVICE_PROVIDERS, HUBSPOT_LIST_RE_PROFESSIONALS
[2026-05-04 17:39] Loaded brief HTML for 2026-05-04
[2026-05-04 17:39] Creating HubSpot marketing email...
[2026-05-04 17:39] ERROR: Failed to create email: 400 {"correlationId": "019df4ee-fe02-75dd-b060-eb9c2aff8785", "message": "Invalid input JSON on line 1, column 12068: Cannot deserialize value of type `java.lang.String` from Object value (token `JsonToken.START_OBJECT`)", "status": "error"}
[2026-05-04 18:00] === Daily brief send start: 2026-05-04 ===
[2026-05-04 18:00] Loaded brief for 2026-05-04
[2026-05-04 18:00] Fetched 0 subscribers from HubSpot lists
[2026-05-04 18:00] No subscribers yet — skipping send. Will retry tomorrow.
[2026-05-04 18:01] === Daily brief send start: 2026-05-04 ===
[2026-05-04 18:01] Loaded brief for 2026-05-04
[2026-05-04 18:01] Fetched 0 subscribers from HubSpot lists
[2026-05-04 18:01] No subscribers yet — skipping send. Will retry tomorrow.
[2026-05-05 09:00] === Daily brief send start: 2026-05-05 ===
[2026-05-05 09:00] Loaded brief for 2026-05-05
[2026-05-05 09:00] Fetched 0 subscribers from HubSpot lists
[2026-05-05 09:00] No subscribers yet — skipping send. Will retry tomorrow.
[2026-05-05 09:00] SUCCESS: Daily brief send executed. 0 subscribers — send skipped (waiting for subscriber list population).
[2026-05-06 08:36] === Daily brief send start: 2026-05-06 ===
[2026-05-06 08:36] Loaded brief for 2026-05-06
[2026-05-06 08:36] Fetched 0 subscribers from HubSpot lists
[2026-05-06 08:36] No subscribers yet — skipping send. Will retry tomorrow.
[2026-05-06 08:42] === Daily brief send start: 2026-05-06 ===
[2026-05-06 08:42] Loaded brief for 2026-05-06
[2026-05-06 08:42] Fetched 3 subscribers from HubSpot lists
[2026-05-06 08:42] Sending to 3 subscribers via Gmail SMTP...
[2026-05-06 08:42] Sent: 3 | Failed: 0
[2026-05-06 08:42] === Done ===
[2026-05-06 09:00] === Daily brief send start: 2026-05-06 ===
[2026-05-06 09:00] Loaded brief for 2026-05-06
[2026-05-06 09:00] Fetched 3 subscribers from HubSpot lists
[2026-05-06 09:00] Sending to 3 subscribers via Gmail SMTP...
[2026-05-06 09:00] Sent: 3 | Failed: 0
[2026-05-06 09:00] === Done ===
[2026-05-06 09:00] ✓ Newsletter sent to 3 subscribers | Failed: 0
[2026-05-06 13:05] === Daily brief send start: 2026-05-06 ===
[2026-05-06 13:05]   [homeowner] 3 subscribers in list 18
[2026-05-06 13:05]   [homeowner] Sent: 3 | Failed: 0
[2026-05-06 13:05]   [service-provider] 1 subscribers in list 19
[2026-05-06 13:05]   [service-provider] Sent: 1 | Failed: 0
[2026-05-06 13:05]   [real-estate] 0 subscribers in list 20
[2026-05-06 13:05]   [real-estate] No subscribers — skipping
[2026-05-06 13:05] === Done — total sent: 4 | total failed: 0 ===
[2026-05-07 09:00] === Daily brief send start: 2026-05-07 ===
[2026-05-07 09:00]   [homeowner] No brief found for 2026-05-07 — skipping segment
[2026-05-07 09:00]   [service-provider] No brief found for 2026-05-07 — skipping segment
[2026-05-07 09:00]   [real-estate] No brief found for 2026-05-07 — skipping segment
[2026-05-07 09:00] === Done — total sent: 0 | total failed: 0 ===
[2026-05-07 09:00] ✓ SUCCESS — Script executed without errors. No briefs available for 2026-05-07; send skipped.
[2026-05-07 15:20] === Daily brief send start: 2026-05-07 ===
[2026-05-07 15:20]   [homeowner] Using fallback generic brief
[2026-05-07 15:20]   [homeowner] 3 subscribers in list 18
[2026-05-07 15:20]   [homeowner] Sent: 3 | Failed: 0
[2026-05-07 15:20]   [service-provider] Using fallback generic brief
[2026-05-07 15:20]   [service-provider] 1 subscribers in list 19
[2026-05-07 15:20]   [service-provider] Sent: 1 | Failed: 0
[2026-05-07 15:20]   [real-estate] Using fallback generic brief
[2026-05-07 15:20]   [real-estate] 0 subscribers in list 20
[2026-05-07 15:20]   [real-estate] No subscribers — skipping
[2026-05-07 15:20] === Done — total sent: 4 | total failed: 0 ===
[2026-05-07 15:23] === Daily brief send start: 2026-05-07 ===
[2026-05-07 15:23]   [homeowner] Using fallback generic brief
[2026-05-07 15:23]   [homeowner] 3 subscribers in list 18
[2026-05-07 15:23]   [homeowner] Sent: 3 | Failed: 0
[2026-05-07 15:23]   [service-provider] Using fallback generic brief
[2026-05-07 15:23]   [service-provider] 1 subscribers in list 19
[2026-05-07 15:24]   [service-provider] Sent: 1 | Failed: 0
[2026-05-07 15:24]   [real-estate] Using fallback generic brief
[2026-05-07 15:24]   [real-estate] 0 subscribers in list 20
[2026-05-07 15:24]   [real-estate] No subscribers — skipping
[2026-05-07 15:24] === Done — total sent: 4 | total failed: 0 ===
[2026-05-07 15:23] === Daily brief send start: 2026-05-07 ===
[2026-05-07 15:23]   [homeowner] Using fallback generic brief
[2026-05-07 15:23]   [homeowner] 3 subscribers in list 18
[2026-05-07 15:23]   [homeowner] Sent: 3 | Failed: 0
[2026-05-07 15:23]   [service-provider] Using fallback generic brief
[2026-05-07 15:23]   [service-provider] 1 subscribers in list 19
[2026-05-07 15:24]   [service-provider] Sent: 1 | Failed: 0
[2026-05-07 15:24]   [real-estate] Using fallback generic brief
[2026-05-07 15:24]   [real-estate] 0 subscribers in list 20
[2026-05-07 15:24]   [real-estate] No subscribers — skipping
[2026-05-07 15:24] === Done — total sent: 4 | total failed: 0 ===
[2026-05-08 09:00] === Daily brief send start: 2026-05-08 ===
[2026-05-08 09:00]   [homeowner] Using fallback generic brief
[2026-05-08 09:00]   [homeowner] 3 subscribers in list 18
[2026-05-08 09:00]   [homeowner] Sent: 3 | Failed: 0
[2026-05-08 09:00]   [service-provider] Using fallback generic brief
[2026-05-08 09:00]   [service-provider] 1 subscribers in list 19
[2026-05-08 09:00]   [service-provider] Sent: 1 | Failed: 0
[2026-05-08 09:00]   [real-estate] Using fallback generic brief
[2026-05-08 09:00]   [real-estate] 0 subscribers in list 20
[2026-05-08 09:00]   [real-estate] No subscribers — skipping
[2026-05-08 09:00] === Done — total sent: 4 | total failed: 0 ===
[2026-05-08 09:00] ✓ Daily newsletter sent successfully — 4 total (homeowner:3, provider:1, re:0)
[2026-05-09 09:02] === Daily brief send start: 2026-05-09 ===
[2026-05-09 09:02] FAILED - Gmail App Password not found in config. Newsletter send did not complete.
[2026-05-11 06:32] === Daily brief send start: 2026-05-11 ===
[2026-05-11 06:32] === Daily brief send start: 2026-05-11 ===
ERROR: Gmail App Password not found in config.
[2026-05-11 06:47] === Daily brief send start: 2026-05-11 ===
[2026-05-11 06:47] === Daily brief send start: 2026-05-11 ===
ERROR: Gmail App Password not found in config.
[2026-05-11 07:03] === Daily brief send start: 2026-05-11 ===
[2026-05-11 07:03] === Daily brief send start: 2026-05-11 ===
ERROR: Gmail App Password not found in config.
[2026-05-11 07:18] === Daily brief send start: 2026-05-11 ===
[2026-05-11 07:18] === Daily brief send start: 2026-05-11 ===
ERROR: Gmail App Password not found in config.
[2026-05-11 07:34] === Daily brief send start: 2026-05-11 ===
[2026-05-11 07:34] === Daily brief send start: 2026-05-11 ===
ERROR: Gmail App Password not found in config.
[2026-05-11 07:49] === Daily brief send start: 2026-05-11 ===
[2026-05-11 07:49] === Daily brief send start: 2026-05-11 ===
ERROR: Gmail App Password not found in config.
[2026-05-11 08:04] === Daily brief send start: 2026-05-11 ===
[2026-05-11 08:04] === Daily brief send start: 2026-05-11 ===
ERROR: Gmail App Password not found in config.
[2026-05-11 08:20] === Daily brief send start: 2026-05-11 ===
[2026-05-11 08:20] === Daily brief send start: 2026-05-11 ===
ERROR: Gmail App Password not found in config.
[2026-05-11 11:03] === Daily brief send start: 2026-05-11 ===
[2026-05-11 11:03] FAILED: Gmail App Password not found in config — script cannot authenticate with Gmail.
[2026-05-11 11:43] === Daily brief send start: 2026-05-11 ===
[2026-05-11 11:43] === Daily brief send start: 2026-05-11 ===
ERROR: Gmail App Password not found in config.
[2026-05-11 11:58] === Daily brief send start: 2026-05-11 ===
[2026-05-11 11:58] === Daily brief send start: 2026-05-11 ===
ERROR: Gmail App Password not found in config.
[2026-05-11 12:26] === Daily brief send start: 2026-05-11 ===
[2026-05-11 12:26] === Daily brief send start: 2026-05-11 ===
ERROR: Gmail App Password not found in config.
[2026-05-11 12:42] === Daily brief send start: 2026-05-11 ===
[2026-05-11 12:42] === Daily brief send start: 2026-05-11 ===
ERROR: Gmail App Password not found in config.
[2026-05-11 13:24] === Daily brief send start: 2026-05-11 ===
[2026-05-11 13:24] === Daily brief send start: 2026-05-11 ===
ERROR: Gmail App Password not found in config.
[2026-05-11 15:40] === Daily brief send start: 2026-05-11 ===
[2026-05-11 15:40] === Daily brief send start: 2026-05-11 ===
ERROR: Gmail App Password not found in config.
[2026-05-11 18:19] === Daily brief send start: 2026-05-11 ===
[2026-05-11 18:19] === Daily brief send start: 2026-05-11 ===
ERROR: Gmail App Password not found in config.
[2026-05-11 18:35] === Daily brief send start: 2026-05-11 ===
[2026-05-11 18:35] === Daily brief send start: 2026-05-11 ===
ERROR: Gmail App Password not found in config.
[2026-05-11 18:49] === Daily brief send start: 2026-05-11 ===
[2026-05-11 18:50] === Daily brief send start: 2026-05-11 ===
[2026-05-11 18:50] === Daily brief send start: 2026-05-11 ===
ERROR: HUBSPOT_API_KEY not set and fallback not found.
[2026-05-11 18:52] === Daily brief send start: 2026-05-11 ===
[2026-05-11 18:52]   [homeowner] Using fallback generic brief
[2026-05-11 18:52]   [homeowner] 3 subscribers in list 18
[2026-05-11 18:52]   [homeowner] Sent: 3 | Failed: 0
[2026-05-11 18:52]   [service-provider] Using fallback generic brief
[2026-05-11 18:52]   [service-provider] 1 subscribers in list 19
[2026-05-11 18:52]   [service-provider] Sent: 1 | Failed: 0
[2026-05-11 18:52]   [real-estate] Using fallback generic brief
[2026-05-11 18:52]   [real-estate] 0 subscribers in list 20
[2026-05-11 18:52]   [real-estate] No subscribers — skipping
[2026-05-11 18:52] === Done — total sent: 4 | total failed: 0 ===
[2026-05-11 19:05] === Daily brief send start: 2026-05-11 ===
[2026-05-11 19:05] === Daily brief send start: 2026-05-11 ===
ERROR: HUBSPOT_API_KEY not set and fallback not found.
[2026-05-11 20:07] === Daily brief send start: 2026-05-11 ===
[2026-05-11 20:07] === Daily brief send start: 2026-05-11 ===
ERROR: HUBSPOT_API_KEY not set and fallback not found.
