[2026-05-08 15:00] === Outreach batch 4 start (2026-05-08) ===
[2026-05-08 15:00] Building today's send queue...
[2026-05-08 15:00] Queue built: 25 contacts for today
[2026-05-08 15:00] Sending 6 emails (batch 4, slots 19–24)...
[2026-05-08 15:00]   ✓ Sent: Owner @ House Call Construction - Remodeling Custom Kitchens and Baths <info@www.housecallllc.com>
[2026-05-08 15:00]   ✓ Sent: Owner @ TXB Roofing <info@txbroof.com>
[2026-05-08 15:00]   ✓ Sent: Owner @ Castle Group <info@www.castlegroup.com>
[2026-05-08 15:00]   ✓ Sent: Owner @ All Insurance Restoration <info@airs911.com>
[2026-05-08 15:00]   ✓ Sent: Owner @ Coastal Roofing of South Florida <office@coastalroofingofsouthflorida.com>
[2026-05-08 15:01]   ✓ Sent: Owner @ Neal Roofing & Waterproofing <info@nealrfg.com>
[2026-05-08 15:01] Batch 4 done — sent: 6, errors: 0
[2026-05-08 15:01] === Batch 4 complete ===
[2026-05-08 15:00] === Outreach batch 4 start (2026-05-08) ===
[2026-05-08 15:00] Building today's send queue...
[2026-05-08 15:00] Queue built: 25 contacts for today
[2026-05-08 15:00] Sending 6 emails (batch 4, slots 19–24)...
[2026-05-08 15:00]   ✓ Sent: Owner @ House Call Construction - Remodeling Custom Kitchens and Baths <info@www.housecallllc.com>
[2026-05-08 15:00]   ✓ Sent: Owner @ TXB Roofing <info@txbroof.com>
[2026-05-08 15:00]   ✓ Sent: Owner @ Castle Group <info@www.castlegroup.com>
[2026-05-08 15:00]   ✓ Sent: Owner @ All Insurance Restoration <info@airs911.com>
[2026-05-08 15:00]   ✓ Sent: Owner @ Coastal Roofing of South Florida <office@coastalroofingofsouthflorida.com>
[2026-05-08 15:01]   ✓ Sent: Owner @ Neal Roofing & Waterproofing <info@nealrfg.com>
[2026-05-08 15:01] Batch 4 done — sent: 6, errors: 0
[2026-05-08 15:01] === Batch 4 complete ===
ERROR: Gmail App Password not found in config.
ERROR: Gmail App Password not found in config.
